<?xml version="1.0" encoding="UTF-8"?>
<!-- Generated by org.testng.reporters.JUnitXMLReporter -->
<testsuite hostname="DESKTOP-GHD7SM5" ignored="0" name="Test2" tests="2" failures="0" timestamp="28 Dec 2024 02:01:27 GMT" time="7.716" errors="0">
  <testcase name="@AfterTest CloseBrowser" time="0.004" classname="TestNG.BeforeTestAfterTest">
    <failure type="java.lang.StackOverflowError">
      <![CDATA[java.lang.StackOverflowError
at TestNG.BeforeTestAfterTest.CloseBrowser(BeforeTestAfterTest.java:40)
at TestNG.BeforeTestAfterTest.CloseBrowser(BeforeTestAfterTest.java:40)
at TestNG.BeforeTestAfterTest.CloseBrowser(BeforeTestAfterTest.java:40)
at TestNG.BeforeTestAfterTest.CloseBrowser(BeforeTestAfterTest.java:40)
at TestNG.BeforeTestAfterTest.CloseBrowser(BeforeTestAfterTest.java:40)
at TestNG.BeforeTestAfterTest.CloseBrowser(BeforeTestAfterTest.java:40)
at TestNG.BeforeTestAfterTest.CloseBrowser(BeforeTestAfterTest.java:40)
at TestNG.BeforeTestAfterTest.CloseBrowser(BeforeTestAfterTest.java:40)
at TestNG.BeforeTestAfterTest.CloseBrowser(BeforeTestAfterTest.java:40)
at TestNG.BeforeTestAfterTest.CloseBrowser(BeforeTestAfterTest.java:40)
at TestNG.BeforeTestAfterTest.CloseBrowser(BeforeTestAfterTest.java:40)
at TestNG.BeforeTestAfterTest.CloseBrowser(BeforeTestAfterTest.java:40)
at TestNG.BeforeTestAfterTest.CloseBrowser(BeforeTestAfterTest.java:40)
at TestNG.BeforeTestAfterTest.CloseBrowser(BeforeTestAfterTest.java:40)
at TestNG.BeforeTestAfterTest.CloseBrowser(BeforeTestAfterTest.java:40)
at TestNG.BeforeTestAfterTest.CloseBrowser(BeforeTestAfterTest.java:40)
at TestNG.BeforeTestAfterTest.CloseBrowser(BeforeTestAfterTest.java:40)
at TestNG.BeforeTestAfterTest.CloseBrowser(BeforeTestAfterTest.java:40)
at TestNG.BeforeTestAfterTest.CloseBrowser(BeforeTestAfterTest.java:40)
at TestNG.BeforeTestAfterTest.CloseBrowser(BeforeTestAfterTest.java:40)
at TestNG.BeforeTestAfterTest.CloseBrowser(BeforeTestAfterTest.java:40)
at TestNG.BeforeTestAfterTest.CloseBrowser(BeforeTestAfterTest.java:40)
at TestNG.BeforeTestAfterTest.CloseBrowser(BeforeTestAfterTest.java:40)
at TestNG.BeforeTestAfterTest.CloseBrowser(BeforeTestAfterTest.java:40)
at TestNG.BeforeTestAfterTest.CloseBrowser(BeforeTestAfterTest.java:40)
at TestNG.BeforeTestAfterTest.CloseBrowser(BeforeTestAfterTest.java:40)
at TestNG.BeforeTestAfterTest.CloseBrowser(BeforeTestAfterTest.java:40)
at TestNG.BeforeTestAfterTest.CloseBrowser(BeforeTestAfterTest.java:40)
at TestNG.BeforeTestAfterTest.CloseBrowser(BeforeTestAfterTest.java:40)
at TestNG.BeforeTestAfterTest.CloseBrowser(BeforeTestAfterTest.java:40)
at TestNG.BeforeTestAfterTest.CloseBrowser(BeforeTestAfterTest.java:40)
at TestNG.BeforeTestAfterTest.CloseBrowser(BeforeTestAfterTest.java:40)
at TestNG.BeforeTestAfterTest.CloseBrowser(BeforeTestAfterTest.java:40)
at TestNG.BeforeTestAfterTest.CloseBrowser(BeforeTestAfterTest.java:40)
at TestNG.BeforeTestAfterTest.CloseBrowser(BeforeTestAfterTest.java:40)
at TestNG.BeforeTestAfterTest.CloseBrowser(BeforeTestAfterTest.java:40)
at TestNG.BeforeTestAfterTest.CloseBrowser(BeforeTestAfterTest.java:40)
at TestNG.BeforeTestAfterTest.CloseBrowser(BeforeTestAfterTest.java:40)
at TestNG.BeforeTestAfterTest.CloseBrowser(BeforeTestAfterTest.java:40)
at TestNG.BeforeTestAfterTest.CloseBrowser(BeforeTestAfterTest.java:40)
at TestNG.BeforeTestAfterTest.CloseBrowser(BeforeTestAfterTest.java:40)
at TestNG.BeforeTestAfterTest.CloseBrowser(BeforeTestAfterTest.java:40)
at TestNG.BeforeTestAfterTest.CloseBrowser(BeforeTestAfterTest.java:40)
at TestNG.BeforeTestAfterTest.CloseBrowser(BeforeTestAfterTest.java:40)
at TestNG.BeforeTestAfterTest.CloseBrowser(BeforeTestAfterTest.java:40)
at TestNG.BeforeTestAfterTest.CloseBrowser(BeforeTestAfterTest.java:40)
at TestNG.BeforeTestAfterTest.CloseBrowser(BeforeTestAfterTest.java:40)
at TestNG.BeforeTestAfterTest.CloseBrowser(BeforeTestAfterTest.java:40)
at TestNG.BeforeTestAfterTest.CloseBrowser(BeforeTestAfterTest.java:40)
at TestNG.BeforeTestAfterTest.CloseBrowser(BeforeTestAfterTest.java:40)
at TestNG.BeforeTestAfterTest.CloseBrowser(BeforeTestAfterTest.java:40)
at TestNG.BeforeTestAfterTest.CloseBrowser(BeforeTestAfterTest.java:40)
at TestNG.BeforeTestAfterTest.CloseBrowser(BeforeTestAfterTest.java:40)
at TestNG.BeforeTestAfterTest.CloseBrowser(BeforeTestAfterTest.java:40)
at TestNG.BeforeTestAfterTest.CloseBrowser(BeforeTestAfterTest.java:40)
at TestNG.BeforeTestAfterTest.CloseBrowser(BeforeTestAfterTest.java:40)
at TestNG.BeforeTestAfterTest.CloseBrowser(BeforeTestAfterTest.java:40)
at TestNG.BeforeTestAfterTest.CloseBrowser(BeforeTestAfterTest.java:40)
at TestNG.BeforeTestAfterTest.CloseBrowser(BeforeTestAfterTest.java:40)
at TestNG.BeforeTestAfterTest.CloseBrowser(BeforeTestAfterTest.java:40)
at TestNG.BeforeTestAfterTest.CloseBrowser(BeforeTestAfterTest.java:40)
at TestNG.BeforeTestAfterTest.CloseBrowser(BeforeTestAfterTest.java:40)
at TestNG.BeforeTestAfterTest.CloseBrowser(BeforeTestAfterTest.java:40)
at TestNG.BeforeTestAfterTest.CloseBrowser(BeforeTestAfterTest.java:40)
at TestNG.BeforeTestAfterTest.CloseBrowser(BeforeTestAfterTest.java:40)
at TestNG.BeforeTestAfterTest.CloseBrowser(BeforeTestAfterTest.java:40)
at TestNG.BeforeTestAfterTest.CloseBrowser(BeforeTestAfterTest.java:40)
at TestNG.BeforeTestAfterTest.CloseBrowser(BeforeTestAfterTest.java:40)
at TestNG.BeforeTestAfterTest.CloseBrowser(BeforeTestAfterTest.java:40)
at TestNG.BeforeTestAfterTest.CloseBrowser(BeforeTestAfterTest.java:40)
at TestNG.BeforeTestAfterTest.CloseBrowser(BeforeTestAfterTest.java:40)
at TestNG.BeforeTestAfterTest.CloseBrowser(BeforeTestAfterTest.java:40)
at TestNG.BeforeTestAfterTest.CloseBrowser(BeforeTestAfterTest.java:40)
at TestNG.BeforeTestAfterTest.CloseBrowser(BeforeTestAfterTest.java:40)
at TestNG.BeforeTestAfterTest.CloseBrowser(BeforeTestAfterTest.java:40)
at TestNG.BeforeTestAfterTest.CloseBrowser(BeforeTestAfterTest.java:40)
at TestNG.BeforeTestAfterTest.CloseBrowser(BeforeTestAfterTest.java:40)
at TestNG.BeforeTestAfterTest.CloseBrowser(BeforeTestAfterTest.java:40)
at TestNG.BeforeTestAfterTest.CloseBrowser(BeforeTestAfterTest.java:40)
at TestNG.BeforeTestAfterTest.CloseBrowser(BeforeTestAfterTest.java:40)
at TestNG.BeforeTestAfterTest.CloseBrowser(BeforeTestAfterTest.java:40)
at TestNG.BeforeTestAfterTest.CloseBrowser(BeforeTestAfterTest.java:40)
at TestNG.BeforeTestAfterTest.CloseBrowser(BeforeTestAfterTest.java:40)
at TestNG.BeforeTestAfterTest.CloseBrowser(BeforeTestAfterTest.java:40)
at TestNG.BeforeTestAfterTest.CloseBrowser(BeforeTestAfterTest.java:40)
at TestNG.BeforeTestAfterTest.CloseBrowser(BeforeTestAfterTest.java:40)
at TestNG.BeforeTestAfterTest.CloseBrowser(BeforeTestAfterTest.java:40)
at TestNG.BeforeTestAfterTest.CloseBrowser(BeforeTestAfterTest.java:40)
at TestNG.BeforeTestAfterTest.CloseBrowser(BeforeTestAfterTest.java:40)
at TestNG.BeforeTestAfterTest.CloseBrowser(BeforeTestAfterTest.java:40)
at TestNG.BeforeTestAfterTest.CloseBrowser(BeforeTestAfterTest.java:40)
at TestNG.BeforeTestAfterTest.CloseBrowser(BeforeTestAfterTest.java:40)
at TestNG.BeforeTestAfterTest.CloseBrowser(BeforeTestAfterTest.java:40)
at TestNG.BeforeTestAfterTest.CloseBrowser(BeforeTestAfterTest.java:40)
at TestNG.BeforeTestAfterTest.CloseBrowser(BeforeTestAfterTest.java:40)
at TestNG.BeforeTestAfterTest.CloseBrowser(BeforeTestAfterTest.java:40)
at TestNG.BeforeTestAfterTest.CloseBrowser(BeforeTestAfterTest.java:40)
at TestNG.BeforeTestAfterTest.CloseBrowser(BeforeTestAfterTest.java:40)
at TestNG.BeforeTestAfterTest.CloseBrowser(BeforeTestAfterTest.java:40)
at TestNG.BeforeTestAfterTest.CloseBrowser(BeforeTestAfterTest.java:40)
at TestNG.BeforeTestAfterTest.CloseBrowser(BeforeTestAfterTest.java:40)
at TestNG.BeforeTestAfterTest.CloseBrowser(BeforeTestAfterTest.java:40)
at TestNG.BeforeTestAfterTest.CloseBrowser(BeforeTestAfterTest.java:40)
at TestNG.BeforeTestAfterTest.CloseBrowser(BeforeTestAfterTest.java:40)
at TestNG.BeforeTestAfterTest.CloseBrowser(BeforeTestAfterTest.java:40)
at TestNG.BeforeTestAfterTest.CloseBrowser(BeforeTestAfterTest.java:40)
at TestNG.BeforeTestAfterTest.CloseBrowser(BeforeTestAfterTest.java:40)
at TestNG.BeforeTestAfterTest.CloseBrowser(BeforeTestAfterTest.java:40)
at TestNG.BeforeTestAfterTest.CloseBrowser(BeforeTestAfterTest.java:40)
at TestNG.BeforeTestAfterTest.CloseBrowser(BeforeTestAfterTest.java:40)
at TestNG.BeforeTestAfterTest.CloseBrowser(BeforeTestAfterTest.java:40)
at TestNG.BeforeTestAfterTest.CloseBrowser(BeforeTestAfterTest.java:40)
at TestNG.BeforeTestAfterTest.CloseBrowser(BeforeTestAfterTest.java:40)
at TestNG.BeforeTestAfterTest.CloseBrowser(BeforeTestAfterTest.java:40)
at TestNG.BeforeTestAfterTest.CloseBrowser(BeforeTestAfterTest.java:40)
at TestNG.BeforeTestAfterTest.CloseBrowser(BeforeTestAfterTest.java:40)
at TestNG.BeforeTestAfterTest.CloseBrowser(BeforeTestAfterTest.java:40)
at TestNG.BeforeTestAfterTest.CloseBrowser(BeforeTestAfterTest.java:40)
at TestNG.BeforeTestAfterTest.CloseBrowser(BeforeTestAfterTest.java:40)
at TestNG.BeforeTestAfterTest.CloseBrowser(BeforeTestAfterTest.java:40)
at TestNG.BeforeTestAfterTest.CloseBrowser(BeforeTestAfterTest.java:40)
at TestNG.BeforeTestAfterTest.CloseBrowser(BeforeTestAfterTest.java:40)
at TestNG.BeforeTestAfterTest.CloseBrowser(BeforeTestAfterTest.java:40)
at TestNG.BeforeTestAfterTest.CloseBrowser(BeforeTestAfterTest.java:40)
at TestNG.BeforeTestAfterTest.CloseBrowser(BeforeTestAfterTest.java:40)
at TestNG.BeforeTestAfterTest.CloseBrowser(BeforeTestAfterTest.java:40)
at TestNG.BeforeTestAfterTest.CloseBrowser(BeforeTestAfterTest.java:40)
at TestNG.BeforeTestAfterTest.CloseBrowser(BeforeTestAfterTest.java:40)
at TestNG.BeforeTestAfterTest.CloseBrowser(BeforeTestAfterTest.java:40)
at TestNG.BeforeTestAfterTest.CloseBrowser(BeforeTestAfterTest.java:40)
at TestNG.BeforeTestAfterTest.CloseBrowser(BeforeTestAfterTest.java:40)
at TestNG.BeforeTestAfterTest.CloseBrowser(BeforeTestAfterTest.java:40)
at TestNG.BeforeTestAfterTest.CloseBrowser(BeforeTestAfterTest.java:40)
at TestNG.BeforeTestAfterTest.CloseBrowser(BeforeTestAfterTest.java:40)
at TestNG.BeforeTestAfterTest.CloseBrowser(BeforeTestAfterTest.java:40)
at TestNG.BeforeTestAfterTest.CloseBrowser(BeforeTestAfterTest.java:40)
at TestNG.BeforeTestAfterTest.CloseBrowser(BeforeTestAfterTest.java:40)
at TestNG.BeforeTestAfterTest.CloseBrowser(BeforeTestAfterTest.java:40)
at TestNG.BeforeTestAfterTest.CloseBrowser(BeforeTestAfterTest.java:40)
at TestNG.BeforeTestAfterTest.CloseBrowser(BeforeTestAfterTest.java:40)
at TestNG.BeforeTestAfterTest.CloseBrowser(BeforeTestAfterTest.java:40)
at TestNG.BeforeTestAfterTest.CloseBrowser(BeforeTestAfterTest.java:40)
at TestNG.BeforeTestAfterTest.CloseBrowser(BeforeTestAfterTest.java:40)
at TestNG.BeforeTestAfterTest.CloseBrowser(BeforeTestAfterTest.java:40)
at TestNG.BeforeTestAfterTest.CloseBrowser(BeforeTestAfterTest.java:40)
at TestNG.BeforeTestAfterTest.CloseBrowser(BeforeTestAfterTest.java:40)
at TestNG.BeforeTestAfterTest.CloseBrowser(BeforeTestAfterTest.java:40)
at TestNG.BeforeTestAfterTest.CloseBrowser(BeforeTestAfterTest.java:40)
at TestNG.BeforeTestAfterTest.CloseBrowser(BeforeTestAfterTest.java:40)
at TestNG.BeforeTestAfterTest.CloseBrowser(BeforeTestAfterTest.java:40)
at TestNG.BeforeTestAfterTest.CloseBrowser(BeforeTestAfterTest.java:40)
at TestNG.BeforeTestAfterTest.CloseBrowser(BeforeTestAfterTest.java:40)
at TestNG.BeforeTestAfterTest.CloseBrowser(BeforeTestAfterTest.java:40)
at TestNG.BeforeTestAfterTest.CloseBrowser(BeforeTestAfterTest.java:40)
at TestNG.BeforeTestAfterTest.CloseBrowser(BeforeTestAfterTest.java:40)
at TestNG.BeforeTestAfterTest.CloseBrowser(BeforeTestAfterTest.java:40)
at TestNG.BeforeTestAfterTest.CloseBrowser(BeforeTestAfterTest.java:40)
at TestNG.BeforeTestAfterTest.CloseBrowser(BeforeTestAfterTest.java:40)
at TestNG.BeforeTestAfterTest.CloseBrowser(BeforeTestAfterTest.java:40)
at TestNG.BeforeTestAfterTest.CloseBrowser(BeforeTestAfterTest.java:40)
at TestNG.BeforeTestAfterTest.CloseBrowser(BeforeTestAfterTest.java:40)
at TestNG.BeforeTestAfterTest.CloseBrowser(BeforeTestAfterTest.java:40)
at TestNG.BeforeTestAfterTest.CloseBrowser(BeforeTestAfterTest.java:40)
at TestNG.BeforeTestAfterTest.CloseBrowser(BeforeTestAfterTest.java:40)
at TestNG.BeforeTestAfterTest.CloseBrowser(BeforeTestAfterTest.java:40)
at TestNG.BeforeTestAfterTest.CloseBrowser(BeforeTestAfterTest.java:40)
at TestNG.BeforeTestAfterTest.CloseBrowser(BeforeTestAfterTest.java:40)
at TestNG.BeforeTestAfterTest.CloseBrowser(BeforeTestAfterTest.java:40)
at TestNG.BeforeTestAfterTest.CloseBrowser(BeforeTestAfterTest.java:40)
at TestNG.BeforeTestAfterTest.CloseBrowser(BeforeTestAfterTest.java:40)
at TestNG.BeforeTestAfterTest.CloseBrowser(BeforeTestAfterTest.java:40)
at TestNG.BeforeTestAfterTest.CloseBrowser(BeforeTestAfterTest.java:40)
at TestNG.BeforeTestAfterTest.CloseBrowser(BeforeTestAfterTest.java:40)
at TestNG.BeforeTestAfterTest.CloseBrowser(BeforeTestAfterTest.java:40)
at TestNG.BeforeTestAfterTest.CloseBrowser(BeforeTestAfterTest.java:40)
at TestNG.BeforeTestAfterTest.CloseBrowser(BeforeTestAfterTest.java:40)
at TestNG.BeforeTestAfterTest.CloseBrowser(BeforeTestAfterTest.java:40)
at TestNG.BeforeTestAfterTest.CloseBrowser(BeforeTestAfterTest.java:40)
at TestNG.BeforeTestAfterTest.CloseBrowser(BeforeTestAfterTest.java:40)
at TestNG.BeforeTestAfterTest.CloseBrowser(BeforeTestAfterTest.java:40)
at TestNG.BeforeTestAfterTest.CloseBrowser(BeforeTestAfterTest.java:40)
at TestNG.BeforeTestAfterTest.CloseBrowser(BeforeTestAfterTest.java:40)
at TestNG.BeforeTestAfterTest.CloseBrowser(BeforeTestAfterTest.java:40)
at TestNG.BeforeTestAfterTest.CloseBrowser(BeforeTestAfterTest.java:40)
at TestNG.BeforeTestAfterTest.CloseBrowser(BeforeTestAfterTest.java:40)
at TestNG.BeforeTestAfterTest.CloseBrowser(BeforeTestAfterTest.java:40)
at TestNG.BeforeTestAfterTest.CloseBrowser(BeforeTestAfterTest.java:40)
at TestNG.BeforeTestAfterTest.CloseBrowser(BeforeTestAfterTest.java:40)
at TestNG.BeforeTestAfterTest.CloseBrowser(BeforeTestAfterTest.java:40)
at TestNG.BeforeTestAfterTest.CloseBrowser(BeforeTestAfterTest.java:40)
at TestNG.BeforeTestAfterTest.CloseBrowser(BeforeTestAfterTest.java:40)
at TestNG.BeforeTestAfterTest.CloseBrowser(BeforeTestAfterTest.java:40)
at TestNG.BeforeTestAfterTest.CloseBrowser(BeforeTestAfterTest.java:40)
at TestNG.BeforeTestAfterTest.CloseBrowser(BeforeTestAfterTest.java:40)
at TestNG.BeforeTestAfterTest.CloseBrowser(BeforeTestAfterTest.java:40)
at TestNG.BeforeTestAfterTest.CloseBrowser(BeforeTestAfterTest.java:40)
at TestNG.BeforeTestAfterTest.CloseBrowser(BeforeTestAfterTest.java:40)
at TestNG.BeforeTestAfterTest.CloseBrowser(BeforeTestAfterTest.java:40)
at TestNG.BeforeTestAfterTest.CloseBrowser(BeforeTestAfterTest.java:40)
at TestNG.BeforeTestAfterTest.CloseBrowser(BeforeTestAfterTest.java:40)
at TestNG.BeforeTestAfterTest.CloseBrowser(BeforeTestAfterTest.java:40)
at TestNG.BeforeTestAfterTest.CloseBrowser(BeforeTestAfterTest.java:40)
at TestNG.BeforeTestAfterTest.CloseBrowser(BeforeTestAfterTest.java:40)
at TestNG.BeforeTestAfterTest.CloseBrowser(BeforeTestAfterTest.java:40)
at TestNG.BeforeTestAfterTest.CloseBrowser(BeforeTestAfterTest.java:40)
at TestNG.BeforeTestAfterTest.CloseBrowser(BeforeTestAfterTest.java:40)
at TestNG.BeforeTestAfterTest.CloseBrowser(BeforeTestAfterTest.java:40)
at TestNG.BeforeTestAfterTest.CloseBrowser(BeforeTestAfterTest.java:40)
at TestNG.BeforeTestAfterTest.CloseBrowser(BeforeTestAfterTest.java:40)
at TestNG.BeforeTestAfterTest.CloseBrowser(BeforeTestAfterTest.java:40)
at TestNG.BeforeTestAfterTest.CloseBrowser(BeforeTestAfterTest.java:40)
at TestNG.BeforeTestAfterTest.CloseBrowser(BeforeTestAfterTest.java:40)
at TestNG.BeforeTestAfterTest.CloseBrowser(BeforeTestAfterTest.java:40)
at TestNG.BeforeTestAfterTest.CloseBrowser(BeforeTestAfterTest.java:40)
at TestNG.BeforeTestAfterTest.CloseBrowser(BeforeTestAfterTest.java:40)
at TestNG.BeforeTestAfterTest.CloseBrowser(BeforeTestAfterTest.java:40)
at TestNG.BeforeTestAfterTest.CloseBrowser(BeforeTestAfterTest.java:40)
at TestNG.BeforeTestAfterTest.CloseBrowser(BeforeTestAfterTest.java:40)
at TestNG.BeforeTestAfterTest.CloseBrowser(BeforeTestAfterTest.java:40)
at TestNG.BeforeTestAfterTest.CloseBrowser(BeforeTestAfterTest.java:40)
at TestNG.BeforeTestAfterTest.CloseBrowser(BeforeTestAfterTest.java:40)
at TestNG.BeforeTestAfterTest.CloseBrowser(BeforeTestAfterTest.java:40)
at TestNG.BeforeTestAfterTest.CloseBrowser(BeforeTestAfterTest.java:40)
at TestNG.BeforeTestAfterTest.CloseBrowser(BeforeTestAfterTest.java:40)
at TestNG.BeforeTestAfterTest.CloseBrowser(BeforeTestAfterTest.java:40)
at TestNG.BeforeTestAfterTest.CloseBrowser(BeforeTestAfterTest.java:40)
at TestNG.BeforeTestAfterTest.CloseBrowser(BeforeTestAfterTest.java:40)
at TestNG.BeforeTestAfterTest.CloseBrowser(BeforeTestAfterTest.java:40)
at TestNG.BeforeTestAfterTest.CloseBrowser(BeforeTestAfterTest.java:40)
at TestNG.BeforeTestAfterTest.CloseBrowser(BeforeTestAfterTest.java:40)
at TestNG.BeforeTestAfterTest.CloseBrowser(BeforeTestAfterTest.java:40)
at TestNG.BeforeTestAfterTest.CloseBrowser(BeforeTestAfterTest.java:40)
at TestNG.BeforeTestAfterTest.CloseBrowser(BeforeTestAfterTest.java:40)
at TestNG.BeforeTestAfterTest.CloseBrowser(BeforeTestAfterTest.java:40)
at TestNG.BeforeTestAfterTest.CloseBrowser(BeforeTestAfterTest.java:40)
at TestNG.BeforeTestAfterTest.CloseBrowser(BeforeTestAfterTest.java:40)
at TestNG.BeforeTestAfterTest.CloseBrowser(BeforeTestAfterTest.java:40)
at TestNG.BeforeTestAfterTest.CloseBrowser(BeforeTestAfterTest.java:40)
at TestNG.BeforeTestAfterTest.CloseBrowser(BeforeTestAfterTest.java:40)
at TestNG.BeforeTestAfterTest.CloseBrowser(BeforeTestAfterTest.java:40)
at TestNG.BeforeTestAfterTest.CloseBrowser(BeforeTestAfterTest.java:40)
at TestNG.BeforeTestAfterTest.CloseBrowser(BeforeTestAfterTest.java:40)
at TestNG.BeforeTestAfterTest.CloseBrowser(BeforeTestAfterTest.java:40)
at TestNG.BeforeTestAfterTest.CloseBrowser(BeforeTestAfterTest.java:40)
at TestNG.BeforeTestAfterTest.CloseBrowser(BeforeTestAfterTest.java:40)
at TestNG.BeforeTestAfterTest.CloseBrowser(BeforeTestAfterTest.java:40)
at TestNG.BeforeTestAfterTest.CloseBrowser(BeforeTestAfterTest.java:40)
at TestNG.BeforeTestAfterTest.CloseBrowser(BeforeTestAfterTest.java:40)
at TestNG.BeforeTestAfterTest.CloseBrowser(BeforeTestAfterTest.java:40)
at TestNG.BeforeTestAfterTest.CloseBrowser(BeforeTestAfterTest.java:40)
at TestNG.BeforeTestAfterTest.CloseBrowser(BeforeTestAfterTest.java:40)
at TestNG.BeforeTestAfterTest.CloseBrowser(BeforeTestAfterTest.java:40)
at TestNG.BeforeTestAfterTest.CloseBrowser(BeforeTestAfterTest.java:40)
at TestNG.BeforeTestAfterTest.CloseBrowser(BeforeTestAfterTest.java:40)
at TestNG.BeforeTestAfterTest.CloseBrowser(BeforeTestAfterTest.java:40)
at TestNG.BeforeTestAfterTest.CloseBrowser(BeforeTestAfterTest.java:40)
at TestNG.BeforeTestAfterTest.CloseBrowser(BeforeTestAfterTest.java:40)
at TestNG.BeforeTestAfterTest.CloseBrowser(BeforeTestAfterTest.java:40)
at TestNG.BeforeTestAfterTest.CloseBrowser(BeforeTestAfterTest.java:40)
at TestNG.BeforeTestAfterTest.CloseBrowser(BeforeTestAfterTest.java:40)
at TestNG.BeforeTestAfterTest.CloseBrowser(BeforeTestAfterTest.java:40)
at TestNG.BeforeTestAfterTest.CloseBrowser(BeforeTestAfterTest.java:40)
at TestNG.BeforeTestAfterTest.CloseBrowser(BeforeTestAfterTest.java:40)
at TestNG.BeforeTestAfterTest.CloseBrowser(BeforeTestAfterTest.java:40)
at TestNG.BeforeTestAfterTest.CloseBrowser(BeforeTestAfterTest.java:40)
at TestNG.BeforeTestAfterTest.CloseBrowser(BeforeTestAfterTest.java:40)
at TestNG.BeforeTestAfterTest.CloseBrowser(BeforeTestAfterTest.java:40)
at TestNG.BeforeTestAfterTest.CloseBrowser(BeforeTestAfterTest.java:40)
at TestNG.BeforeTestAfterTest.CloseBrowser(BeforeTestAfterTest.java:40)
at TestNG.BeforeTestAfterTest.CloseBrowser(BeforeTestAfterTest.java:40)
at TestNG.BeforeTestAfterTest.CloseBrowser(BeforeTestAfterTest.java:40)
at TestNG.BeforeTestAfterTest.CloseBrowser(BeforeTestAfterTest.java:40)
at TestNG.BeforeTestAfterTest.CloseBrowser(BeforeTestAfterTest.java:40)
at TestNG.BeforeTestAfterTest.CloseBrowser(BeforeTestAfterTest.java:40)
at TestNG.BeforeTestAfterTest.CloseBrowser(BeforeTestAfterTest.java:40)
at TestNG.BeforeTestAfterTest.CloseBrowser(BeforeTestAfterTest.java:40)
at TestNG.BeforeTestAfterTest.CloseBrowser(BeforeTestAfterTest.java:40)
at TestNG.BeforeTestAfterTest.CloseBrowser(BeforeTestAfterTest.java:40)
at TestNG.BeforeTestAfterTest.CloseBrowser(BeforeTestAfterTest.java:40)
at TestNG.BeforeTestAfterTest.CloseBrowser(BeforeTestAfterTest.java:40)
at TestNG.BeforeTestAfterTest.CloseBrowser(BeforeTestAfterTest.java:40)
at TestNG.BeforeTestAfterTest.CloseBrowser(BeforeTestAfterTest.java:40)
at TestNG.BeforeTestAfterTest.CloseBrowser(BeforeTestAfterTest.java:40)
at TestNG.BeforeTestAfterTest.CloseBrowser(BeforeTestAfterTest.java:40)
at TestNG.BeforeTestAfterTest.CloseBrowser(BeforeTestAfterTest.java:40)
at TestNG.BeforeTestAfterTest.CloseBrowser(BeforeTestAfterTest.java:40)
at TestNG.BeforeTestAfterTest.CloseBrowser(BeforeTestAfterTest.java:40)
at TestNG.BeforeTestAfterTest.CloseBrowser(BeforeTestAfterTest.java:40)
at TestNG.BeforeTestAfterTest.CloseBrowser(BeforeTestAfterTest.java:40)
at TestNG.BeforeTestAfterTest.CloseBrowser(BeforeTestAfterTest.java:40)
at TestNG.BeforeTestAfterTest.CloseBrowser(BeforeTestAfterTest.java:40)
at TestNG.BeforeTestAfterTest.CloseBrowser(BeforeTestAfterTest.java:40)
at TestNG.BeforeTestAfterTest.CloseBrowser(BeforeTestAfterTest.java:40)
at TestNG.BeforeTestAfterTest.CloseBrowser(BeforeTestAfterTest.java:40)
at TestNG.BeforeTestAfterTest.CloseBrowser(BeforeTestAfterTest.java:40)
at TestNG.BeforeTestAfterTest.CloseBrowser(BeforeTestAfterTest.java:40)
at TestNG.BeforeTestAfterTest.CloseBrowser(BeforeTestAfterTest.java:40)
at TestNG.BeforeTestAfterTest.CloseBrowser(BeforeTestAfterTest.java:40)
at TestNG.BeforeTestAfterTest.CloseBrowser(BeforeTestAfterTest.java:40)
at TestNG.BeforeTestAfterTest.CloseBrowser(BeforeTestAfterTest.java:40)
at TestNG.BeforeTestAfterTest.CloseBrowser(BeforeTestAfterTest.java:40)
at TestNG.BeforeTestAfterTest.CloseBrowser(BeforeTestAfterTest.java:40)
at TestNG.BeforeTestAfterTest.CloseBrowser(BeforeTestAfterTest.java:40)
at TestNG.BeforeTestAfterTest.CloseBrowser(BeforeTestAfterTest.java:40)
at TestNG.BeforeTestAfterTest.CloseBrowser(BeforeTestAfterTest.java:40)
at TestNG.BeforeTestAfterTest.CloseBrowser(BeforeTestAfterTest.java:40)
at TestNG.BeforeTestAfterTest.CloseBrowser(BeforeTestAfterTest.java:40)
at TestNG.BeforeTestAfterTest.CloseBrowser(BeforeTestAfterTest.java:40)
at TestNG.BeforeTestAfterTest.CloseBrowser(BeforeTestAfterTest.java:40)
at TestNG.BeforeTestAfterTest.CloseBrowser(BeforeTestAfterTest.java:40)
at TestNG.BeforeTestAfterTest.CloseBrowser(BeforeTestAfterTest.java:40)
at TestNG.BeforeTestAfterTest.CloseBrowser(BeforeTestAfterTest.java:40)
at TestNG.BeforeTestAfterTest.CloseBrowser(BeforeTestAfterTest.java:40)
at TestNG.BeforeTestAfterTest.CloseBrowser(BeforeTestAfterTest.java:40)
at TestNG.BeforeTestAfterTest.CloseBrowser(BeforeTestAfterTest.java:40)
at TestNG.BeforeTestAfterTest.CloseBrowser(BeforeTestAfterTest.java:40)
at TestNG.BeforeTestAfterTest.CloseBrowser(BeforeTestAfterTest.java:40)
at TestNG.BeforeTestAfterTest.CloseBrowser(BeforeTestAfterTest.java:40)
at TestNG.BeforeTestAfterTest.CloseBrowser(BeforeTestAfterTest.java:40)
at TestNG.BeforeTestAfterTest.CloseBrowser(BeforeTestAfterTest.java:40)
at TestNG.BeforeTestAfterTest.CloseBrowser(BeforeTestAfterTest.java:40)
at TestNG.BeforeTestAfterTest.CloseBrowser(BeforeTestAfterTest.java:40)
at TestNG.BeforeTestAfterTest.CloseBrowser(BeforeTestAfterTest.java:40)
at TestNG.BeforeTestAfterTest.CloseBrowser(BeforeTestAfterTest.java:40)
at TestNG.BeforeTestAfterTest.CloseBrowser(BeforeTestAfterTest.java:40)
at TestNG.BeforeTestAfterTest.CloseBrowser(BeforeTestAfterTest.java:40)
at TestNG.BeforeTestAfterTest.CloseBrowser(BeforeTestAfterTest.java:40)
at TestNG.BeforeTestAfterTest.CloseBrowser(BeforeTestAfterTest.java:40)
at TestNG.BeforeTestAfterTest.CloseBrowser(BeforeTestAfterTest.java:40)
at TestNG.BeforeTestAfterTest.CloseBrowser(BeforeTestAfterTest.java:40)
at TestNG.BeforeTestAfterTest.CloseBrowser(BeforeTestAfterTest.java:40)
at TestNG.BeforeTestAfterTest.CloseBrowser(BeforeTestAfterTest.java:40)
at TestNG.BeforeTestAfterTest.CloseBrowser(BeforeTestAfterTest.java:40)
at TestNG.BeforeTestAfterTest.CloseBrowser(BeforeTestAfterTest.java:40)
at TestNG.BeforeTestAfterTest.CloseBrowser(BeforeTestAfterTest.java:40)
at TestNG.BeforeTestAfterTest.CloseBrowser(BeforeTestAfterTest.java:40)
at TestNG.BeforeTestAfterTest.CloseBrowser(BeforeTestAfterTest.java:40)
at TestNG.BeforeTestAfterTest.CloseBrowser(BeforeTestAfterTest.java:40)
at TestNG.BeforeTestAfterTest.CloseBrowser(BeforeTestAfterTest.java:40)
at TestNG.BeforeTestAfterTest.CloseBrowser(BeforeTestAfterTest.java:40)
at TestNG.BeforeTestAfterTest.CloseBrowser(BeforeTestAfterTest.java:40)
at TestNG.BeforeTestAfterTest.CloseBrowser(BeforeTestAfterTest.java:40)
at TestNG.BeforeTestAfterTest.CloseBrowser(BeforeTestAfterTest.java:40)
at TestNG.BeforeTestAfterTest.CloseBrowser(BeforeTestAfterTest.java:40)
at TestNG.BeforeTestAfterTest.CloseBrowser(BeforeTestAfterTest.java:40)
at TestNG.BeforeTestAfterTest.CloseBrowser(BeforeTestAfterTest.java:40)
at TestNG.BeforeTestAfterTest.CloseBrowser(BeforeTestAfterTest.java:40)
at TestNG.BeforeTestAfterTest.CloseBrowser(BeforeTestAfterTest.java:40)
at TestNG.BeforeTestAfterTest.CloseBrowser(BeforeTestAfterTest.java:40)
at TestNG.BeforeTestAfterTest.CloseBrowser(BeforeTestAfterTest.java:40)
at TestNG.BeforeTestAfterTest.CloseBrowser(BeforeTestAfterTest.java:40)
at TestNG.BeforeTestAfterTest.CloseBrowser(BeforeTestAfterTest.java:40)
at TestNG.BeforeTestAfterTest.CloseBrowser(BeforeTestAfterTest.java:40)
at TestNG.BeforeTestAfterTest.CloseBrowser(BeforeTestAfterTest.java:40)
at TestNG.BeforeTestAfterTest.CloseBrowser(BeforeTestAfterTest.java:40)
at TestNG.BeforeTestAfterTest.CloseBrowser(BeforeTestAfterTest.java:40)
at TestNG.BeforeTestAfterTest.CloseBrowser(BeforeTestAfterTest.java:40)
at TestNG.BeforeTestAfterTest.CloseBrowser(BeforeTestAfterTest.java:40)
at TestNG.BeforeTestAfterTest.CloseBrowser(BeforeTestAfterTest.java:40)
at TestNG.BeforeTestAfterTest.CloseBrowser(BeforeTestAfterTest.java:40)
at TestNG.BeforeTestAfterTest.CloseBrowser(BeforeTestAfterTest.java:40)
at TestNG.BeforeTestAfterTest.CloseBrowser(BeforeTestAfterTest.java:40)
at TestNG.BeforeTestAfterTest.CloseBrowser(BeforeTestAfterTest.java:40)
at TestNG.BeforeTestAfterTest.CloseBrowser(BeforeTestAfterTest.java:40)
at TestNG.BeforeTestAfterTest.CloseBrowser(BeforeTestAfterTest.java:40)
at TestNG.BeforeTestAfterTest.CloseBrowser(BeforeTestAfterTest.java:40)
at TestNG.BeforeTestAfterTest.CloseBrowser(BeforeTestAfterTest.java:40)
at TestNG.BeforeTestAfterTest.CloseBrowser(BeforeTestAfterTest.java:40)
at TestNG.BeforeTestAfterTest.CloseBrowser(BeforeTestAfterTest.java:40)
at TestNG.BeforeTestAfterTest.CloseBrowser(BeforeTestAfterTest.java:40)
at TestNG.BeforeTestAfterTest.CloseBrowser(BeforeTestAfterTest.java:40)
at TestNG.BeforeTestAfterTest.CloseBrowser(BeforeTestAfterTest.java:40)
at TestNG.BeforeTestAfterTest.CloseBrowser(BeforeTestAfterTest.java:40)
at TestNG.BeforeTestAfterTest.CloseBrowser(BeforeTestAfterTest.java:40)
at TestNG.BeforeTestAfterTest.CloseBrowser(BeforeTestAfterTest.java:40)
at TestNG.BeforeTestAfterTest.CloseBrowser(BeforeTestAfterTest.java:40)
at TestNG.BeforeTestAfterTest.CloseBrowser(BeforeTestAfterTest.java:40)
at TestNG.BeforeTestAfterTest.CloseBrowser(BeforeTestAfterTest.java:40)
at TestNG.BeforeTestAfterTest.CloseBrowser(BeforeTestAfterTest.java:40)
at TestNG.BeforeTestAfterTest.CloseBrowser(BeforeTestAfterTest.java:40)
at TestNG.BeforeTestAfterTest.CloseBrowser(BeforeTestAfterTest.java:40)
at TestNG.BeforeTestAfterTest.CloseBrowser(BeforeTestAfterTest.java:40)
at TestNG.BeforeTestAfterTest.CloseBrowser(BeforeTestAfterTest.java:40)
at TestNG.BeforeTestAfterTest.CloseBrowser(BeforeTestAfterTest.java:40)
at TestNG.BeforeTestAfterTest.CloseBrowser(BeforeTestAfterTest.java:40)
at TestNG.BeforeTestAfterTest.CloseBrowser(BeforeTestAfterTest.java:40)
at TestNG.BeforeTestAfterTest.CloseBrowser(BeforeTestAfterTest.java:40)
at TestNG.BeforeTestAfterTest.CloseBrowser(BeforeTestAfterTest.java:40)
at TestNG.BeforeTestAfterTest.CloseBrowser(BeforeTestAfterTest.java:40)
at TestNG.BeforeTestAfterTest.CloseBrowser(BeforeTestAfterTest.java:40)
at TestNG.BeforeTestAfterTest.CloseBrowser(BeforeTestAfterTest.java:40)
at TestNG.BeforeTestAfterTest.CloseBrowser(BeforeTestAfterTest.java:40)
at TestNG.BeforeTestAfterTest.CloseBrowser(BeforeTestAfterTest.java:40)
at TestNG.BeforeTestAfterTest.CloseBrowser(BeforeTestAfterTest.java:40)
at TestNG.BeforeTestAfterTest.CloseBrowser(BeforeTestAfterTest.java:40)
at TestNG.BeforeTestAfterTest.CloseBrowser(BeforeTestAfterTest.java:40)
at TestNG.BeforeTestAfterTest.CloseBrowser(BeforeTestAfterTest.java:40)
at TestNG.BeforeTestAfterTest.CloseBrowser(BeforeTestAfterTest.java:40)
at TestNG.BeforeTestAfterTest.CloseBrowser(BeforeTestAfterTest.java:40)
at TestNG.BeforeTestAfterTest.CloseBrowser(BeforeTestAfterTest.java:40)
at TestNG.BeforeTestAfterTest.CloseBrowser(BeforeTestAfterTest.java:40)
at TestNG.BeforeTestAfterTest.CloseBrowser(BeforeTestAfterTest.java:40)
at TestNG.BeforeTestAfterTest.CloseBrowser(BeforeTestAfterTest.java:40)
at TestNG.BeforeTestAfterTest.CloseBrowser(BeforeTestAfterTest.java:40)
at TestNG.BeforeTestAfterTest.CloseBrowser(BeforeTestAfterTest.java:40)
at TestNG.BeforeTestAfterTest.CloseBrowser(BeforeTestAfterTest.java:40)
at TestNG.BeforeTestAfterTest.CloseBrowser(BeforeTestAfterTest.java:40)
at TestNG.BeforeTestAfterTest.CloseBrowser(BeforeTestAfterTest.java:40)
at TestNG.BeforeTestAfterTest.CloseBrowser(BeforeTestAfterTest.java:40)
at TestNG.BeforeTestAfterTest.CloseBrowser(BeforeTestAfterTest.java:40)
at TestNG.BeforeTestAfterTest.CloseBrowser(BeforeTestAfterTest.java:40)
at TestNG.BeforeTestAfterTest.CloseBrowser(BeforeTestAfterTest.java:40)
at TestNG.BeforeTestAfterTest.CloseBrowser(BeforeTestAfterTest.java:40)
at TestNG.BeforeTestAfterTest.CloseBrowser(BeforeTestAfterTest.java:40)
at TestNG.BeforeTestAfterTest.CloseBrowser(BeforeTestAfterTest.java:40)
at TestNG.BeforeTestAfterTest.CloseBrowser(BeforeTestAfterTest.java:40)
at TestNG.BeforeTestAfterTest.CloseBrowser(BeforeTestAfterTest.java:40)
at TestNG.BeforeTestAfterTest.CloseBrowser(BeforeTestAfterTest.java:40)
at TestNG.BeforeTestAfterTest.CloseBrowser(BeforeTestAfterTest.java:40)
at TestNG.BeforeTestAfterTest.CloseBrowser(BeforeTestAfterTest.java:40)
at TestNG.BeforeTestAfterTest.CloseBrowser(BeforeTestAfterTest.java:40)
at TestNG.BeforeTestAfterTest.CloseBrowser(BeforeTestAfterTest.java:40)
at TestNG.BeforeTestAfterTest.CloseBrowser(BeforeTestAfterTest.java:40)
at TestNG.BeforeTestAfterTest.CloseBrowser(BeforeTestAfterTest.java:40)
at TestNG.BeforeTestAfterTest.CloseBrowser(BeforeTestAfterTest.java:40)
at TestNG.BeforeTestAfterTest.CloseBrowser(BeforeTestAfterTest.java:40)
at TestNG.BeforeTestAfterTest.CloseBrowser(BeforeTestAfterTest.java:40)
at TestNG.BeforeTestAfterTest.CloseBrowser(BeforeTestAfterTest.java:40)
at TestNG.BeforeTestAfterTest.CloseBrowser(BeforeTestAfterTest.java:40)
at TestNG.BeforeTestAfterTest.CloseBrowser(BeforeTestAfterTest.java:40)
at TestNG.BeforeTestAfterTest.CloseBrowser(BeforeTestAfterTest.java:40)
at TestNG.BeforeTestAfterTest.CloseBrowser(BeforeTestAfterTest.java:40)
at TestNG.BeforeTestAfterTest.CloseBrowser(BeforeTestAfterTest.java:40)
at TestNG.BeforeTestAfterTest.CloseBrowser(BeforeTestAfterTest.java:40)
at TestNG.BeforeTestAfterTest.CloseBrowser(BeforeTestAfterTest.java:40)
at TestNG.BeforeTestAfterTest.CloseBrowser(BeforeTestAfterTest.java:40)
at TestNG.BeforeTestAfterTest.CloseBrowser(BeforeTestAfterTest.java:40)
at TestNG.BeforeTestAfterTest.CloseBrowser(BeforeTestAfterTest.java:40)
at TestNG.BeforeTestAfterTest.CloseBrowser(BeforeTestAfterTest.java:40)
at TestNG.BeforeTestAfterTest.CloseBrowser(BeforeTestAfterTest.java:40)
at TestNG.BeforeTestAfterTest.CloseBrowser(BeforeTestAfterTest.java:40)
at TestNG.BeforeTestAfterTest.CloseBrowser(BeforeTestAfterTest.java:40)
at TestNG.BeforeTestAfterTest.CloseBrowser(BeforeTestAfterTest.java:40)
at TestNG.BeforeTestAfterTest.CloseBrowser(BeforeTestAfterTest.java:40)
at TestNG.BeforeTestAfterTest.CloseBrowser(BeforeTestAfterTest.java:40)
at TestNG.BeforeTestAfterTest.CloseBrowser(BeforeTestAfterTest.java:40)
at TestNG.BeforeTestAfterTest.CloseBrowser(BeforeTestAfterTest.java:40)
at TestNG.BeforeTestAfterTest.CloseBrowser(BeforeTestAfterTest.java:40)
at TestNG.BeforeTestAfterTest.CloseBrowser(BeforeTestAfterTest.java:40)
at TestNG.BeforeTestAfterTest.CloseBrowser(BeforeTestAfterTest.java:40)
at TestNG.BeforeTestAfterTest.CloseBrowser(BeforeTestAfterTest.java:40)
at TestNG.BeforeTestAfterTest.CloseBrowser(BeforeTestAfterTest.java:40)
at TestNG.BeforeTestAfterTest.CloseBrowser(BeforeTestAfterTest.java:40)
at TestNG.BeforeTestAfterTest.CloseBrowser(BeforeTestAfterTest.java:40)
at TestNG.BeforeTestAfterTest.CloseBrowser(BeforeTestAfterTest.java:40)
at TestNG.BeforeTestAfterTest.CloseBrowser(BeforeTestAfterTest.java:40)
at TestNG.BeforeTestAfterTest.CloseBrowser(BeforeTestAfterTest.java:40)
at TestNG.BeforeTestAfterTest.CloseBrowser(BeforeTestAfterTest.java:40)
at TestNG.BeforeTestAfterTest.CloseBrowser(BeforeTestAfterTest.java:40)
at TestNG.BeforeTestAfterTest.CloseBrowser(BeforeTestAfterTest.java:40)
at TestNG.BeforeTestAfterTest.CloseBrowser(BeforeTestAfterTest.java:40)
at TestNG.BeforeTestAfterTest.CloseBrowser(BeforeTestAfterTest.java:40)
at TestNG.BeforeTestAfterTest.CloseBrowser(BeforeTestAfterTest.java:40)
at TestNG.BeforeTestAfterTest.CloseBrowser(BeforeTestAfterTest.java:40)
at TestNG.BeforeTestAfterTest.CloseBrowser(BeforeTestAfterTest.java:40)
at TestNG.BeforeTestAfterTest.CloseBrowser(BeforeTestAfterTest.java:40)
at TestNG.BeforeTestAfterTest.CloseBrowser(BeforeTestAfterTest.java:40)
at TestNG.BeforeTestAfterTest.CloseBrowser(BeforeTestAfterTest.java:40)
at TestNG.BeforeTestAfterTest.CloseBrowser(BeforeTestAfterTest.java:40)
at TestNG.BeforeTestAfterTest.CloseBrowser(BeforeTestAfterTest.java:40)
at TestNG.BeforeTestAfterTest.CloseBrowser(BeforeTestAfterTest.java:40)
at TestNG.BeforeTestAfterTest.CloseBrowser(BeforeTestAfterTest.java:40)
at TestNG.BeforeTestAfterTest.CloseBrowser(BeforeTestAfterTest.java:40)
at TestNG.BeforeTestAfterTest.CloseBrowser(BeforeTestAfterTest.java:40)
at TestNG.BeforeTestAfterTest.CloseBrowser(BeforeTestAfterTest.java:40)
at TestNG.BeforeTestAfterTest.CloseBrowser(BeforeTestAfterTest.java:40)
at TestNG.BeforeTestAfterTest.CloseBrowser(BeforeTestAfterTest.java:40)
at TestNG.BeforeTestAfterTest.CloseBrowser(BeforeTestAfterTest.java:40)
at TestNG.BeforeTestAfterTest.CloseBrowser(BeforeTestAfterTest.java:40)
at TestNG.BeforeTestAfterTest.CloseBrowser(BeforeTestAfterTest.java:40)
at TestNG.BeforeTestAfterTest.CloseBrowser(BeforeTestAfterTest.java:40)
at TestNG.BeforeTestAfterTest.CloseBrowser(BeforeTestAfterTest.java:40)
at TestNG.BeforeTestAfterTest.CloseBrowser(BeforeTestAfterTest.java:40)
at TestNG.BeforeTestAfterTest.CloseBrowser(BeforeTestAfterTest.java:40)
at TestNG.BeforeTestAfterTest.CloseBrowser(BeforeTestAfterTest.java:40)
at TestNG.BeforeTestAfterTest.CloseBrowser(BeforeTestAfterTest.java:40)
at TestNG.BeforeTestAfterTest.CloseBrowser(BeforeTestAfterTest.java:40)
at TestNG.BeforeTestAfterTest.CloseBrowser(BeforeTestAfterTest.java:40)
at TestNG.BeforeTestAfterTest.CloseBrowser(BeforeTestAfterTest.java:40)
at TestNG.BeforeTestAfterTest.CloseBrowser(BeforeTestAfterTest.java:40)
at TestNG.BeforeTestAfterTest.CloseBrowser(BeforeTestAfterTest.java:40)
at TestNG.BeforeTestAfterTest.CloseBrowser(BeforeTestAfterTest.java:40)
at TestNG.BeforeTestAfterTest.CloseBrowser(BeforeTestAfterTest.java:40)
at TestNG.BeforeTestAfterTest.CloseBrowser(BeforeTestAfterTest.java:40)
at TestNG.BeforeTestAfterTest.CloseBrowser(BeforeTestAfterTest.java:40)
at TestNG.BeforeTestAfterTest.CloseBrowser(BeforeTestAfterTest.java:40)
at TestNG.BeforeTestAfterTest.CloseBrowser(BeforeTestAfterTest.java:40)
at TestNG.BeforeTestAfterTest.CloseBrowser(BeforeTestAfterTest.java:40)
at TestNG.BeforeTestAfterTest.CloseBrowser(BeforeTestAfterTest.java:40)
at TestNG.BeforeTestAfterTest.CloseBrowser(BeforeTestAfterTest.java:40)
at TestNG.BeforeTestAfterTest.CloseBrowser(BeforeTestAfterTest.java:40)
at TestNG.BeforeTestAfterTest.CloseBrowser(BeforeTestAfterTest.java:40)
at TestNG.BeforeTestAfterTest.CloseBrowser(BeforeTestAfterTest.java:40)
at TestNG.BeforeTestAfterTest.CloseBrowser(BeforeTestAfterTest.java:40)
at TestNG.BeforeTestAfterTest.CloseBrowser(BeforeTestAfterTest.java:40)
at TestNG.BeforeTestAfterTest.CloseBrowser(BeforeTestAfterTest.java:40)
at TestNG.BeforeTestAfterTest.CloseBrowser(BeforeTestAfterTest.java:40)
at TestNG.BeforeTestAfterTest.CloseBrowser(BeforeTestAfterTest.java:40)
at TestNG.BeforeTestAfterTest.CloseBrowser(BeforeTestAfterTest.java:40)
at TestNG.BeforeTestAfterTest.CloseBrowser(BeforeTestAfterTest.java:40)
at TestNG.BeforeTestAfterTest.CloseBrowser(BeforeTestAfterTest.java:40)
at TestNG.BeforeTestAfterTest.CloseBrowser(BeforeTestAfterTest.java:40)
at TestNG.BeforeTestAfterTest.CloseBrowser(BeforeTestAfterTest.java:40)
at TestNG.BeforeTestAfterTest.CloseBrowser(BeforeTestAfterTest.java:40)
at TestNG.BeforeTestAfterTest.CloseBrowser(BeforeTestAfterTest.java:40)
at TestNG.BeforeTestAfterTest.CloseBrowser(BeforeTestAfterTest.java:40)
at TestNG.BeforeTestAfterTest.CloseBrowser(BeforeTestAfterTest.java:40)
at TestNG.BeforeTestAfterTest.CloseBrowser(BeforeTestAfterTest.java:40)
at TestNG.BeforeTestAfterTest.CloseBrowser(BeforeTestAfterTest.java:40)
at TestNG.BeforeTestAfterTest.CloseBrowser(BeforeTestAfterTest.java:40)
at TestNG.BeforeTestAfterTest.CloseBrowser(BeforeTestAfterTest.java:40)
at TestNG.BeforeTestAfterTest.CloseBrowser(BeforeTestAfterTest.java:40)
at TestNG.BeforeTestAfterTest.CloseBrowser(BeforeTestAfterTest.java:40)
at TestNG.BeforeTestAfterTest.CloseBrowser(BeforeTestAfterTest.java:40)
at TestNG.BeforeTestAfterTest.CloseBrowser(BeforeTestAfterTest.java:40)
at TestNG.BeforeTestAfterTest.CloseBrowser(BeforeTestAfterTest.java:40)
at TestNG.BeforeTestAfterTest.CloseBrowser(BeforeTestAfterTest.java:40)
at TestNG.BeforeTestAfterTest.CloseBrowser(BeforeTestAfterTest.java:40)
at TestNG.BeforeTestAfterTest.CloseBrowser(BeforeTestAfterTest.java:40)
at TestNG.BeforeTestAfterTest.CloseBrowser(BeforeTestAfterTest.java:40)
at TestNG.BeforeTestAfterTest.CloseBrowser(BeforeTestAfterTest.java:40)
at TestNG.BeforeTestAfterTest.CloseBrowser(BeforeTestAfterTest.java:40)
at TestNG.BeforeTestAfterTest.CloseBrowser(BeforeTestAfterTest.java:40)
at TestNG.BeforeTestAfterTest.CloseBrowser(BeforeTestAfterTest.java:40)
at TestNG.BeforeTestAfterTest.CloseBrowser(BeforeTestAfterTest.java:40)
at TestNG.BeforeTestAfterTest.CloseBrowser(BeforeTestAfterTest.java:40)
at TestNG.BeforeTestAfterTest.CloseBrowser(BeforeTestAfterTest.java:40)
at TestNG.BeforeTestAfterTest.CloseBrowser(BeforeTestAfterTest.java:40)
at TestNG.BeforeTestAfterTest.CloseBrowser(BeforeTestAfterTest.java:40)
at TestNG.BeforeTestAfterTest.CloseBrowser(BeforeTestAfterTest.java:40)
at TestNG.BeforeTestAfterTest.CloseBrowser(BeforeTestAfterTest.java:40)
at TestNG.BeforeTestAfterTest.CloseBrowser(BeforeTestAfterTest.java:40)
at TestNG.BeforeTestAfterTest.CloseBrowser(BeforeTestAfterTest.java:40)
at TestNG.BeforeTestAfterTest.CloseBrowser(BeforeTestAfterTest.java:40)
at TestNG.BeforeTestAfterTest.CloseBrowser(BeforeTestAfterTest.java:40)
at TestNG.BeforeTestAfterTest.CloseBrowser(BeforeTestAfterTest.java:40)
at TestNG.BeforeTestAfterTest.CloseBrowser(BeforeTestAfterTest.java:40)
at TestNG.BeforeTestAfterTest.CloseBrowser(BeforeTestAfterTest.java:40)
at TestNG.BeforeTestAfterTest.CloseBrowser(BeforeTestAfterTest.java:40)
at TestNG.BeforeTestAfterTest.CloseBrowser(BeforeTestAfterTest.java:40)
at TestNG.BeforeTestAfterTest.CloseBrowser(BeforeTestAfterTest.java:40)
at TestNG.BeforeTestAfterTest.CloseBrowser(BeforeTestAfterTest.java:40)
at TestNG.BeforeTestAfterTest.CloseBrowser(BeforeTestAfterTest.java:40)
at TestNG.BeforeTestAfterTest.CloseBrowser(BeforeTestAfterTest.java:40)
at TestNG.BeforeTestAfterTest.CloseBrowser(BeforeTestAfterTest.java:40)
at TestNG.BeforeTestAfterTest.CloseBrowser(BeforeTestAfterTest.java:40)
at TestNG.BeforeTestAfterTest.CloseBrowser(BeforeTestAfterTest.java:40)
at TestNG.BeforeTestAfterTest.CloseBrowser(BeforeTestAfterTest.java:40)
at TestNG.BeforeTestAfterTest.CloseBrowser(BeforeTestAfterTest.java:40)
at TestNG.BeforeTestAfterTest.CloseBrowser(BeforeTestAfterTest.java:40)
at TestNG.BeforeTestAfterTest.CloseBrowser(BeforeTestAfterTest.java:40)
at TestNG.BeforeTestAfterTest.CloseBrowser(BeforeTestAfterTest.java:40)
at TestNG.BeforeTestAfterTest.CloseBrowser(BeforeTestAfterTest.java:40)
at TestNG.BeforeTestAfterTest.CloseBrowser(BeforeTestAfterTest.java:40)
at TestNG.BeforeTestAfterTest.CloseBrowser(BeforeTestAfterTest.java:40)
at TestNG.BeforeTestAfterTest.CloseBrowser(BeforeTestAfterTest.java:40)
at TestNG.BeforeTestAfterTest.CloseBrowser(BeforeTestAfterTest.java:40)
at TestNG.BeforeTestAfterTest.CloseBrowser(BeforeTestAfterTest.java:40)
at TestNG.BeforeTestAfterTest.CloseBrowser(BeforeTestAfterTest.java:40)
at TestNG.BeforeTestAfterTest.CloseBrowser(BeforeTestAfterTest.java:40)
at TestNG.BeforeTestAfterTest.CloseBrowser(BeforeTestAfterTest.java:40)
at TestNG.BeforeTestAfterTest.CloseBrowser(BeforeTestAfterTest.java:40)
at TestNG.BeforeTestAfterTest.CloseBrowser(BeforeTestAfterTest.java:40)
at TestNG.BeforeTestAfterTest.CloseBrowser(BeforeTestAfterTest.java:40)
at TestNG.BeforeTestAfterTest.CloseBrowser(BeforeTestAfterTest.java:40)
at TestNG.BeforeTestAfterTest.CloseBrowser(BeforeTestAfterTest.java:40)
at TestNG.BeforeTestAfterTest.CloseBrowser(BeforeTestAfterTest.java:40)
at TestNG.BeforeTestAfterTest.CloseBrowser(BeforeTestAfterTest.java:40)
at TestNG.BeforeTestAfterTest.CloseBrowser(BeforeTestAfterTest.java:40)
at TestNG.BeforeTestAfterTest.CloseBrowser(BeforeTestAfterTest.java:40)
at TestNG.BeforeTestAfterTest.CloseBrowser(BeforeTestAfterTest.java:40)
at TestNG.BeforeTestAfterTest.CloseBrowser(BeforeTestAfterTest.java:40)
at TestNG.BeforeTestAfterTest.CloseBrowser(BeforeTestAfterTest.java:40)
at TestNG.BeforeTestAfterTest.CloseBrowser(BeforeTestAfterTest.java:40)
at TestNG.BeforeTestAfterTest.CloseBrowser(BeforeTestAfterTest.java:40)
at TestNG.BeforeTestAfterTest.CloseBrowser(BeforeTestAfterTest.java:40)
at TestNG.BeforeTestAfterTest.CloseBrowser(BeforeTestAfterTest.java:40)
at TestNG.BeforeTestAfterTest.CloseBrowser(BeforeTestAfterTest.java:40)
at TestNG.BeforeTestAfterTest.CloseBrowser(BeforeTestAfterTest.java:40)
at TestNG.BeforeTestAfterTest.CloseBrowser(BeforeTestAfterTest.java:40)
at TestNG.BeforeTestAfterTest.CloseBrowser(BeforeTestAfterTest.java:40)
at TestNG.BeforeTestAfterTest.CloseBrowser(BeforeTestAfterTest.java:40)
at TestNG.BeforeTestAfterTest.CloseBrowser(BeforeTestAfterTest.java:40)
at TestNG.BeforeTestAfterTest.CloseBrowser(BeforeTestAfterTest.java:40)
at TestNG.BeforeTestAfterTest.CloseBrowser(BeforeTestAfterTest.java:40)
at TestNG.BeforeTestAfterTest.CloseBrowser(BeforeTestAfterTest.java:40)
at TestNG.BeforeTestAfterTest.CloseBrowser(BeforeTestAfterTest.java:40)
at TestNG.BeforeTestAfterTest.CloseBrowser(BeforeTestAfterTest.java:40)
at TestNG.BeforeTestAfterTest.CloseBrowser(BeforeTestAfterTest.java:40)
at TestNG.BeforeTestAfterTest.CloseBrowser(BeforeTestAfterTest.java:40)
at TestNG.BeforeTestAfterTest.CloseBrowser(BeforeTestAfterTest.java:40)
at TestNG.BeforeTestAfterTest.CloseBrowser(BeforeTestAfterTest.java:40)
at TestNG.BeforeTestAfterTest.CloseBrowser(BeforeTestAfterTest.java:40)
at TestNG.BeforeTestAfterTest.CloseBrowser(BeforeTestAfterTest.java:40)
at TestNG.BeforeTestAfterTest.CloseBrowser(BeforeTestAfterTest.java:40)
at TestNG.BeforeTestAfterTest.CloseBrowser(BeforeTestAfterTest.java:40)
at TestNG.BeforeTestAfterTest.CloseBrowser(BeforeTestAfterTest.java:40)
at TestNG.BeforeTestAfterTest.CloseBrowser(BeforeTestAfterTest.java:40)
at TestNG.BeforeTestAfterTest.CloseBrowser(BeforeTestAfterTest.java:40)
at TestNG.BeforeTestAfterTest.CloseBrowser(BeforeTestAfterTest.java:40)
at TestNG.BeforeTestAfterTest.CloseBrowser(BeforeTestAfterTest.java:40)
at TestNG.BeforeTestAfterTest.CloseBrowser(BeforeTestAfterTest.java:40)
at TestNG.BeforeTestAfterTest.CloseBrowser(BeforeTestAfterTest.java:40)
at TestNG.BeforeTestAfterTest.CloseBrowser(BeforeTestAfterTest.java:40)
at TestNG.BeforeTestAfterTest.CloseBrowser(BeforeTestAfterTest.java:40)
at TestNG.BeforeTestAfterTest.CloseBrowser(BeforeTestAfterTest.java:40)
at TestNG.BeforeTestAfterTest.CloseBrowser(BeforeTestAfterTest.java:40)
at TestNG.BeforeTestAfterTest.CloseBrowser(BeforeTestAfterTest.java:40)
at TestNG.BeforeTestAfterTest.CloseBrowser(BeforeTestAfterTest.java:40)
at TestNG.BeforeTestAfterTest.CloseBrowser(BeforeTestAfterTest.java:40)
at TestNG.BeforeTestAfterTest.CloseBrowser(BeforeTestAfterTest.java:40)
at TestNG.BeforeTestAfterTest.CloseBrowser(BeforeTestAfterTest.java:40)
at TestNG.BeforeTestAfterTest.CloseBrowser(BeforeTestAfterTest.java:40)
at TestNG.BeforeTestAfterTest.CloseBrowser(BeforeTestAfterTest.java:40)
at TestNG.BeforeTestAfterTest.CloseBrowser(BeforeTestAfterTest.java:40)
at TestNG.BeforeTestAfterTest.CloseBrowser(BeforeTestAfterTest.java:40)
at TestNG.BeforeTestAfterTest.CloseBrowser(BeforeTestAfterTest.java:40)
at TestNG.BeforeTestAfterTest.CloseBrowser(BeforeTestAfterTest.java:40)
at TestNG.BeforeTestAfterTest.CloseBrowser(BeforeTestAfterTest.java:40)
at TestNG.BeforeTestAfterTest.CloseBrowser(BeforeTestAfterTest.java:40)
at TestNG.BeforeTestAfterTest.CloseBrowser(BeforeTestAfterTest.java:40)
at TestNG.BeforeTestAfterTest.CloseBrowser(BeforeTestAfterTest.java:40)
at TestNG.BeforeTestAfterTest.CloseBrowser(BeforeTestAfterTest.java:40)
at TestNG.BeforeTestAfterTest.CloseBrowser(BeforeTestAfterTest.java:40)
at TestNG.BeforeTestAfterTest.CloseBrowser(BeforeTestAfterTest.java:40)
at TestNG.BeforeTestAfterTest.CloseBrowser(BeforeTestAfterTest.java:40)
at TestNG.BeforeTestAfterTest.CloseBrowser(BeforeTestAfterTest.java:40)
at TestNG.BeforeTestAfterTest.CloseBrowser(BeforeTestAfterTest.java:40)
at TestNG.BeforeTestAfterTest.CloseBrowser(BeforeTestAfterTest.java:40)
at TestNG.BeforeTestAfterTest.CloseBrowser(BeforeTestAfterTest.java:40)
at TestNG.BeforeTestAfterTest.CloseBrowser(BeforeTestAfterTest.java:40)
at TestNG.BeforeTestAfterTest.CloseBrowser(BeforeTestAfterTest.java:40)
at TestNG.BeforeTestAfterTest.CloseBrowser(BeforeTestAfterTest.java:40)
at TestNG.BeforeTestAfterTest.CloseBrowser(BeforeTestAfterTest.java:40)
at TestNG.BeforeTestAfterTest.CloseBrowser(BeforeTestAfterTest.java:40)
at TestNG.BeforeTestAfterTest.CloseBrowser(BeforeTestAfterTest.java:40)
at TestNG.BeforeTestAfterTest.CloseBrowser(BeforeTestAfterTest.java:40)
at TestNG.BeforeTestAfterTest.CloseBrowser(BeforeTestAfterTest.java:40)
at TestNG.BeforeTestAfterTest.CloseBrowser(BeforeTestAfterTest.java:40)
at TestNG.BeforeTestAfterTest.CloseBrowser(BeforeTestAfterTest.java:40)
at TestNG.BeforeTestAfterTest.CloseBrowser(BeforeTestAfterTest.java:40)
at TestNG.BeforeTestAfterTest.CloseBrowser(BeforeTestAfterTest.java:40)
at TestNG.BeforeTestAfterTest.CloseBrowser(BeforeTestAfterTest.java:40)
at TestNG.BeforeTestAfterTest.CloseBrowser(BeforeTestAfterTest.java:40)
at TestNG.BeforeTestAfterTest.CloseBrowser(BeforeTestAfterTest.java:40)
at TestNG.BeforeTestAfterTest.CloseBrowser(BeforeTestAfterTest.java:40)
at TestNG.BeforeTestAfterTest.CloseBrowser(BeforeTestAfterTest.java:40)
at TestNG.BeforeTestAfterTest.CloseBrowser(BeforeTestAfterTest.java:40)
at TestNG.BeforeTestAfterTest.CloseBrowser(BeforeTestAfterTest.java:40)
at TestNG.BeforeTestAfterTest.CloseBrowser(BeforeTestAfterTest.java:40)
at TestNG.BeforeTestAfterTest.CloseBrowser(BeforeTestAfterTest.java:40)
at TestNG.BeforeTestAfterTest.CloseBrowser(BeforeTestAfterTest.java:40)
at TestNG.BeforeTestAfterTest.CloseBrowser(BeforeTestAfterTest.java:40)
at TestNG.BeforeTestAfterTest.CloseBrowser(BeforeTestAfterTest.java:40)
at TestNG.BeforeTestAfterTest.CloseBrowser(BeforeTestAfterTest.java:40)
at TestNG.BeforeTestAfterTest.CloseBrowser(BeforeTestAfterTest.java:40)
at TestNG.BeforeTestAfterTest.CloseBrowser(BeforeTestAfterTest.java:40)
at TestNG.BeforeTestAfterTest.CloseBrowser(BeforeTestAfterTest.java:40)
at TestNG.BeforeTestAfterTest.CloseBrowser(BeforeTestAfterTest.java:40)
at TestNG.BeforeTestAfterTest.CloseBrowser(BeforeTestAfterTest.java:40)
at TestNG.BeforeTestAfterTest.CloseBrowser(BeforeTestAfterTest.java:40)
at TestNG.BeforeTestAfterTest.CloseBrowser(BeforeTestAfterTest.java:40)
at TestNG.BeforeTestAfterTest.CloseBrowser(BeforeTestAfterTest.java:40)
at TestNG.BeforeTestAfterTest.CloseBrowser(BeforeTestAfterTest.java:40)
at TestNG.BeforeTestAfterTest.CloseBrowser(BeforeTestAfterTest.java:40)
at TestNG.BeforeTestAfterTest.CloseBrowser(BeforeTestAfterTest.java:40)
at TestNG.BeforeTestAfterTest.CloseBrowser(BeforeTestAfterTest.java:40)
at TestNG.BeforeTestAfterTest.CloseBrowser(BeforeTestAfterTest.java:40)
at TestNG.BeforeTestAfterTest.CloseBrowser(BeforeTestAfterTest.java:40)
at TestNG.BeforeTestAfterTest.CloseBrowser(BeforeTestAfterTest.java:40)
at TestNG.BeforeTestAfterTest.CloseBrowser(BeforeTestAfterTest.java:40)
at TestNG.BeforeTestAfterTest.CloseBrowser(BeforeTestAfterTest.java:40)
at TestNG.BeforeTestAfterTest.CloseBrowser(BeforeTestAfterTest.java:40)
at TestNG.BeforeTestAfterTest.CloseBrowser(BeforeTestAfterTest.java:40)
at TestNG.BeforeTestAfterTest.CloseBrowser(BeforeTestAfterTest.java:40)
at TestNG.BeforeTestAfterTest.CloseBrowser(BeforeTestAfterTest.java:40)
at TestNG.BeforeTestAfterTest.CloseBrowser(BeforeTestAfterTest.java:40)
at TestNG.BeforeTestAfterTest.CloseBrowser(BeforeTestAfterTest.java:40)
at TestNG.BeforeTestAfterTest.CloseBrowser(BeforeTestAfterTest.java:40)
at TestNG.BeforeTestAfterTest.CloseBrowser(BeforeTestAfterTest.java:40)
at TestNG.BeforeTestAfterTest.CloseBrowser(BeforeTestAfterTest.java:40)
at TestNG.BeforeTestAfterTest.CloseBrowser(BeforeTestAfterTest.java:40)
at TestNG.BeforeTestAfterTest.CloseBrowser(BeforeTestAfterTest.java:40)
at TestNG.BeforeTestAfterTest.CloseBrowser(BeforeTestAfterTest.java:40)
at TestNG.BeforeTestAfterTest.CloseBrowser(BeforeTestAfterTest.java:40)
at TestNG.BeforeTestAfterTest.CloseBrowser(BeforeTestAfterTest.java:40)
at TestNG.BeforeTestAfterTest.CloseBrowser(BeforeTestAfterTest.java:40)
at TestNG.BeforeTestAfterTest.CloseBrowser(BeforeTestAfterTest.java:40)
at TestNG.BeforeTestAfterTest.CloseBrowser(BeforeTestAfterTest.java:40)
at TestNG.BeforeTestAfterTest.CloseBrowser(BeforeTestAfterTest.java:40)
at TestNG.BeforeTestAfterTest.CloseBrowser(BeforeTestAfterTest.java:40)
at TestNG.BeforeTestAfterTest.CloseBrowser(BeforeTestAfterTest.java:40)
at TestNG.BeforeTestAfterTest.CloseBrowser(BeforeTestAfterTest.java:40)
at TestNG.BeforeTestAfterTest.CloseBrowser(BeforeTestAfterTest.java:40)
at TestNG.BeforeTestAfterTest.CloseBrowser(BeforeTestAfterTest.java:40)
at TestNG.BeforeTestAfterTest.CloseBrowser(BeforeTestAfterTest.java:40)
at TestNG.BeforeTestAfterTest.CloseBrowser(BeforeTestAfterTest.java:40)
at TestNG.BeforeTestAfterTest.CloseBrowser(BeforeTestAfterTest.java:40)
at TestNG.BeforeTestAfterTest.CloseBrowser(BeforeTestAfterTest.java:40)
at TestNG.BeforeTestAfterTest.CloseBrowser(BeforeTestAfterTest.java:40)
at TestNG.BeforeTestAfterTest.CloseBrowser(BeforeTestAfterTest.java:40)
at TestNG.BeforeTestAfterTest.CloseBrowser(BeforeTestAfterTest.java:40)
at TestNG.BeforeTestAfterTest.CloseBrowser(BeforeTestAfterTest.java:40)
at TestNG.BeforeTestAfterTest.CloseBrowser(BeforeTestAfterTest.java:40)
at TestNG.BeforeTestAfterTest.CloseBrowser(BeforeTestAfterTest.java:40)
at TestNG.BeforeTestAfterTest.CloseBrowser(BeforeTestAfterTest.java:40)
at TestNG.BeforeTestAfterTest.CloseBrowser(BeforeTestAfterTest.java:40)
at TestNG.BeforeTestAfterTest.CloseBrowser(BeforeTestAfterTest.java:40)
at TestNG.BeforeTestAfterTest.CloseBrowser(BeforeTestAfterTest.java:40)
at TestNG.BeforeTestAfterTest.CloseBrowser(BeforeTestAfterTest.java:40)
at TestNG.BeforeTestAfterTest.CloseBrowser(BeforeTestAfterTest.java:40)
at TestNG.BeforeTestAfterTest.CloseBrowser(BeforeTestAfterTest.java:40)
at TestNG.BeforeTestAfterTest.CloseBrowser(BeforeTestAfterTest.java:40)
at TestNG.BeforeTestAfterTest.CloseBrowser(BeforeTestAfterTest.java:40)
at TestNG.BeforeTestAfterTest.CloseBrowser(BeforeTestAfterTest.java:40)
at TestNG.BeforeTestAfterTest.CloseBrowser(BeforeTestAfterTest.java:40)
at TestNG.BeforeTestAfterTest.CloseBrowser(BeforeTestAfterTest.java:40)
at TestNG.BeforeTestAfterTest.CloseBrowser(BeforeTestAfterTest.java:40)
at TestNG.BeforeTestAfterTest.CloseBrowser(BeforeTestAfterTest.java:40)
at TestNG.BeforeTestAfterTest.CloseBrowser(BeforeTestAfterTest.java:40)
at TestNG.BeforeTestAfterTest.CloseBrowser(BeforeTestAfterTest.java:40)
at TestNG.BeforeTestAfterTest.CloseBrowser(BeforeTestAfterTest.java:40)
at TestNG.BeforeTestAfterTest.CloseBrowser(BeforeTestAfterTest.java:40)
at TestNG.BeforeTestAfterTest.CloseBrowser(BeforeTestAfterTest.java:40)
at TestNG.BeforeTestAfterTest.CloseBrowser(BeforeTestAfterTest.java:40)
at TestNG.BeforeTestAfterTest.CloseBrowser(BeforeTestAfterTest.java:40)
at TestNG.BeforeTestAfterTest.CloseBrowser(BeforeTestAfterTest.java:40)
at TestNG.BeforeTestAfterTest.CloseBrowser(BeforeTestAfterTest.java:40)
at TestNG.BeforeTestAfterTest.CloseBrowser(BeforeTestAfterTest.java:40)
at TestNG.BeforeTestAfterTest.CloseBrowser(BeforeTestAfterTest.java:40)
at TestNG.BeforeTestAfterTest.CloseBrowser(BeforeTestAfterTest.java:40)
at TestNG.BeforeTestAfterTest.CloseBrowser(BeforeTestAfterTest.java:40)
at TestNG.BeforeTestAfterTest.CloseBrowser(BeforeTestAfterTest.java:40)
at TestNG.BeforeTestAfterTest.CloseBrowser(BeforeTestAfterTest.java:40)
at TestNG.BeforeTestAfterTest.CloseBrowser(BeforeTestAfterTest.java:40)
at TestNG.BeforeTestAfterTest.CloseBrowser(BeforeTestAfterTest.java:40)
at TestNG.BeforeTestAfterTest.CloseBrowser(BeforeTestAfterTest.java:40)
at TestNG.BeforeTestAfterTest.CloseBrowser(BeforeTestAfterTest.java:40)
at TestNG.BeforeTestAfterTest.CloseBrowser(BeforeTestAfterTest.java:40)
at TestNG.BeforeTestAfterTest.CloseBrowser(BeforeTestAfterTest.java:40)
at TestNG.BeforeTestAfterTest.CloseBrowser(BeforeTestAfterTest.java:40)
at TestNG.BeforeTestAfterTest.CloseBrowser(BeforeTestAfterTest.java:40)
at TestNG.BeforeTestAfterTest.CloseBrowser(BeforeTestAfterTest.java:40)
at TestNG.BeforeTestAfterTest.CloseBrowser(BeforeTestAfterTest.java:40)
at TestNG.BeforeTestAfterTest.CloseBrowser(BeforeTestAfterTest.java:40)
at TestNG.BeforeTestAfterTest.CloseBrowser(BeforeTestAfterTest.java:40)
at TestNG.BeforeTestAfterTest.CloseBrowser(BeforeTestAfterTest.java:40)
at TestNG.BeforeTestAfterTest.CloseBrowser(BeforeTestAfterTest.java:40)
at TestNG.BeforeTestAfterTest.CloseBrowser(BeforeTestAfterTest.java:40)
at TestNG.BeforeTestAfterTest.CloseBrowser(BeforeTestAfterTest.java:40)
at TestNG.BeforeTestAfterTest.CloseBrowser(BeforeTestAfterTest.java:40)
at TestNG.BeforeTestAfterTest.CloseBrowser(BeforeTestAfterTest.java:40)
at TestNG.BeforeTestAfterTest.CloseBrowser(BeforeTestAfterTest.java:40)
at TestNG.BeforeTestAfterTest.CloseBrowser(BeforeTestAfterTest.java:40)
at TestNG.BeforeTestAfterTest.CloseBrowser(BeforeTestAfterTest.java:40)
at TestNG.BeforeTestAfterTest.CloseBrowser(BeforeTestAfterTest.java:40)
at TestNG.BeforeTestAfterTest.CloseBrowser(BeforeTestAfterTest.java:40)
at TestNG.BeforeTestAfterTest.CloseBrowser(BeforeTestAfterTest.java:40)
at TestNG.BeforeTestAfterTest.CloseBrowser(BeforeTestAfterTest.java:40)
at TestNG.BeforeTestAfterTest.CloseBrowser(BeforeTestAfterTest.java:40)
at TestNG.BeforeTestAfterTest.CloseBrowser(BeforeTestAfterTest.java:40)
at TestNG.BeforeTestAfterTest.CloseBrowser(BeforeTestAfterTest.java:40)
at TestNG.BeforeTestAfterTest.CloseBrowser(BeforeTestAfterTest.java:40)
at TestNG.BeforeTestAfterTest.CloseBrowser(BeforeTestAfterTest.java:40)
at TestNG.BeforeTestAfterTest.CloseBrowser(BeforeTestAfterTest.java:40)
at TestNG.BeforeTestAfterTest.CloseBrowser(BeforeTestAfterTest.java:40)
at TestNG.BeforeTestAfterTest.CloseBrowser(BeforeTestAfterTest.java:40)
at TestNG.BeforeTestAfterTest.CloseBrowser(BeforeTestAfterTest.java:40)
at TestNG.BeforeTestAfterTest.CloseBrowser(BeforeTestAfterTest.java:40)
at TestNG.BeforeTestAfterTest.CloseBrowser(BeforeTestAfterTest.java:40)
at TestNG.BeforeTestAfterTest.CloseBrowser(BeforeTestAfterTest.java:40)
at TestNG.BeforeTestAfterTest.CloseBrowser(BeforeTestAfterTest.java:40)
at TestNG.BeforeTestAfterTest.CloseBrowser(BeforeTestAfterTest.java:40)
at TestNG.BeforeTestAfterTest.CloseBrowser(BeforeTestAfterTest.java:40)
at TestNG.BeforeTestAfterTest.CloseBrowser(BeforeTestAfterTest.java:40)
at TestNG.BeforeTestAfterTest.CloseBrowser(BeforeTestAfterTest.java:40)
at TestNG.BeforeTestAfterTest.CloseBrowser(BeforeTestAfterTest.java:40)
at TestNG.BeforeTestAfterTest.CloseBrowser(BeforeTestAfterTest.java:40)
at TestNG.BeforeTestAfterTest.CloseBrowser(BeforeTestAfterTest.java:40)
at TestNG.BeforeTestAfterTest.CloseBrowser(BeforeTestAfterTest.java:40)
at TestNG.BeforeTestAfterTest.CloseBrowser(BeforeTestAfterTest.java:40)
at TestNG.BeforeTestAfterTest.CloseBrowser(BeforeTestAfterTest.java:40)
at TestNG.BeforeTestAfterTest.CloseBrowser(BeforeTestAfterTest.java:40)
at TestNG.BeforeTestAfterTest.CloseBrowser(BeforeTestAfterTest.java:40)
at TestNG.BeforeTestAfterTest.CloseBrowser(BeforeTestAfterTest.java:40)
at TestNG.BeforeTestAfterTest.CloseBrowser(BeforeTestAfterTest.java:40)
at TestNG.BeforeTestAfterTest.CloseBrowser(BeforeTestAfterTest.java:40)
at TestNG.BeforeTestAfterTest.CloseBrowser(BeforeTestAfterTest.java:40)
at TestNG.BeforeTestAfterTest.CloseBrowser(BeforeTestAfterTest.java:40)
at TestNG.BeforeTestAfterTest.CloseBrowser(BeforeTestAfterTest.java:40)
at TestNG.BeforeTestAfterTest.CloseBrowser(BeforeTestAfterTest.java:40)
at TestNG.BeforeTestAfterTest.CloseBrowser(BeforeTestAfterTest.java:40)
at TestNG.BeforeTestAfterTest.CloseBrowser(BeforeTestAfterTest.java:40)
at TestNG.BeforeTestAfterTest.CloseBrowser(BeforeTestAfterTest.java:40)
at TestNG.BeforeTestAfterTest.CloseBrowser(BeforeTestAfterTest.java:40)
at TestNG.BeforeTestAfterTest.CloseBrowser(BeforeTestAfterTest.java:40)
at TestNG.BeforeTestAfterTest.CloseBrowser(BeforeTestAfterTest.java:40)
at TestNG.BeforeTestAfterTest.CloseBrowser(BeforeTestAfterTest.java:40)
at TestNG.BeforeTestAfterTest.CloseBrowser(BeforeTestAfterTest.java:40)
at TestNG.BeforeTestAfterTest.CloseBrowser(BeforeTestAfterTest.java:40)
at TestNG.BeforeTestAfterTest.CloseBrowser(BeforeTestAfterTest.java:40)
at TestNG.BeforeTestAfterTest.CloseBrowser(BeforeTestAfterTest.java:40)
at TestNG.BeforeTestAfterTest.CloseBrowser(BeforeTestAfterTest.java:40)
at TestNG.BeforeTestAfterTest.CloseBrowser(BeforeTestAfterTest.java:40)
at TestNG.BeforeTestAfterTest.CloseBrowser(BeforeTestAfterTest.java:40)
at TestNG.BeforeTestAfterTest.CloseBrowser(BeforeTestAfterTest.java:40)
at TestNG.BeforeTestAfterTest.CloseBrowser(BeforeTestAfterTest.java:40)
at TestNG.BeforeTestAfterTest.CloseBrowser(BeforeTestAfterTest.java:40)
at TestNG.BeforeTestAfterTest.CloseBrowser(BeforeTestAfterTest.java:40)
at TestNG.BeforeTestAfterTest.CloseBrowser(BeforeTestAfterTest.java:40)
at TestNG.BeforeTestAfterTest.CloseBrowser(BeforeTestAfterTest.java:40)
at TestNG.BeforeTestAfterTest.CloseBrowser(BeforeTestAfterTest.java:40)
at TestNG.BeforeTestAfterTest.CloseBrowser(BeforeTestAfterTest.java:40)
at TestNG.BeforeTestAfterTest.CloseBrowser(BeforeTestAfterTest.java:40)
at TestNG.BeforeTestAfterTest.CloseBrowser(BeforeTestAfterTest.java:40)
at TestNG.BeforeTestAfterTest.CloseBrowser(BeforeTestAfterTest.java:40)
at TestNG.BeforeTestAfterTest.CloseBrowser(BeforeTestAfterTest.java:40)
at TestNG.BeforeTestAfterTest.CloseBrowser(BeforeTestAfterTest.java:40)
at TestNG.BeforeTestAfterTest.CloseBrowser(BeforeTestAfterTest.java:40)
at TestNG.BeforeTestAfterTest.CloseBrowser(BeforeTestAfterTest.java:40)
at TestNG.BeforeTestAfterTest.CloseBrowser(BeforeTestAfterTest.java:40)
at TestNG.BeforeTestAfterTest.CloseBrowser(BeforeTestAfterTest.java:40)
at TestNG.BeforeTestAfterTest.CloseBrowser(BeforeTestAfterTest.java:40)
at TestNG.BeforeTestAfterTest.CloseBrowser(BeforeTestAfterTest.java:40)
at TestNG.BeforeTestAfterTest.CloseBrowser(BeforeTestAfterTest.java:40)
at TestNG.BeforeTestAfterTest.CloseBrowser(BeforeTestAfterTest.java:40)
at TestNG.BeforeTestAfterTest.CloseBrowser(BeforeTestAfterTest.java:40)
at TestNG.BeforeTestAfterTest.CloseBrowser(BeforeTestAfterTest.java:40)
at TestNG.BeforeTestAfterTest.CloseBrowser(BeforeTestAfterTest.java:40)
at TestNG.BeforeTestAfterTest.CloseBrowser(BeforeTestAfterTest.java:40)
at TestNG.BeforeTestAfterTest.CloseBrowser(BeforeTestAfterTest.java:40)
at TestNG.BeforeTestAfterTest.CloseBrowser(BeforeTestAfterTest.java:40)
at TestNG.BeforeTestAfterTest.CloseBrowser(BeforeTestAfterTest.java:40)
at TestNG.BeforeTestAfterTest.CloseBrowser(BeforeTestAfterTest.java:40)
at TestNG.BeforeTestAfterTest.CloseBrowser(BeforeTestAfterTest.java:40)
at TestNG.BeforeTestAfterTest.CloseBrowser(BeforeTestAfterTest.java:40)
at TestNG.BeforeTestAfterTest.CloseBrowser(BeforeTestAfterTest.java:40)
at TestNG.BeforeTestAfterTest.CloseBrowser(BeforeTestAfterTest.java:40)
at TestNG.BeforeTestAfterTest.CloseBrowser(BeforeTestAfterTest.java:40)
at TestNG.BeforeTestAfterTest.CloseBrowser(BeforeTestAfterTest.java:40)
at TestNG.BeforeTestAfterTest.CloseBrowser(BeforeTestAfterTest.java:40)
at TestNG.BeforeTestAfterTest.CloseBrowser(BeforeTestAfterTest.java:40)
at TestNG.BeforeTestAfterTest.CloseBrowser(BeforeTestAfterTest.java:40)
at TestNG.BeforeTestAfterTest.CloseBrowser(BeforeTestAfterTest.java:40)
at TestNG.BeforeTestAfterTest.CloseBrowser(BeforeTestAfterTest.java:40)
at TestNG.BeforeTestAfterTest.CloseBrowser(BeforeTestAfterTest.java:40)
at TestNG.BeforeTestAfterTest.CloseBrowser(BeforeTestAfterTest.java:40)
at TestNG.BeforeTestAfterTest.CloseBrowser(BeforeTestAfterTest.java:40)
at TestNG.BeforeTestAfterTest.CloseBrowser(BeforeTestAfterTest.java:40)
at TestNG.BeforeTestAfterTest.CloseBrowser(BeforeTestAfterTest.java:40)
at TestNG.BeforeTestAfterTest.CloseBrowser(BeforeTestAfterTest.java:40)
at TestNG.BeforeTestAfterTest.CloseBrowser(BeforeTestAfterTest.java:40)
at TestNG.BeforeTestAfterTest.CloseBrowser(BeforeTestAfterTest.java:40)
at TestNG.BeforeTestAfterTest.CloseBrowser(BeforeTestAfterTest.java:40)
at TestNG.BeforeTestAfterTest.CloseBrowser(BeforeTestAfterTest.java:40)
at TestNG.BeforeTestAfterTest.CloseBrowser(BeforeTestAfterTest.java:40)
at TestNG.BeforeTestAfterTest.CloseBrowser(BeforeTestAfterTest.java:40)
at TestNG.BeforeTestAfterTest.CloseBrowser(BeforeTestAfterTest.java:40)
at TestNG.BeforeTestAfterTest.CloseBrowser(BeforeTestAfterTest.java:40)
at TestNG.BeforeTestAfterTest.CloseBrowser(BeforeTestAfterTest.java:40)
at TestNG.BeforeTestAfterTest.CloseBrowser(BeforeTestAfterTest.java:40)
at TestNG.BeforeTestAfterTest.CloseBrowser(BeforeTestAfterTest.java:40)
at TestNG.BeforeTestAfterTest.CloseBrowser(BeforeTestAfterTest.java:40)
at TestNG.BeforeTestAfterTest.CloseBrowser(BeforeTestAfterTest.java:40)
at TestNG.BeforeTestAfterTest.CloseBrowser(BeforeTestAfterTest.java:40)
at TestNG.BeforeTestAfterTest.CloseBrowser(BeforeTestAfterTest.java:40)
at TestNG.BeforeTestAfterTest.CloseBrowser(BeforeTestAfterTest.java:40)
at TestNG.BeforeTestAfterTest.CloseBrowser(BeforeTestAfterTest.java:40)
at TestNG.BeforeTestAfterTest.CloseBrowser(BeforeTestAfterTest.java:40)
at TestNG.BeforeTestAfterTest.CloseBrowser(BeforeTestAfterTest.java:40)
at TestNG.BeforeTestAfterTest.CloseBrowser(BeforeTestAfterTest.java:40)
at TestNG.BeforeTestAfterTest.CloseBrowser(BeforeTestAfterTest.java:40)
at TestNG.BeforeTestAfterTest.CloseBrowser(BeforeTestAfterTest.java:40)
at TestNG.BeforeTestAfterTest.CloseBrowser(BeforeTestAfterTest.java:40)
at TestNG.BeforeTestAfterTest.CloseBrowser(BeforeTestAfterTest.java:40)
at TestNG.BeforeTestAfterTest.CloseBrowser(BeforeTestAfterTest.java:40)
at TestNG.BeforeTestAfterTest.CloseBrowser(BeforeTestAfterTest.java:40)
at TestNG.BeforeTestAfterTest.CloseBrowser(BeforeTestAfterTest.java:40)
at TestNG.BeforeTestAfterTest.CloseBrowser(BeforeTestAfterTest.java:40)
at TestNG.BeforeTestAfterTest.CloseBrowser(BeforeTestAfterTest.java:40)
at TestNG.BeforeTestAfterTest.CloseBrowser(BeforeTestAfterTest.java:40)
at TestNG.BeforeTestAfterTest.CloseBrowser(BeforeTestAfterTest.java:40)
at TestNG.BeforeTestAfterTest.CloseBrowser(BeforeTestAfterTest.java:40)
at TestNG.BeforeTestAfterTest.CloseBrowser(BeforeTestAfterTest.java:40)
at TestNG.BeforeTestAfterTest.CloseBrowser(BeforeTestAfterTest.java:40)
at TestNG.BeforeTestAfterTest.CloseBrowser(BeforeTestAfterTest.java:40)
at TestNG.BeforeTestAfterTest.CloseBrowser(BeforeTestAfterTest.java:40)
at TestNG.BeforeTestAfterTest.CloseBrowser(BeforeTestAfterTest.java:40)
at TestNG.BeforeTestAfterTest.CloseBrowser(BeforeTestAfterTest.java:40)
at TestNG.BeforeTestAfterTest.CloseBrowser(BeforeTestAfterTest.java:40)
at TestNG.BeforeTestAfterTest.CloseBrowser(BeforeTestAfterTest.java:40)
at TestNG.BeforeTestAfterTest.CloseBrowser(BeforeTestAfterTest.java:40)
at TestNG.BeforeTestAfterTest.CloseBrowser(BeforeTestAfterTest.java:40)
at TestNG.BeforeTestAfterTest.CloseBrowser(BeforeTestAfterTest.java:40)
at TestNG.BeforeTestAfterTest.CloseBrowser(BeforeTestAfterTest.java:40)
at TestNG.BeforeTestAfterTest.CloseBrowser(BeforeTestAfterTest.java:40)
at TestNG.BeforeTestAfterTest.CloseBrowser(BeforeTestAfterTest.java:40)
at TestNG.BeforeTestAfterTest.CloseBrowser(BeforeTestAfterTest.java:40)
at TestNG.BeforeTestAfterTest.CloseBrowser(BeforeTestAfterTest.java:40)
at TestNG.BeforeTestAfterTest.CloseBrowser(BeforeTestAfterTest.java:40)
at TestNG.BeforeTestAfterTest.CloseBrowser(BeforeTestAfterTest.java:40)
at TestNG.BeforeTestAfterTest.CloseBrowser(BeforeTestAfterTest.java:40)
at TestNG.BeforeTestAfterTest.CloseBrowser(BeforeTestAfterTest.java:40)
at TestNG.BeforeTestAfterTest.CloseBrowser(BeforeTestAfterTest.java:40)
at TestNG.BeforeTestAfterTest.CloseBrowser(BeforeTestAfterTest.java:40)
at TestNG.BeforeTestAfterTest.CloseBrowser(BeforeTestAfterTest.java:40)
at TestNG.BeforeTestAfterTest.CloseBrowser(BeforeTestAfterTest.java:40)
at TestNG.BeforeTestAfterTest.CloseBrowser(BeforeTestAfterTest.java:40)
at TestNG.BeforeTestAfterTest.CloseBrowser(BeforeTestAfterTest.java:40)
at TestNG.BeforeTestAfterTest.CloseBrowser(BeforeTestAfterTest.java:40)
at TestNG.BeforeTestAfterTest.CloseBrowser(BeforeTestAfterTest.java:40)
at TestNG.BeforeTestAfterTest.CloseBrowser(BeforeTestAfterTest.java:40)
at TestNG.BeforeTestAfterTest.CloseBrowser(BeforeTestAfterTest.java:40)
at TestNG.BeforeTestAfterTest.CloseBrowser(BeforeTestAfterTest.java:40)
at TestNG.BeforeTestAfterTest.CloseBrowser(BeforeTestAfterTest.java:40)
at TestNG.BeforeTestAfterTest.CloseBrowser(BeforeTestAfterTest.java:40)
at TestNG.BeforeTestAfterTest.CloseBrowser(BeforeTestAfterTest.java:40)
at TestNG.BeforeTestAfterTest.CloseBrowser(BeforeTestAfterTest.java:40)
at TestNG.BeforeTestAfterTest.CloseBrowser(BeforeTestAfterTest.java:40)
at TestNG.BeforeTestAfterTest.CloseBrowser(BeforeTestAfterTest.java:40)
at TestNG.BeforeTestAfterTest.CloseBrowser(BeforeTestAfterTest.java:40)
at TestNG.BeforeTestAfterTest.CloseBrowser(BeforeTestAfterTest.java:40)
at TestNG.BeforeTestAfterTest.CloseBrowser(BeforeTestAfterTest.java:40)
at TestNG.BeforeTestAfterTest.CloseBrowser(BeforeTestAfterTest.java:40)
at TestNG.BeforeTestAfterTest.CloseBrowser(BeforeTestAfterTest.java:40)
at TestNG.BeforeTestAfterTest.CloseBrowser(BeforeTestAfterTest.java:40)
at TestNG.BeforeTestAfterTest.CloseBrowser(BeforeTestAfterTest.java:40)
at TestNG.BeforeTestAfterTest.CloseBrowser(BeforeTestAfterTest.java:40)
at TestNG.BeforeTestAfterTest.CloseBrowser(BeforeTestAfterTest.java:40)
at TestNG.BeforeTestAfterTest.CloseBrowser(BeforeTestAfterTest.java:40)
at TestNG.BeforeTestAfterTest.CloseBrowser(BeforeTestAfterTest.java:40)
at TestNG.BeforeTestAfterTest.CloseBrowser(BeforeTestAfterTest.java:40)
at TestNG.BeforeTestAfterTest.CloseBrowser(BeforeTestAfterTest.java:40)
at TestNG.BeforeTestAfterTest.CloseBrowser(BeforeTestAfterTest.java:40)
at TestNG.BeforeTestAfterTest.CloseBrowser(BeforeTestAfterTest.java:40)
at TestNG.BeforeTestAfterTest.CloseBrowser(BeforeTestAfterTest.java:40)
at TestNG.BeforeTestAfterTest.CloseBrowser(BeforeTestAfterTest.java:40)
at TestNG.BeforeTestAfterTest.CloseBrowser(BeforeTestAfterTest.java:40)
at TestNG.BeforeTestAfterTest.CloseBrowser(BeforeTestAfterTest.java:40)
at TestNG.BeforeTestAfterTest.CloseBrowser(BeforeTestAfterTest.java:40)
at TestNG.BeforeTestAfterTest.CloseBrowser(BeforeTestAfterTest.java:40)
at TestNG.BeforeTestAfterTest.CloseBrowser(BeforeTestAfterTest.java:40)
at TestNG.BeforeTestAfterTest.CloseBrowser(BeforeTestAfterTest.java:40)
at TestNG.BeforeTestAfterTest.CloseBrowser(BeforeTestAfterTest.java:40)
at TestNG.BeforeTestAfterTest.CloseBrowser(BeforeTestAfterTest.java:40)
at TestNG.BeforeTestAfterTest.CloseBrowser(BeforeTestAfterTest.java:40)
at TestNG.BeforeTestAfterTest.CloseBrowser(BeforeTestAfterTest.java:40)
at TestNG.BeforeTestAfterTest.CloseBrowser(BeforeTestAfterTest.java:40)
at TestNG.BeforeTestAfterTest.CloseBrowser(BeforeTestAfterTest.java:40)
at TestNG.BeforeTestAfterTest.CloseBrowser(BeforeTestAfterTest.java:40)
at TestNG.BeforeTestAfterTest.CloseBrowser(BeforeTestAfterTest.java:40)
at TestNG.BeforeTestAfterTest.CloseBrowser(BeforeTestAfterTest.java:40)
at TestNG.BeforeTestAfterTest.CloseBrowser(BeforeTestAfterTest.java:40)
at TestNG.BeforeTestAfterTest.CloseBrowser(BeforeTestAfterTest.java:40)
at TestNG.BeforeTestAfterTest.CloseBrowser(BeforeTestAfterTest.java:40)
at TestNG.BeforeTestAfterTest.CloseBrowser(BeforeTestAfterTest.java:40)
at TestNG.BeforeTestAfterTest.CloseBrowser(BeforeTestAfterTest.java:40)
at TestNG.BeforeTestAfterTest.CloseBrowser(BeforeTestAfterTest.java:40)
at TestNG.BeforeTestAfterTest.CloseBrowser(BeforeTestAfterTest.java:40)
at TestNG.BeforeTestAfterTest.CloseBrowser(BeforeTestAfterTest.java:40)
at TestNG.BeforeTestAfterTest.CloseBrowser(BeforeTestAfterTest.java:40)
at TestNG.BeforeTestAfterTest.CloseBrowser(BeforeTestAfterTest.java:40)
at TestNG.BeforeTestAfterTest.CloseBrowser(BeforeTestAfterTest.java:40)
at TestNG.BeforeTestAfterTest.CloseBrowser(BeforeTestAfterTest.java:40)
at TestNG.BeforeTestAfterTest.CloseBrowser(BeforeTestAfterTest.java:40)
at TestNG.BeforeTestAfterTest.CloseBrowser(BeforeTestAfterTest.java:40)
at TestNG.BeforeTestAfterTest.CloseBrowser(BeforeTestAfterTest.java:40)
at TestNG.BeforeTestAfterTest.CloseBrowser(BeforeTestAfterTest.java:40)
at TestNG.BeforeTestAfterTest.CloseBrowser(BeforeTestAfterTest.java:40)
at TestNG.BeforeTestAfterTest.CloseBrowser(BeforeTestAfterTest.java:40)
at TestNG.BeforeTestAfterTest.CloseBrowser(BeforeTestAfterTest.java:40)
at TestNG.BeforeTestAfterTest.CloseBrowser(BeforeTestAfterTest.java:40)
at TestNG.BeforeTestAfterTest.CloseBrowser(BeforeTestAfterTest.java:40)
at TestNG.BeforeTestAfterTest.CloseBrowser(BeforeTestAfterTest.java:40)
at TestNG.BeforeTestAfterTest.CloseBrowser(BeforeTestAfterTest.java:40)
at TestNG.BeforeTestAfterTest.CloseBrowser(BeforeTestAfterTest.java:40)
at TestNG.BeforeTestAfterTest.CloseBrowser(BeforeTestAfterTest.java:40)
at TestNG.BeforeTestAfterTest.CloseBrowser(BeforeTestAfterTest.java:40)
at TestNG.BeforeTestAfterTest.CloseBrowser(BeforeTestAfterTest.java:40)
at TestNG.BeforeTestAfterTest.CloseBrowser(BeforeTestAfterTest.java:40)
at TestNG.BeforeTestAfterTest.CloseBrowser(BeforeTestAfterTest.java:40)
at TestNG.BeforeTestAfterTest.CloseBrowser(BeforeTestAfterTest.java:40)
at TestNG.BeforeTestAfterTest.CloseBrowser(BeforeTestAfterTest.java:40)
at TestNG.BeforeTestAfterTest.CloseBrowser(BeforeTestAfterTest.java:40)
at TestNG.BeforeTestAfterTest.CloseBrowser(BeforeTestAfterTest.java:40)
at TestNG.BeforeTestAfterTest.CloseBrowser(BeforeTestAfterTest.java:40)
at TestNG.BeforeTestAfterTest.CloseBrowser(BeforeTestAfterTest.java:40)
at TestNG.BeforeTestAfterTest.CloseBrowser(BeforeTestAfterTest.java:40)
at TestNG.BeforeTestAfterTest.CloseBrowser(BeforeTestAfterTest.java:40)
at TestNG.BeforeTestAfterTest.CloseBrowser(BeforeTestAfterTest.java:40)
at TestNG.BeforeTestAfterTest.CloseBrowser(BeforeTestAfterTest.java:40)
at TestNG.BeforeTestAfterTest.CloseBrowser(BeforeTestAfterTest.java:40)
at TestNG.BeforeTestAfterTest.CloseBrowser(BeforeTestAfterTest.java:40)
at TestNG.BeforeTestAfterTest.CloseBrowser(BeforeTestAfterTest.java:40)
at TestNG.BeforeTestAfterTest.CloseBrowser(BeforeTestAfterTest.java:40)
at TestNG.BeforeTestAfterTest.CloseBrowser(BeforeTestAfterTest.java:40)
at TestNG.BeforeTestAfterTest.CloseBrowser(BeforeTestAfterTest.java:40)
at TestNG.BeforeTestAfterTest.CloseBrowser(BeforeTestAfterTest.java:40)
at TestNG.BeforeTestAfterTest.CloseBrowser(BeforeTestAfterTest.java:40)
at TestNG.BeforeTestAfterTest.CloseBrowser(BeforeTestAfterTest.java:40)
at TestNG.BeforeTestAfterTest.CloseBrowser(BeforeTestAfterTest.java:40)
at TestNG.BeforeTestAfterTest.CloseBrowser(BeforeTestAfterTest.java:40)
at TestNG.BeforeTestAfterTest.CloseBrowser(BeforeTestAfterTest.java:40)
at TestNG.BeforeTestAfterTest.CloseBrowser(BeforeTestAfterTest.java:40)
at TestNG.BeforeTestAfterTest.CloseBrowser(BeforeTestAfterTest.java:40)
at TestNG.BeforeTestAfterTest.CloseBrowser(BeforeTestAfterTest.java:40)
at TestNG.BeforeTestAfterTest.CloseBrowser(BeforeTestAfterTest.java:40)
at TestNG.BeforeTestAfterTest.CloseBrowser(BeforeTestAfterTest.java:40)
at TestNG.BeforeTestAfterTest.CloseBrowser(BeforeTestAfterTest.java:40)
at TestNG.BeforeTestAfterTest.CloseBrowser(BeforeTestAfterTest.java:40)
at TestNG.BeforeTestAfterTest.CloseBrowser(BeforeTestAfterTest.java:40)
at TestNG.BeforeTestAfterTest.CloseBrowser(BeforeTestAfterTest.java:40)
at TestNG.BeforeTestAfterTest.CloseBrowser(BeforeTestAfterTest.java:40)
at TestNG.BeforeTestAfterTest.CloseBrowser(BeforeTestAfterTest.java:40)
]]>
    </failure>
  </testcase> <!-- @AfterTest CloseBrowser -->
  <testcase name="NvigateToURL" time="2.132" classname="TestNG.BeforeTestAfterTest"/>
  <testcase name="VerifyGenderRadioButtonDisplayingOrNot" time="0.118" classname="TestNG.BeforeTestAfterTest"/>
</testsuite> <!-- Test2 -->
