<?xml version="1.0" encoding="UTF-8"?>
<!-- Generated by org.testng.reporters.JUnitXMLReporter -->
<testsuite hostname="DESKTOP-GHD7SM5" ignored="0" name="Web Element Commands" tests="17" failures="1" timestamp="28 Dec 2024 01:22:39 GMT" time="12.246" errors="0">
  <testcase name="OpenBrowserWithName" time="6.657" classname="HomeScreen.TutorialsDemo"/>
  <testcase name="PrintNumberOfDropDownsInPage" time="0.098" classname="HomeScreen.TutorialsDemo"/>
  <testcase name="PrintNumberOfLinksinPage" time="0.047" classname="HomeScreen.TutorialsDemo"/>
  <testcase name="EnterValuesintoNameFiled" time="0.257" classname="HomeScreen.TutorialsDemo"/>
  <testcase name="EnterValuesIntoNameTextFieldWithXpath" time="0.13" classname="HomeScreen.TutorialsDemo"/>
  <testcase name="EneterValuesIntoEmail" time="0.143" classname="HomeScreen.TutorialsDemo"/>
  <testcase name="ClickonName" time="0.139" classname="HomeScreen.TutorialsDemo"/>
  <testcase name="EnterName" time="0.182" classname="HomeScreen.TutorialsDemo"/>
  <testcase name="CleartextInName" time="3.145" classname="HomeScreen.TutorialsDemo"/>
  <testcase name="GetTextOfLink" time="0.059" classname="HomeScreen.TutorialsDemo"/>
  <testcase name="GetLocationXandYofWebElement" time="0.11" classname="HomeScreen.TutorialsDemo"/>
  <testcase name="getPlaceHolderValuesOfNameFiled" time="0.082" classname="HomeScreen.TutorialsDemo"/>
  <testcase name="VerifyUploadFileOptionEnabledorNot" time="0.106" classname="HomeScreen.TutorialsDemo"/>
  <testcase name="VerifyUploadFileOptionDisplayedorNot" time="0.136" classname="HomeScreen.TutorialsDemo"/>
  <testcase name="VerifySportsCheckBoxIsSelectedorNot" time="0.29" classname="HomeScreen.TutorialsDemo"/>
  <testcase name="SelectStateRajastanandCityAgra" time="0.495" classname="HomeScreen.TutorialsDemo"/>
  <testcase name="DeSelectStateRajastanandCityAgra" time="0.062" classname="HomeScreen.TutorialsDemo">
    <failure type="java.lang.UnsupportedOperationException" message="You may only deselect options of a multi-select">
      <![CDATA[java.lang.UnsupportedOperationException: You may only deselect options of a multi-select
at org.openqa.selenium.support.ui.Select.deselectByIndex(Select.java:244)
at Utilities.GenericMethods.DeSelectOptionInDropDownByIndex(GenericMethods.java:327)
at HomeScreen.TutorialsDemo.DeSelectStateRajastanandCityAgra(TutorialsDemo.java:162)
... Removed 25 stack frames]]>
    </failure>
  </testcase> <!-- DeSelectStateRajastanandCityAgra -->
</testsuite> <!-- Web Element Commands -->
