<?xml version="1.0" encoding="UTF-8"?>
<!-- Generated by org.testng.reporters.JUnitXMLReporter -->
<testsuite hostname="DESKTOP-GHD7SM5" ignored="0" name="Prallel Classes Test" tests="19" failures="1" timestamp="28 Dec 2024 02:43:17 GMT" time="13.208" errors="0">
  <testcase name="ActualTest1" time="3.979" classname="TestNG.AllAnnotations"/>
  <testcase name="OpenBrowserWithName" time="6.871" classname="HomeScreen.TutorialsDemo"/>
  <testcase name="ActualTest2" time="0.003" classname="TestNG.AllAnnotations"/>
  <testcase name="PrintNumberOfDropDownsInPage" time="0.093" classname="HomeScreen.TutorialsDemo"/>
  <testcase name="PrintNumberOfLinksinPage" time="0.064" classname="HomeScreen.TutorialsDemo"/>
  <testcase name="EnterValuesintoNameFiled" time="0.328" classname="HomeScreen.TutorialsDemo"/>
  <testcase name="EnterValuesIntoNameTextFieldWithXpath" time="0.13" classname="HomeScreen.TutorialsDemo"/>
  <testcase name="EneterValuesIntoEmail" time="0.177" classname="HomeScreen.TutorialsDemo"/>
  <testcase name="ClickonName" time="0.19" classname="HomeScreen.TutorialsDemo"/>
  <testcase name="EnterName" time="0.227" classname="HomeScreen.TutorialsDemo"/>
  <testcase name="CleartextInName" time="3.205" classname="HomeScreen.TutorialsDemo"/>
  <testcase name="GetTextOfLink" time="0.062" classname="HomeScreen.TutorialsDemo"/>
  <testcase name="GetLocationXandYofWebElement" time="0.095" classname="HomeScreen.TutorialsDemo"/>
  <testcase name="getPlaceHolderValuesOfNameFiled" time="0.1" classname="HomeScreen.TutorialsDemo"/>
  <testcase name="VerifyUploadFileOptionEnabledorNot" time="0.132" classname="HomeScreen.TutorialsDemo"/>
  <testcase name="VerifyUploadFileOptionDisplayedorNot" time="0.114" classname="HomeScreen.TutorialsDemo"/>
  <testcase name="VerifySportsCheckBoxIsSelectedorNot" time="0.559" classname="HomeScreen.TutorialsDemo"/>
  <testcase name="SelectStateRajastanandCityAgra" time="0.718" classname="HomeScreen.TutorialsDemo"/>
  <testcase name="DeSelectStateRajastanandCityAgra" time="0.06" classname="HomeScreen.TutorialsDemo">
    <failure type="java.lang.UnsupportedOperationException" message="You may only deselect options of a multi-select">
      <![CDATA[java.lang.UnsupportedOperationException: You may only deselect options of a multi-select
at org.openqa.selenium.support.ui.Select.deselectByIndex(Select.java:244)
at Utilities.GenericMethods.DeSelectOptionInDropDownByIndex(GenericMethods.java:327)
at HomeScreen.TutorialsDemo.DeSelectStateRajastanandCityAgra(TutorialsDemo.java:162)
at java.util.concurrent.ThreadPoolExecutor.runWorker(Unknown Source)
at java.util.concurrent.ThreadPoolExecutor$Worker.run(Unknown Source)
at java.lang.Thread.run(Unknown Source)
... Removed 10 stack frames]]>
    </failure>
  </testcase> <!-- DeSelectStateRajastanandCityAgra -->
</testsuite> <!-- Prallel Classes Test -->
