<?xml version="1.0" encoding="UTF-8"?>
<!-- Generated by org.testng.reporters.JUnitXMLReporter -->
<testsuite hostname="DESKTOP-GHD7SM5" ignored="0" name=" Verify RadioButoon Displayed or not" tests="2" failures="0" timestamp="28 Dec 2024 02:05:24 GMT" time="6.743" errors="0">
  <testcase name="NvigateToURL" time="1.328" classname="TestNG.BeforeTestAfterTest"/>
  <testcase name="VerifyGenderRadioButtonDisplayingOrNot" time="0.251" classname="TestNG.BeforeTestAfterTest"/>
</testsuite> <!--  Verify RadioButoon Displayed or not -->
