<?xml version="1.0" encoding="UTF-8"?>
<!-- Generated by org.testng.reporters.JUnitXMLReporter -->
<testsuite hostname="DESKTOP-GHD7SM5" ignored="0" name="Internet Test" tests="2" failures="0" timestamp="28 Dec 2024 02:13:28 GMT" time="0.037" errors="0">
  <testcase name="@BeforeTest OpenBrowser" time="0.006" classname="TestNG.BeforeTestAfterTest">
    <failure type="java.lang.StackOverflowError">
      <![CDATA[java.lang.StackOverflowError
at TestNG.BeforeTestAfterTest.OpenBrowser(BeforeTestAfterTest.java:17)
at TestNG.BeforeTestAfterTest.OpenBrowser(BeforeTestAfterTest.java:17)
at TestNG.BeforeTestAfterTest.OpenBrowser(BeforeTestAfterTest.java:17)
at TestNG.BeforeTestAfterTest.OpenBrowser(BeforeTestAfterTest.java:17)
at TestNG.BeforeTestAfterTest.OpenBrowser(BeforeTestAfterTest.java:17)
at TestNG.BeforeTestAfterTest.OpenBrowser(BeforeTestAfterTest.java:17)
at TestNG.BeforeTestAfterTest.OpenBrowser(BeforeTestAfterTest.java:17)
at TestNG.BeforeTestAfterTest.OpenBrowser(BeforeTestAfterTest.java:17)
at TestNG.BeforeTestAfterTest.OpenBrowser(BeforeTestAfterTest.java:17)
at TestNG.BeforeTestAfterTest.OpenBrowser(BeforeTestAfterTest.java:17)
at TestNG.BeforeTestAfterTest.OpenBrowser(BeforeTestAfterTest.java:17)
at TestNG.BeforeTestAfterTest.OpenBrowser(BeforeTestAfterTest.java:17)
at TestNG.BeforeTestAfterTest.OpenBrowser(BeforeTestAfterTest.java:17)
at TestNG.BeforeTestAfterTest.OpenBrowser(BeforeTestAfterTest.java:17)
at TestNG.BeforeTestAfterTest.OpenBrowser(BeforeTestAfterTest.java:17)
at TestNG.BeforeTestAfterTest.OpenBrowser(BeforeTestAfterTest.java:17)
at TestNG.BeforeTestAfterTest.OpenBrowser(BeforeTestAfterTest.java:17)
at TestNG.BeforeTestAfterTest.OpenBrowser(BeforeTestAfterTest.java:17)
at TestNG.BeforeTestAfterTest.OpenBrowser(BeforeTestAfterTest.java:17)
at TestNG.BeforeTestAfterTest.OpenBrowser(BeforeTestAfterTest.java:17)
at TestNG.BeforeTestAfterTest.OpenBrowser(BeforeTestAfterTest.java:17)
at TestNG.BeforeTestAfterTest.OpenBrowser(BeforeTestAfterTest.java:17)
at TestNG.BeforeTestAfterTest.OpenBrowser(BeforeTestAfterTest.java:17)
at TestNG.BeforeTestAfterTest.OpenBrowser(BeforeTestAfterTest.java:17)
at TestNG.BeforeTestAfterTest.OpenBrowser(BeforeTestAfterTest.java:17)
at TestNG.BeforeTestAfterTest.OpenBrowser(BeforeTestAfterTest.java:17)
at TestNG.BeforeTestAfterTest.OpenBrowser(BeforeTestAfterTest.java:17)
at TestNG.BeforeTestAfterTest.OpenBrowser(BeforeTestAfterTest.java:17)
at TestNG.BeforeTestAfterTest.OpenBrowser(BeforeTestAfterTest.java:17)
at TestNG.BeforeTestAfterTest.OpenBrowser(BeforeTestAfterTest.java:17)
at TestNG.BeforeTestAfterTest.OpenBrowser(BeforeTestAfterTest.java:17)
at TestNG.BeforeTestAfterTest.OpenBrowser(BeforeTestAfterTest.java:17)
at TestNG.BeforeTestAfterTest.OpenBrowser(BeforeTestAfterTest.java:17)
at TestNG.BeforeTestAfterTest.OpenBrowser(BeforeTestAfterTest.java:17)
at TestNG.BeforeTestAfterTest.OpenBrowser(BeforeTestAfterTest.java:17)
at TestNG.BeforeTestAfterTest.OpenBrowser(BeforeTestAfterTest.java:17)
at TestNG.BeforeTestAfterTest.OpenBrowser(BeforeTestAfterTest.java:17)
at TestNG.BeforeTestAfterTest.OpenBrowser(BeforeTestAfterTest.java:17)
at TestNG.BeforeTestAfterTest.OpenBrowser(BeforeTestAfterTest.java:17)
at TestNG.BeforeTestAfterTest.OpenBrowser(BeforeTestAfterTest.java:17)
at TestNG.BeforeTestAfterTest.OpenBrowser(BeforeTestAfterTest.java:17)
at TestNG.BeforeTestAfterTest.OpenBrowser(BeforeTestAfterTest.java:17)
at TestNG.BeforeTestAfterTest.OpenBrowser(BeforeTestAfterTest.java:17)
at TestNG.BeforeTestAfterTest.OpenBrowser(BeforeTestAfterTest.java:17)
at TestNG.BeforeTestAfterTest.OpenBrowser(BeforeTestAfterTest.java:17)
at TestNG.BeforeTestAfterTest.OpenBrowser(BeforeTestAfterTest.java:17)
at TestNG.BeforeTestAfterTest.OpenBrowser(BeforeTestAfterTest.java:17)
at TestNG.BeforeTestAfterTest.OpenBrowser(BeforeTestAfterTest.java:17)
at TestNG.BeforeTestAfterTest.OpenBrowser(BeforeTestAfterTest.java:17)
at TestNG.BeforeTestAfterTest.OpenBrowser(BeforeTestAfterTest.java:17)
at TestNG.BeforeTestAfterTest.OpenBrowser(BeforeTestAfterTest.java:17)
at TestNG.BeforeTestAfterTest.OpenBrowser(BeforeTestAfterTest.java:17)
at TestNG.BeforeTestAfterTest.OpenBrowser(BeforeTestAfterTest.java:17)
at TestNG.BeforeTestAfterTest.OpenBrowser(BeforeTestAfterTest.java:17)
at TestNG.BeforeTestAfterTest.OpenBrowser(BeforeTestAfterTest.java:17)
at TestNG.BeforeTestAfterTest.OpenBrowser(BeforeTestAfterTest.java:17)
at TestNG.BeforeTestAfterTest.OpenBrowser(BeforeTestAfterTest.java:17)
at TestNG.BeforeTestAfterTest.OpenBrowser(BeforeTestAfterTest.java:17)
at TestNG.BeforeTestAfterTest.OpenBrowser(BeforeTestAfterTest.java:17)
at TestNG.BeforeTestAfterTest.OpenBrowser(BeforeTestAfterTest.java:17)
at TestNG.BeforeTestAfterTest.OpenBrowser(BeforeTestAfterTest.java:17)
at TestNG.BeforeTestAfterTest.OpenBrowser(BeforeTestAfterTest.java:17)
at TestNG.BeforeTestAfterTest.OpenBrowser(BeforeTestAfterTest.java:17)
at TestNG.BeforeTestAfterTest.OpenBrowser(BeforeTestAfterTest.java:17)
at TestNG.BeforeTestAfterTest.OpenBrowser(BeforeTestAfterTest.java:17)
at TestNG.BeforeTestAfterTest.OpenBrowser(BeforeTestAfterTest.java:17)
at TestNG.BeforeTestAfterTest.OpenBrowser(BeforeTestAfterTest.java:17)
at TestNG.BeforeTestAfterTest.OpenBrowser(BeforeTestAfterTest.java:17)
at TestNG.BeforeTestAfterTest.OpenBrowser(BeforeTestAfterTest.java:17)
at TestNG.BeforeTestAfterTest.OpenBrowser(BeforeTestAfterTest.java:17)
at TestNG.BeforeTestAfterTest.OpenBrowser(BeforeTestAfterTest.java:17)
at TestNG.BeforeTestAfterTest.OpenBrowser(BeforeTestAfterTest.java:17)
at TestNG.BeforeTestAfterTest.OpenBrowser(BeforeTestAfterTest.java:17)
at TestNG.BeforeTestAfterTest.OpenBrowser(BeforeTestAfterTest.java:17)
at TestNG.BeforeTestAfterTest.OpenBrowser(BeforeTestAfterTest.java:17)
at TestNG.BeforeTestAfterTest.OpenBrowser(BeforeTestAfterTest.java:17)
at TestNG.BeforeTestAfterTest.OpenBrowser(BeforeTestAfterTest.java:17)
at TestNG.BeforeTestAfterTest.OpenBrowser(BeforeTestAfterTest.java:17)
at TestNG.BeforeTestAfterTest.OpenBrowser(BeforeTestAfterTest.java:17)
at TestNG.BeforeTestAfterTest.OpenBrowser(BeforeTestAfterTest.java:17)
at TestNG.BeforeTestAfterTest.OpenBrowser(BeforeTestAfterTest.java:17)
at TestNG.BeforeTestAfterTest.OpenBrowser(BeforeTestAfterTest.java:17)
at TestNG.BeforeTestAfterTest.OpenBrowser(BeforeTestAfterTest.java:17)
at TestNG.BeforeTestAfterTest.OpenBrowser(BeforeTestAfterTest.java:17)
at TestNG.BeforeTestAfterTest.OpenBrowser(BeforeTestAfterTest.java:17)
at TestNG.BeforeTestAfterTest.OpenBrowser(BeforeTestAfterTest.java:17)
at TestNG.BeforeTestAfterTest.OpenBrowser(BeforeTestAfterTest.java:17)
at TestNG.BeforeTestAfterTest.OpenBrowser(BeforeTestAfterTest.java:17)
at TestNG.BeforeTestAfterTest.OpenBrowser(BeforeTestAfterTest.java:17)
at TestNG.BeforeTestAfterTest.OpenBrowser(BeforeTestAfterTest.java:17)
at TestNG.BeforeTestAfterTest.OpenBrowser(BeforeTestAfterTest.java:17)
at TestNG.BeforeTestAfterTest.OpenBrowser(BeforeTestAfterTest.java:17)
at TestNG.BeforeTestAfterTest.OpenBrowser(BeforeTestAfterTest.java:17)
at TestNG.BeforeTestAfterTest.OpenBrowser(BeforeTestAfterTest.java:17)
at TestNG.BeforeTestAfterTest.OpenBrowser(BeforeTestAfterTest.java:17)
at TestNG.BeforeTestAfterTest.OpenBrowser(BeforeTestAfterTest.java:17)
at TestNG.BeforeTestAfterTest.OpenBrowser(BeforeTestAfterTest.java:17)
at TestNG.BeforeTestAfterTest.OpenBrowser(BeforeTestAfterTest.java:17)
at TestNG.BeforeTestAfterTest.OpenBrowser(BeforeTestAfterTest.java:17)
at TestNG.BeforeTestAfterTest.OpenBrowser(BeforeTestAfterTest.java:17)
at TestNG.BeforeTestAfterTest.OpenBrowser(BeforeTestAfterTest.java:17)
at TestNG.BeforeTestAfterTest.OpenBrowser(BeforeTestAfterTest.java:17)
at TestNG.BeforeTestAfterTest.OpenBrowser(BeforeTestAfterTest.java:17)
at TestNG.BeforeTestAfterTest.OpenBrowser(BeforeTestAfterTest.java:17)
at TestNG.BeforeTestAfterTest.OpenBrowser(BeforeTestAfterTest.java:17)
at TestNG.BeforeTestAfterTest.OpenBrowser(BeforeTestAfterTest.java:17)
at TestNG.BeforeTestAfterTest.OpenBrowser(BeforeTestAfterTest.java:17)
at TestNG.BeforeTestAfterTest.OpenBrowser(BeforeTestAfterTest.java:17)
at TestNG.BeforeTestAfterTest.OpenBrowser(BeforeTestAfterTest.java:17)
at TestNG.BeforeTestAfterTest.OpenBrowser(BeforeTestAfterTest.java:17)
at TestNG.BeforeTestAfterTest.OpenBrowser(BeforeTestAfterTest.java:17)
at TestNG.BeforeTestAfterTest.OpenBrowser(BeforeTestAfterTest.java:17)
at TestNG.BeforeTestAfterTest.OpenBrowser(BeforeTestAfterTest.java:17)
at TestNG.BeforeTestAfterTest.OpenBrowser(BeforeTestAfterTest.java:17)
at TestNG.BeforeTestAfterTest.OpenBrowser(BeforeTestAfterTest.java:17)
at TestNG.BeforeTestAfterTest.OpenBrowser(BeforeTestAfterTest.java:17)
at TestNG.BeforeTestAfterTest.OpenBrowser(BeforeTestAfterTest.java:17)
at TestNG.BeforeTestAfterTest.OpenBrowser(BeforeTestAfterTest.java:17)
at TestNG.BeforeTestAfterTest.OpenBrowser(BeforeTestAfterTest.java:17)
at TestNG.BeforeTestAfterTest.OpenBrowser(BeforeTestAfterTest.java:17)
at TestNG.BeforeTestAfterTest.OpenBrowser(BeforeTestAfterTest.java:17)
at TestNG.BeforeTestAfterTest.OpenBrowser(BeforeTestAfterTest.java:17)
at TestNG.BeforeTestAfterTest.OpenBrowser(BeforeTestAfterTest.java:17)
at TestNG.BeforeTestAfterTest.OpenBrowser(BeforeTestAfterTest.java:17)
at TestNG.BeforeTestAfterTest.OpenBrowser(BeforeTestAfterTest.java:17)
at TestNG.BeforeTestAfterTest.OpenBrowser(BeforeTestAfterTest.java:17)
at TestNG.BeforeTestAfterTest.OpenBrowser(BeforeTestAfterTest.java:17)
at TestNG.BeforeTestAfterTest.OpenBrowser(BeforeTestAfterTest.java:17)
at TestNG.BeforeTestAfterTest.OpenBrowser(BeforeTestAfterTest.java:17)
at TestNG.BeforeTestAfterTest.OpenBrowser(BeforeTestAfterTest.java:17)
at TestNG.BeforeTestAfterTest.OpenBrowser(BeforeTestAfterTest.java:17)
at TestNG.BeforeTestAfterTest.OpenBrowser(BeforeTestAfterTest.java:17)
at TestNG.BeforeTestAfterTest.OpenBrowser(BeforeTestAfterTest.java:17)
at TestNG.BeforeTestAfterTest.OpenBrowser(BeforeTestAfterTest.java:17)
at TestNG.BeforeTestAfterTest.OpenBrowser(BeforeTestAfterTest.java:17)
at TestNG.BeforeTestAfterTest.OpenBrowser(BeforeTestAfterTest.java:17)
at TestNG.BeforeTestAfterTest.OpenBrowser(BeforeTestAfterTest.java:17)
at TestNG.BeforeTestAfterTest.OpenBrowser(BeforeTestAfterTest.java:17)
at TestNG.BeforeTestAfterTest.OpenBrowser(BeforeTestAfterTest.java:17)
at TestNG.BeforeTestAfterTest.OpenBrowser(BeforeTestAfterTest.java:17)
at TestNG.BeforeTestAfterTest.OpenBrowser(BeforeTestAfterTest.java:17)
at TestNG.BeforeTestAfterTest.OpenBrowser(BeforeTestAfterTest.java:17)
at TestNG.BeforeTestAfterTest.OpenBrowser(BeforeTestAfterTest.java:17)
at TestNG.BeforeTestAfterTest.OpenBrowser(BeforeTestAfterTest.java:17)
at TestNG.BeforeTestAfterTest.OpenBrowser(BeforeTestAfterTest.java:17)
at TestNG.BeforeTestAfterTest.OpenBrowser(BeforeTestAfterTest.java:17)
at TestNG.BeforeTestAfterTest.OpenBrowser(BeforeTestAfterTest.java:17)
at TestNG.BeforeTestAfterTest.OpenBrowser(BeforeTestAfterTest.java:17)
at TestNG.BeforeTestAfterTest.OpenBrowser(BeforeTestAfterTest.java:17)
at TestNG.BeforeTestAfterTest.OpenBrowser(BeforeTestAfterTest.java:17)
at TestNG.BeforeTestAfterTest.OpenBrowser(BeforeTestAfterTest.java:17)
at TestNG.BeforeTestAfterTest.OpenBrowser(BeforeTestAfterTest.java:17)
at TestNG.BeforeTestAfterTest.OpenBrowser(BeforeTestAfterTest.java:17)
at TestNG.BeforeTestAfterTest.OpenBrowser(BeforeTestAfterTest.java:17)
at TestNG.BeforeTestAfterTest.OpenBrowser(BeforeTestAfterTest.java:17)
at TestNG.BeforeTestAfterTest.OpenBrowser(BeforeTestAfterTest.java:17)
at TestNG.BeforeTestAfterTest.OpenBrowser(BeforeTestAfterTest.java:17)
at TestNG.BeforeTestAfterTest.OpenBrowser(BeforeTestAfterTest.java:17)
at TestNG.BeforeTestAfterTest.OpenBrowser(BeforeTestAfterTest.java:17)
at TestNG.BeforeTestAfterTest.OpenBrowser(BeforeTestAfterTest.java:17)
at TestNG.BeforeTestAfterTest.OpenBrowser(BeforeTestAfterTest.java:17)
at TestNG.BeforeTestAfterTest.OpenBrowser(BeforeTestAfterTest.java:17)
at TestNG.BeforeTestAfterTest.OpenBrowser(BeforeTestAfterTest.java:17)
at TestNG.BeforeTestAfterTest.OpenBrowser(BeforeTestAfterTest.java:17)
at TestNG.BeforeTestAfterTest.OpenBrowser(BeforeTestAfterTest.java:17)
at TestNG.BeforeTestAfterTest.OpenBrowser(BeforeTestAfterTest.java:17)
at TestNG.BeforeTestAfterTest.OpenBrowser(BeforeTestAfterTest.java:17)
at TestNG.BeforeTestAfterTest.OpenBrowser(BeforeTestAfterTest.java:17)
at TestNG.BeforeTestAfterTest.OpenBrowser(BeforeTestAfterTest.java:17)
at TestNG.BeforeTestAfterTest.OpenBrowser(BeforeTestAfterTest.java:17)
at TestNG.BeforeTestAfterTest.OpenBrowser(BeforeTestAfterTest.java:17)
at TestNG.BeforeTestAfterTest.OpenBrowser(BeforeTestAfterTest.java:17)
at TestNG.BeforeTestAfterTest.OpenBrowser(BeforeTestAfterTest.java:17)
at TestNG.BeforeTestAfterTest.OpenBrowser(BeforeTestAfterTest.java:17)
at TestNG.BeforeTestAfterTest.OpenBrowser(BeforeTestAfterTest.java:17)
at TestNG.BeforeTestAfterTest.OpenBrowser(BeforeTestAfterTest.java:17)
at TestNG.BeforeTestAfterTest.OpenBrowser(BeforeTestAfterTest.java:17)
at TestNG.BeforeTestAfterTest.OpenBrowser(BeforeTestAfterTest.java:17)
at TestNG.BeforeTestAfterTest.OpenBrowser(BeforeTestAfterTest.java:17)
at TestNG.BeforeTestAfterTest.OpenBrowser(BeforeTestAfterTest.java:17)
at TestNG.BeforeTestAfterTest.OpenBrowser(BeforeTestAfterTest.java:17)
at TestNG.BeforeTestAfterTest.OpenBrowser(BeforeTestAfterTest.java:17)
at TestNG.BeforeTestAfterTest.OpenBrowser(BeforeTestAfterTest.java:17)
at TestNG.BeforeTestAfterTest.OpenBrowser(BeforeTestAfterTest.java:17)
at TestNG.BeforeTestAfterTest.OpenBrowser(BeforeTestAfterTest.java:17)
at TestNG.BeforeTestAfterTest.OpenBrowser(BeforeTestAfterTest.java:17)
at TestNG.BeforeTestAfterTest.OpenBrowser(BeforeTestAfterTest.java:17)
at TestNG.BeforeTestAfterTest.OpenBrowser(BeforeTestAfterTest.java:17)
at TestNG.BeforeTestAfterTest.OpenBrowser(BeforeTestAfterTest.java:17)
at TestNG.BeforeTestAfterTest.OpenBrowser(BeforeTestAfterTest.java:17)
at TestNG.BeforeTestAfterTest.OpenBrowser(BeforeTestAfterTest.java:17)
at TestNG.BeforeTestAfterTest.OpenBrowser(BeforeTestAfterTest.java:17)
at TestNG.BeforeTestAfterTest.OpenBrowser(BeforeTestAfterTest.java:17)
at TestNG.BeforeTestAfterTest.OpenBrowser(BeforeTestAfterTest.java:17)
at TestNG.BeforeTestAfterTest.OpenBrowser(BeforeTestAfterTest.java:17)
at TestNG.BeforeTestAfterTest.OpenBrowser(BeforeTestAfterTest.java:17)
at TestNG.BeforeTestAfterTest.OpenBrowser(BeforeTestAfterTest.java:17)
at TestNG.BeforeTestAfterTest.OpenBrowser(BeforeTestAfterTest.java:17)
at TestNG.BeforeTestAfterTest.OpenBrowser(BeforeTestAfterTest.java:17)
at TestNG.BeforeTestAfterTest.OpenBrowser(BeforeTestAfterTest.java:17)
at TestNG.BeforeTestAfterTest.OpenBrowser(BeforeTestAfterTest.java:17)
at TestNG.BeforeTestAfterTest.OpenBrowser(BeforeTestAfterTest.java:17)
at TestNG.BeforeTestAfterTest.OpenBrowser(BeforeTestAfterTest.java:17)
at TestNG.BeforeTestAfterTest.OpenBrowser(BeforeTestAfterTest.java:17)
at TestNG.BeforeTestAfterTest.OpenBrowser(BeforeTestAfterTest.java:17)
at TestNG.BeforeTestAfterTest.OpenBrowser(BeforeTestAfterTest.java:17)
at TestNG.BeforeTestAfterTest.OpenBrowser(BeforeTestAfterTest.java:17)
at TestNG.BeforeTestAfterTest.OpenBrowser(BeforeTestAfterTest.java:17)
at TestNG.BeforeTestAfterTest.OpenBrowser(BeforeTestAfterTest.java:17)
at TestNG.BeforeTestAfterTest.OpenBrowser(BeforeTestAfterTest.java:17)
at TestNG.BeforeTestAfterTest.OpenBrowser(BeforeTestAfterTest.java:17)
at TestNG.BeforeTestAfterTest.OpenBrowser(BeforeTestAfterTest.java:17)
at TestNG.BeforeTestAfterTest.OpenBrowser(BeforeTestAfterTest.java:17)
at TestNG.BeforeTestAfterTest.OpenBrowser(BeforeTestAfterTest.java:17)
at TestNG.BeforeTestAfterTest.OpenBrowser(BeforeTestAfterTest.java:17)
at TestNG.BeforeTestAfterTest.OpenBrowser(BeforeTestAfterTest.java:17)
at TestNG.BeforeTestAfterTest.OpenBrowser(BeforeTestAfterTest.java:17)
at TestNG.BeforeTestAfterTest.OpenBrowser(BeforeTestAfterTest.java:17)
at TestNG.BeforeTestAfterTest.OpenBrowser(BeforeTestAfterTest.java:17)
at TestNG.BeforeTestAfterTest.OpenBrowser(BeforeTestAfterTest.java:17)
at TestNG.BeforeTestAfterTest.OpenBrowser(BeforeTestAfterTest.java:17)
at TestNG.BeforeTestAfterTest.OpenBrowser(BeforeTestAfterTest.java:17)
at TestNG.BeforeTestAfterTest.OpenBrowser(BeforeTestAfterTest.java:17)
at TestNG.BeforeTestAfterTest.OpenBrowser(BeforeTestAfterTest.java:17)
at TestNG.BeforeTestAfterTest.OpenBrowser(BeforeTestAfterTest.java:17)
at TestNG.BeforeTestAfterTest.OpenBrowser(BeforeTestAfterTest.java:17)
at TestNG.BeforeTestAfterTest.OpenBrowser(BeforeTestAfterTest.java:17)
at TestNG.BeforeTestAfterTest.OpenBrowser(BeforeTestAfterTest.java:17)
at TestNG.BeforeTestAfterTest.OpenBrowser(BeforeTestAfterTest.java:17)
at TestNG.BeforeTestAfterTest.OpenBrowser(BeforeTestAfterTest.java:17)
at TestNG.BeforeTestAfterTest.OpenBrowser(BeforeTestAfterTest.java:17)
at TestNG.BeforeTestAfterTest.OpenBrowser(BeforeTestAfterTest.java:17)
at TestNG.BeforeTestAfterTest.OpenBrowser(BeforeTestAfterTest.java:17)
at TestNG.BeforeTestAfterTest.OpenBrowser(BeforeTestAfterTest.java:17)
at TestNG.BeforeTestAfterTest.OpenBrowser(BeforeTestAfterTest.java:17)
at TestNG.BeforeTestAfterTest.OpenBrowser(BeforeTestAfterTest.java:17)
at TestNG.BeforeTestAfterTest.OpenBrowser(BeforeTestAfterTest.java:17)
at TestNG.BeforeTestAfterTest.OpenBrowser(BeforeTestAfterTest.java:17)
at TestNG.BeforeTestAfterTest.OpenBrowser(BeforeTestAfterTest.java:17)
at TestNG.BeforeTestAfterTest.OpenBrowser(BeforeTestAfterTest.java:17)
at TestNG.BeforeTestAfterTest.OpenBrowser(BeforeTestAfterTest.java:17)
at TestNG.BeforeTestAfterTest.OpenBrowser(BeforeTestAfterTest.java:17)
at TestNG.BeforeTestAfterTest.OpenBrowser(BeforeTestAfterTest.java:17)
at TestNG.BeforeTestAfterTest.OpenBrowser(BeforeTestAfterTest.java:17)
at TestNG.BeforeTestAfterTest.OpenBrowser(BeforeTestAfterTest.java:17)
at TestNG.BeforeTestAfterTest.OpenBrowser(BeforeTestAfterTest.java:17)
at TestNG.BeforeTestAfterTest.OpenBrowser(BeforeTestAfterTest.java:17)
at TestNG.BeforeTestAfterTest.OpenBrowser(BeforeTestAfterTest.java:17)
at TestNG.BeforeTestAfterTest.OpenBrowser(BeforeTestAfterTest.java:17)
at TestNG.BeforeTestAfterTest.OpenBrowser(BeforeTestAfterTest.java:17)
at TestNG.BeforeTestAfterTest.OpenBrowser(BeforeTestAfterTest.java:17)
at TestNG.BeforeTestAfterTest.OpenBrowser(BeforeTestAfterTest.java:17)
at TestNG.BeforeTestAfterTest.OpenBrowser(BeforeTestAfterTest.java:17)
at TestNG.BeforeTestAfterTest.OpenBrowser(BeforeTestAfterTest.java:17)
at TestNG.BeforeTestAfterTest.OpenBrowser(BeforeTestAfterTest.java:17)
at TestNG.BeforeTestAfterTest.OpenBrowser(BeforeTestAfterTest.java:17)
at TestNG.BeforeTestAfterTest.OpenBrowser(BeforeTestAfterTest.java:17)
at TestNG.BeforeTestAfterTest.OpenBrowser(BeforeTestAfterTest.java:17)
at TestNG.BeforeTestAfterTest.OpenBrowser(BeforeTestAfterTest.java:17)
at TestNG.BeforeTestAfterTest.OpenBrowser(BeforeTestAfterTest.java:17)
at TestNG.BeforeTestAfterTest.OpenBrowser(BeforeTestAfterTest.java:17)
at TestNG.BeforeTestAfterTest.OpenBrowser(BeforeTestAfterTest.java:17)
at TestNG.BeforeTestAfterTest.OpenBrowser(BeforeTestAfterTest.java:17)
at TestNG.BeforeTestAfterTest.OpenBrowser(BeforeTestAfterTest.java:17)
at TestNG.BeforeTestAfterTest.OpenBrowser(BeforeTestAfterTest.java:17)
at TestNG.BeforeTestAfterTest.OpenBrowser(BeforeTestAfterTest.java:17)
at TestNG.BeforeTestAfterTest.OpenBrowser(BeforeTestAfterTest.java:17)
at TestNG.BeforeTestAfterTest.OpenBrowser(BeforeTestAfterTest.java:17)
at TestNG.BeforeTestAfterTest.OpenBrowser(BeforeTestAfterTest.java:17)
at TestNG.BeforeTestAfterTest.OpenBrowser(BeforeTestAfterTest.java:17)
at TestNG.BeforeTestAfterTest.OpenBrowser(BeforeTestAfterTest.java:17)
at TestNG.BeforeTestAfterTest.OpenBrowser(BeforeTestAfterTest.java:17)
at TestNG.BeforeTestAfterTest.OpenBrowser(BeforeTestAfterTest.java:17)
at TestNG.BeforeTestAfterTest.OpenBrowser(BeforeTestAfterTest.java:17)
at TestNG.BeforeTestAfterTest.OpenBrowser(BeforeTestAfterTest.java:17)
at TestNG.BeforeTestAfterTest.OpenBrowser(BeforeTestAfterTest.java:17)
at TestNG.BeforeTestAfterTest.OpenBrowser(BeforeTestAfterTest.java:17)
at TestNG.BeforeTestAfterTest.OpenBrowser(BeforeTestAfterTest.java:17)
at TestNG.BeforeTestAfterTest.OpenBrowser(BeforeTestAfterTest.java:17)
at TestNG.BeforeTestAfterTest.OpenBrowser(BeforeTestAfterTest.java:17)
at TestNG.BeforeTestAfterTest.OpenBrowser(BeforeTestAfterTest.java:17)
at TestNG.BeforeTestAfterTest.OpenBrowser(BeforeTestAfterTest.java:17)
at TestNG.BeforeTestAfterTest.OpenBrowser(BeforeTestAfterTest.java:17)
at TestNG.BeforeTestAfterTest.OpenBrowser(BeforeTestAfterTest.java:17)
at TestNG.BeforeTestAfterTest.OpenBrowser(BeforeTestAfterTest.java:17)
at TestNG.BeforeTestAfterTest.OpenBrowser(BeforeTestAfterTest.java:17)
at TestNG.BeforeTestAfterTest.OpenBrowser(BeforeTestAfterTest.java:17)
at TestNG.BeforeTestAfterTest.OpenBrowser(BeforeTestAfterTest.java:17)
at TestNG.BeforeTestAfterTest.OpenBrowser(BeforeTestAfterTest.java:17)
at TestNG.BeforeTestAfterTest.OpenBrowser(BeforeTestAfterTest.java:17)
at TestNG.BeforeTestAfterTest.OpenBrowser(BeforeTestAfterTest.java:17)
at TestNG.BeforeTestAfterTest.OpenBrowser(BeforeTestAfterTest.java:17)
at TestNG.BeforeTestAfterTest.OpenBrowser(BeforeTestAfterTest.java:17)
at TestNG.BeforeTestAfterTest.OpenBrowser(BeforeTestAfterTest.java:17)
at TestNG.BeforeTestAfterTest.OpenBrowser(BeforeTestAfterTest.java:17)
at TestNG.BeforeTestAfterTest.OpenBrowser(BeforeTestAfterTest.java:17)
at TestNG.BeforeTestAfterTest.OpenBrowser(BeforeTestAfterTest.java:17)
at TestNG.BeforeTestAfterTest.OpenBrowser(BeforeTestAfterTest.java:17)
at TestNG.BeforeTestAfterTest.OpenBrowser(BeforeTestAfterTest.java:17)
at TestNG.BeforeTestAfterTest.OpenBrowser(BeforeTestAfterTest.java:17)
at TestNG.BeforeTestAfterTest.OpenBrowser(BeforeTestAfterTest.java:17)
at TestNG.BeforeTestAfterTest.OpenBrowser(BeforeTestAfterTest.java:17)
at TestNG.BeforeTestAfterTest.OpenBrowser(BeforeTestAfterTest.java:17)
at TestNG.BeforeTestAfterTest.OpenBrowser(BeforeTestAfterTest.java:17)
at TestNG.BeforeTestAfterTest.OpenBrowser(BeforeTestAfterTest.java:17)
at TestNG.BeforeTestAfterTest.OpenBrowser(BeforeTestAfterTest.java:17)
at TestNG.BeforeTestAfterTest.OpenBrowser(BeforeTestAfterTest.java:17)
at TestNG.BeforeTestAfterTest.OpenBrowser(BeforeTestAfterTest.java:17)
at TestNG.BeforeTestAfterTest.OpenBrowser(BeforeTestAfterTest.java:17)
at TestNG.BeforeTestAfterTest.OpenBrowser(BeforeTestAfterTest.java:17)
at TestNG.BeforeTestAfterTest.OpenBrowser(BeforeTestAfterTest.java:17)
at TestNG.BeforeTestAfterTest.OpenBrowser(BeforeTestAfterTest.java:17)
at TestNG.BeforeTestAfterTest.OpenBrowser(BeforeTestAfterTest.java:17)
at TestNG.BeforeTestAfterTest.OpenBrowser(BeforeTestAfterTest.java:17)
at TestNG.BeforeTestAfterTest.OpenBrowser(BeforeTestAfterTest.java:17)
at TestNG.BeforeTestAfterTest.OpenBrowser(BeforeTestAfterTest.java:17)
at TestNG.BeforeTestAfterTest.OpenBrowser(BeforeTestAfterTest.java:17)
at TestNG.BeforeTestAfterTest.OpenBrowser(BeforeTestAfterTest.java:17)
at TestNG.BeforeTestAfterTest.OpenBrowser(BeforeTestAfterTest.java:17)
at TestNG.BeforeTestAfterTest.OpenBrowser(BeforeTestAfterTest.java:17)
at TestNG.BeforeTestAfterTest.OpenBrowser(BeforeTestAfterTest.java:17)
at TestNG.BeforeTestAfterTest.OpenBrowser(BeforeTestAfterTest.java:17)
at TestNG.BeforeTestAfterTest.OpenBrowser(BeforeTestAfterTest.java:17)
at TestNG.BeforeTestAfterTest.OpenBrowser(BeforeTestAfterTest.java:17)
at TestNG.BeforeTestAfterTest.OpenBrowser(BeforeTestAfterTest.java:17)
at TestNG.BeforeTestAfterTest.OpenBrowser(BeforeTestAfterTest.java:17)
at TestNG.BeforeTestAfterTest.OpenBrowser(BeforeTestAfterTest.java:17)
at TestNG.BeforeTestAfterTest.OpenBrowser(BeforeTestAfterTest.java:17)
at TestNG.BeforeTestAfterTest.OpenBrowser(BeforeTestAfterTest.java:17)
at TestNG.BeforeTestAfterTest.OpenBrowser(BeforeTestAfterTest.java:17)
at TestNG.BeforeTestAfterTest.OpenBrowser(BeforeTestAfterTest.java:17)
at TestNG.BeforeTestAfterTest.OpenBrowser(BeforeTestAfterTest.java:17)
at TestNG.BeforeTestAfterTest.OpenBrowser(BeforeTestAfterTest.java:17)
at TestNG.BeforeTestAfterTest.OpenBrowser(BeforeTestAfterTest.java:17)
at TestNG.BeforeTestAfterTest.OpenBrowser(BeforeTestAfterTest.java:17)
at TestNG.BeforeTestAfterTest.OpenBrowser(BeforeTestAfterTest.java:17)
at TestNG.BeforeTestAfterTest.OpenBrowser(BeforeTestAfterTest.java:17)
at TestNG.BeforeTestAfterTest.OpenBrowser(BeforeTestAfterTest.java:17)
at TestNG.BeforeTestAfterTest.OpenBrowser(BeforeTestAfterTest.java:17)
at TestNG.BeforeTestAfterTest.OpenBrowser(BeforeTestAfterTest.java:17)
at TestNG.BeforeTestAfterTest.OpenBrowser(BeforeTestAfterTest.java:17)
at TestNG.BeforeTestAfterTest.OpenBrowser(BeforeTestAfterTest.java:17)
at TestNG.BeforeTestAfterTest.OpenBrowser(BeforeTestAfterTest.java:17)
at TestNG.BeforeTestAfterTest.OpenBrowser(BeforeTestAfterTest.java:17)
at TestNG.BeforeTestAfterTest.OpenBrowser(BeforeTestAfterTest.java:17)
at TestNG.BeforeTestAfterTest.OpenBrowser(BeforeTestAfterTest.java:17)
at TestNG.BeforeTestAfterTest.OpenBrowser(BeforeTestAfterTest.java:17)
at TestNG.BeforeTestAfterTest.OpenBrowser(BeforeTestAfterTest.java:17)
at TestNG.BeforeTestAfterTest.OpenBrowser(BeforeTestAfterTest.java:17)
at TestNG.BeforeTestAfterTest.OpenBrowser(BeforeTestAfterTest.java:17)
at TestNG.BeforeTestAfterTest.OpenBrowser(BeforeTestAfterTest.java:17)
at TestNG.BeforeTestAfterTest.OpenBrowser(BeforeTestAfterTest.java:17)
at TestNG.BeforeTestAfterTest.OpenBrowser(BeforeTestAfterTest.java:17)
at TestNG.BeforeTestAfterTest.OpenBrowser(BeforeTestAfterTest.java:17)
at TestNG.BeforeTestAfterTest.OpenBrowser(BeforeTestAfterTest.java:17)
at TestNG.BeforeTestAfterTest.OpenBrowser(BeforeTestAfterTest.java:17)
at TestNG.BeforeTestAfterTest.OpenBrowser(BeforeTestAfterTest.java:17)
at TestNG.BeforeTestAfterTest.OpenBrowser(BeforeTestAfterTest.java:17)
at TestNG.BeforeTestAfterTest.OpenBrowser(BeforeTestAfterTest.java:17)
at TestNG.BeforeTestAfterTest.OpenBrowser(BeforeTestAfterTest.java:17)
at TestNG.BeforeTestAfterTest.OpenBrowser(BeforeTestAfterTest.java:17)
at TestNG.BeforeTestAfterTest.OpenBrowser(BeforeTestAfterTest.java:17)
at TestNG.BeforeTestAfterTest.OpenBrowser(BeforeTestAfterTest.java:17)
at TestNG.BeforeTestAfterTest.OpenBrowser(BeforeTestAfterTest.java:17)
at TestNG.BeforeTestAfterTest.OpenBrowser(BeforeTestAfterTest.java:17)
at TestNG.BeforeTestAfterTest.OpenBrowser(BeforeTestAfterTest.java:17)
at TestNG.BeforeTestAfterTest.OpenBrowser(BeforeTestAfterTest.java:17)
at TestNG.BeforeTestAfterTest.OpenBrowser(BeforeTestAfterTest.java:17)
at TestNG.BeforeTestAfterTest.OpenBrowser(BeforeTestAfterTest.java:17)
at TestNG.BeforeTestAfterTest.OpenBrowser(BeforeTestAfterTest.java:17)
at TestNG.BeforeTestAfterTest.OpenBrowser(BeforeTestAfterTest.java:17)
at TestNG.BeforeTestAfterTest.OpenBrowser(BeforeTestAfterTest.java:17)
at TestNG.BeforeTestAfterTest.OpenBrowser(BeforeTestAfterTest.java:17)
at TestNG.BeforeTestAfterTest.OpenBrowser(BeforeTestAfterTest.java:17)
at TestNG.BeforeTestAfterTest.OpenBrowser(BeforeTestAfterTest.java:17)
at TestNG.BeforeTestAfterTest.OpenBrowser(BeforeTestAfterTest.java:17)
at TestNG.BeforeTestAfterTest.OpenBrowser(BeforeTestAfterTest.java:17)
at TestNG.BeforeTestAfterTest.OpenBrowser(BeforeTestAfterTest.java:17)
at TestNG.BeforeTestAfterTest.OpenBrowser(BeforeTestAfterTest.java:17)
at TestNG.BeforeTestAfterTest.OpenBrowser(BeforeTestAfterTest.java:17)
at TestNG.BeforeTestAfterTest.OpenBrowser(BeforeTestAfterTest.java:17)
at TestNG.BeforeTestAfterTest.OpenBrowser(BeforeTestAfterTest.java:17)
at TestNG.BeforeTestAfterTest.OpenBrowser(BeforeTestAfterTest.java:17)
at TestNG.BeforeTestAfterTest.OpenBrowser(BeforeTestAfterTest.java:17)
at TestNG.BeforeTestAfterTest.OpenBrowser(BeforeTestAfterTest.java:17)
at TestNG.BeforeTestAfterTest.OpenBrowser(BeforeTestAfterTest.java:17)
at TestNG.BeforeTestAfterTest.OpenBrowser(BeforeTestAfterTest.java:17)
at TestNG.BeforeTestAfterTest.OpenBrowser(BeforeTestAfterTest.java:17)
at TestNG.BeforeTestAfterTest.OpenBrowser(BeforeTestAfterTest.java:17)
at TestNG.BeforeTestAfterTest.OpenBrowser(BeforeTestAfterTest.java:17)
at TestNG.BeforeTestAfterTest.OpenBrowser(BeforeTestAfterTest.java:17)
at TestNG.BeforeTestAfterTest.OpenBrowser(BeforeTestAfterTest.java:17)
at TestNG.BeforeTestAfterTest.OpenBrowser(BeforeTestAfterTest.java:17)
at TestNG.BeforeTestAfterTest.OpenBrowser(BeforeTestAfterTest.java:17)
at TestNG.BeforeTestAfterTest.OpenBrowser(BeforeTestAfterTest.java:17)
at TestNG.BeforeTestAfterTest.OpenBrowser(BeforeTestAfterTest.java:17)
at TestNG.BeforeTestAfterTest.OpenBrowser(BeforeTestAfterTest.java:17)
at TestNG.BeforeTestAfterTest.OpenBrowser(BeforeTestAfterTest.java:17)
at TestNG.BeforeTestAfterTest.OpenBrowser(BeforeTestAfterTest.java:17)
at TestNG.BeforeTestAfterTest.OpenBrowser(BeforeTestAfterTest.java:17)
at TestNG.BeforeTestAfterTest.OpenBrowser(BeforeTestAfterTest.java:17)
at TestNG.BeforeTestAfterTest.OpenBrowser(BeforeTestAfterTest.java:17)
at TestNG.BeforeTestAfterTest.OpenBrowser(BeforeTestAfterTest.java:17)
at TestNG.BeforeTestAfterTest.OpenBrowser(BeforeTestAfterTest.java:17)
at TestNG.BeforeTestAfterTest.OpenBrowser(BeforeTestAfterTest.java:17)
at TestNG.BeforeTestAfterTest.OpenBrowser(BeforeTestAfterTest.java:17)
at TestNG.BeforeTestAfterTest.OpenBrowser(BeforeTestAfterTest.java:17)
at TestNG.BeforeTestAfterTest.OpenBrowser(BeforeTestAfterTest.java:17)
at TestNG.BeforeTestAfterTest.OpenBrowser(BeforeTestAfterTest.java:17)
at TestNG.BeforeTestAfterTest.OpenBrowser(BeforeTestAfterTest.java:17)
at TestNG.BeforeTestAfterTest.OpenBrowser(BeforeTestAfterTest.java:17)
at TestNG.BeforeTestAfterTest.OpenBrowser(BeforeTestAfterTest.java:17)
at TestNG.BeforeTestAfterTest.OpenBrowser(BeforeTestAfterTest.java:17)
at TestNG.BeforeTestAfterTest.OpenBrowser(BeforeTestAfterTest.java:17)
at TestNG.BeforeTestAfterTest.OpenBrowser(BeforeTestAfterTest.java:17)
at TestNG.BeforeTestAfterTest.OpenBrowser(BeforeTestAfterTest.java:17)
at TestNG.BeforeTestAfterTest.OpenBrowser(BeforeTestAfterTest.java:17)
at TestNG.BeforeTestAfterTest.OpenBrowser(BeforeTestAfterTest.java:17)
at TestNG.BeforeTestAfterTest.OpenBrowser(BeforeTestAfterTest.java:17)
at TestNG.BeforeTestAfterTest.OpenBrowser(BeforeTestAfterTest.java:17)
at TestNG.BeforeTestAfterTest.OpenBrowser(BeforeTestAfterTest.java:17)
at TestNG.BeforeTestAfterTest.OpenBrowser(BeforeTestAfterTest.java:17)
at TestNG.BeforeTestAfterTest.OpenBrowser(BeforeTestAfterTest.java:17)
at TestNG.BeforeTestAfterTest.OpenBrowser(BeforeTestAfterTest.java:17)
at TestNG.BeforeTestAfterTest.OpenBrowser(BeforeTestAfterTest.java:17)
at TestNG.BeforeTestAfterTest.OpenBrowser(BeforeTestAfterTest.java:17)
at TestNG.BeforeTestAfterTest.OpenBrowser(BeforeTestAfterTest.java:17)
at TestNG.BeforeTestAfterTest.OpenBrowser(BeforeTestAfterTest.java:17)
at TestNG.BeforeTestAfterTest.OpenBrowser(BeforeTestAfterTest.java:17)
at TestNG.BeforeTestAfterTest.OpenBrowser(BeforeTestAfterTest.java:17)
at TestNG.BeforeTestAfterTest.OpenBrowser(BeforeTestAfterTest.java:17)
at TestNG.BeforeTestAfterTest.OpenBrowser(BeforeTestAfterTest.java:17)
at TestNG.BeforeTestAfterTest.OpenBrowser(BeforeTestAfterTest.java:17)
at TestNG.BeforeTestAfterTest.OpenBrowser(BeforeTestAfterTest.java:17)
at TestNG.BeforeTestAfterTest.OpenBrowser(BeforeTestAfterTest.java:17)
at TestNG.BeforeTestAfterTest.OpenBrowser(BeforeTestAfterTest.java:17)
at TestNG.BeforeTestAfterTest.OpenBrowser(BeforeTestAfterTest.java:17)
at TestNG.BeforeTestAfterTest.OpenBrowser(BeforeTestAfterTest.java:17)
at TestNG.BeforeTestAfterTest.OpenBrowser(BeforeTestAfterTest.java:17)
at TestNG.BeforeTestAfterTest.OpenBrowser(BeforeTestAfterTest.java:17)
at TestNG.BeforeTestAfterTest.OpenBrowser(BeforeTestAfterTest.java:17)
at TestNG.BeforeTestAfterTest.OpenBrowser(BeforeTestAfterTest.java:17)
at TestNG.BeforeTestAfterTest.OpenBrowser(BeforeTestAfterTest.java:17)
at TestNG.BeforeTestAfterTest.OpenBrowser(BeforeTestAfterTest.java:17)
at TestNG.BeforeTestAfterTest.OpenBrowser(BeforeTestAfterTest.java:17)
at TestNG.BeforeTestAfterTest.OpenBrowser(BeforeTestAfterTest.java:17)
at TestNG.BeforeTestAfterTest.OpenBrowser(BeforeTestAfterTest.java:17)
at TestNG.BeforeTestAfterTest.OpenBrowser(BeforeTestAfterTest.java:17)
at TestNG.BeforeTestAfterTest.OpenBrowser(BeforeTestAfterTest.java:17)
at TestNG.BeforeTestAfterTest.OpenBrowser(BeforeTestAfterTest.java:17)
at TestNG.BeforeTestAfterTest.OpenBrowser(BeforeTestAfterTest.java:17)
at TestNG.BeforeTestAfterTest.OpenBrowser(BeforeTestAfterTest.java:17)
at TestNG.BeforeTestAfterTest.OpenBrowser(BeforeTestAfterTest.java:17)
at TestNG.BeforeTestAfterTest.OpenBrowser(BeforeTestAfterTest.java:17)
at TestNG.BeforeTestAfterTest.OpenBrowser(BeforeTestAfterTest.java:17)
at TestNG.BeforeTestAfterTest.OpenBrowser(BeforeTestAfterTest.java:17)
at TestNG.BeforeTestAfterTest.OpenBrowser(BeforeTestAfterTest.java:17)
at TestNG.BeforeTestAfterTest.OpenBrowser(BeforeTestAfterTest.java:17)
at TestNG.BeforeTestAfterTest.OpenBrowser(BeforeTestAfterTest.java:17)
at TestNG.BeforeTestAfterTest.OpenBrowser(BeforeTestAfterTest.java:17)
at TestNG.BeforeTestAfterTest.OpenBrowser(BeforeTestAfterTest.java:17)
at TestNG.BeforeTestAfterTest.OpenBrowser(BeforeTestAfterTest.java:17)
at TestNG.BeforeTestAfterTest.OpenBrowser(BeforeTestAfterTest.java:17)
at TestNG.BeforeTestAfterTest.OpenBrowser(BeforeTestAfterTest.java:17)
at TestNG.BeforeTestAfterTest.OpenBrowser(BeforeTestAfterTest.java:17)
at TestNG.BeforeTestAfterTest.OpenBrowser(BeforeTestAfterTest.java:17)
at TestNG.BeforeTestAfterTest.OpenBrowser(BeforeTestAfterTest.java:17)
at TestNG.BeforeTestAfterTest.OpenBrowser(BeforeTestAfterTest.java:17)
at TestNG.BeforeTestAfterTest.OpenBrowser(BeforeTestAfterTest.java:17)
at TestNG.BeforeTestAfterTest.OpenBrowser(BeforeTestAfterTest.java:17)
at TestNG.BeforeTestAfterTest.OpenBrowser(BeforeTestAfterTest.java:17)
at TestNG.BeforeTestAfterTest.OpenBrowser(BeforeTestAfterTest.java:17)
at TestNG.BeforeTestAfterTest.OpenBrowser(BeforeTestAfterTest.java:17)
at TestNG.BeforeTestAfterTest.OpenBrowser(BeforeTestAfterTest.java:17)
at TestNG.BeforeTestAfterTest.OpenBrowser(BeforeTestAfterTest.java:17)
at TestNG.BeforeTestAfterTest.OpenBrowser(BeforeTestAfterTest.java:17)
at TestNG.BeforeTestAfterTest.OpenBrowser(BeforeTestAfterTest.java:17)
at TestNG.BeforeTestAfterTest.OpenBrowser(BeforeTestAfterTest.java:17)
at TestNG.BeforeTestAfterTest.OpenBrowser(BeforeTestAfterTest.java:17)
at TestNG.BeforeTestAfterTest.OpenBrowser(BeforeTestAfterTest.java:17)
at TestNG.BeforeTestAfterTest.OpenBrowser(BeforeTestAfterTest.java:17)
at TestNG.BeforeTestAfterTest.OpenBrowser(BeforeTestAfterTest.java:17)
at TestNG.BeforeTestAfterTest.OpenBrowser(BeforeTestAfterTest.java:17)
at TestNG.BeforeTestAfterTest.OpenBrowser(BeforeTestAfterTest.java:17)
at TestNG.BeforeTestAfterTest.OpenBrowser(BeforeTestAfterTest.java:17)
at TestNG.BeforeTestAfterTest.OpenBrowser(BeforeTestAfterTest.java:17)
at TestNG.BeforeTestAfterTest.OpenBrowser(BeforeTestAfterTest.java:17)
at TestNG.BeforeTestAfterTest.OpenBrowser(BeforeTestAfterTest.java:17)
at TestNG.BeforeTestAfterTest.OpenBrowser(BeforeTestAfterTest.java:17)
at TestNG.BeforeTestAfterTest.OpenBrowser(BeforeTestAfterTest.java:17)
at TestNG.BeforeTestAfterTest.OpenBrowser(BeforeTestAfterTest.java:17)
at TestNG.BeforeTestAfterTest.OpenBrowser(BeforeTestAfterTest.java:17)
at TestNG.BeforeTestAfterTest.OpenBrowser(BeforeTestAfterTest.java:17)
at TestNG.BeforeTestAfterTest.OpenBrowser(BeforeTestAfterTest.java:17)
at TestNG.BeforeTestAfterTest.OpenBrowser(BeforeTestAfterTest.java:17)
at TestNG.BeforeTestAfterTest.OpenBrowser(BeforeTestAfterTest.java:17)
at TestNG.BeforeTestAfterTest.OpenBrowser(BeforeTestAfterTest.java:17)
at TestNG.BeforeTestAfterTest.OpenBrowser(BeforeTestAfterTest.java:17)
at TestNG.BeforeTestAfterTest.OpenBrowser(BeforeTestAfterTest.java:17)
at TestNG.BeforeTestAfterTest.OpenBrowser(BeforeTestAfterTest.java:17)
at TestNG.BeforeTestAfterTest.OpenBrowser(BeforeTestAfterTest.java:17)
at TestNG.BeforeTestAfterTest.OpenBrowser(BeforeTestAfterTest.java:17)
at TestNG.BeforeTestAfterTest.OpenBrowser(BeforeTestAfterTest.java:17)
at TestNG.BeforeTestAfterTest.OpenBrowser(BeforeTestAfterTest.java:17)
at TestNG.BeforeTestAfterTest.OpenBrowser(BeforeTestAfterTest.java:17)
at TestNG.BeforeTestAfterTest.OpenBrowser(BeforeTestAfterTest.java:17)
at TestNG.BeforeTestAfterTest.OpenBrowser(BeforeTestAfterTest.java:17)
at TestNG.BeforeTestAfterTest.OpenBrowser(BeforeTestAfterTest.java:17)
at TestNG.BeforeTestAfterTest.OpenBrowser(BeforeTestAfterTest.java:17)
at TestNG.BeforeTestAfterTest.OpenBrowser(BeforeTestAfterTest.java:17)
at TestNG.BeforeTestAfterTest.OpenBrowser(BeforeTestAfterTest.java:17)
at TestNG.BeforeTestAfterTest.OpenBrowser(BeforeTestAfterTest.java:17)
at TestNG.BeforeTestAfterTest.OpenBrowser(BeforeTestAfterTest.java:17)
at TestNG.BeforeTestAfterTest.OpenBrowser(BeforeTestAfterTest.java:17)
at TestNG.BeforeTestAfterTest.OpenBrowser(BeforeTestAfterTest.java:17)
at TestNG.BeforeTestAfterTest.OpenBrowser(BeforeTestAfterTest.java:17)
at TestNG.BeforeTestAfterTest.OpenBrowser(BeforeTestAfterTest.java:17)
at TestNG.BeforeTestAfterTest.OpenBrowser(BeforeTestAfterTest.java:17)
at TestNG.BeforeTestAfterTest.OpenBrowser(BeforeTestAfterTest.java:17)
at TestNG.BeforeTestAfterTest.OpenBrowser(BeforeTestAfterTest.java:17)
at TestNG.BeforeTestAfterTest.OpenBrowser(BeforeTestAfterTest.java:17)
at TestNG.BeforeTestAfterTest.OpenBrowser(BeforeTestAfterTest.java:17)
at TestNG.BeforeTestAfterTest.OpenBrowser(BeforeTestAfterTest.java:17)
at TestNG.BeforeTestAfterTest.OpenBrowser(BeforeTestAfterTest.java:17)
at TestNG.BeforeTestAfterTest.OpenBrowser(BeforeTestAfterTest.java:17)
at TestNG.BeforeTestAfterTest.OpenBrowser(BeforeTestAfterTest.java:17)
at TestNG.BeforeTestAfterTest.OpenBrowser(BeforeTestAfterTest.java:17)
at TestNG.BeforeTestAfterTest.OpenBrowser(BeforeTestAfterTest.java:17)
at TestNG.BeforeTestAfterTest.OpenBrowser(BeforeTestAfterTest.java:17)
at TestNG.BeforeTestAfterTest.OpenBrowser(BeforeTestAfterTest.java:17)
at TestNG.BeforeTestAfterTest.OpenBrowser(BeforeTestAfterTest.java:17)
at TestNG.BeforeTestAfterTest.OpenBrowser(BeforeTestAfterTest.java:17)
at TestNG.BeforeTestAfterTest.OpenBrowser(BeforeTestAfterTest.java:17)
at TestNG.BeforeTestAfterTest.OpenBrowser(BeforeTestAfterTest.java:17)
at TestNG.BeforeTestAfterTest.OpenBrowser(BeforeTestAfterTest.java:17)
at TestNG.BeforeTestAfterTest.OpenBrowser(BeforeTestAfterTest.java:17)
at TestNG.BeforeTestAfterTest.OpenBrowser(BeforeTestAfterTest.java:17)
at TestNG.BeforeTestAfterTest.OpenBrowser(BeforeTestAfterTest.java:17)
at TestNG.BeforeTestAfterTest.OpenBrowser(BeforeTestAfterTest.java:17)
at TestNG.BeforeTestAfterTest.OpenBrowser(BeforeTestAfterTest.java:17)
at TestNG.BeforeTestAfterTest.OpenBrowser(BeforeTestAfterTest.java:17)
at TestNG.BeforeTestAfterTest.OpenBrowser(BeforeTestAfterTest.java:17)
at TestNG.BeforeTestAfterTest.OpenBrowser(BeforeTestAfterTest.java:17)
at TestNG.BeforeTestAfterTest.OpenBrowser(BeforeTestAfterTest.java:17)
at TestNG.BeforeTestAfterTest.OpenBrowser(BeforeTestAfterTest.java:17)
at TestNG.BeforeTestAfterTest.OpenBrowser(BeforeTestAfterTest.java:17)
at TestNG.BeforeTestAfterTest.OpenBrowser(BeforeTestAfterTest.java:17)
at TestNG.BeforeTestAfterTest.OpenBrowser(BeforeTestAfterTest.java:17)
at TestNG.BeforeTestAfterTest.OpenBrowser(BeforeTestAfterTest.java:17)
at TestNG.BeforeTestAfterTest.OpenBrowser(BeforeTestAfterTest.java:17)
at TestNG.BeforeTestAfterTest.OpenBrowser(BeforeTestAfterTest.java:17)
at TestNG.BeforeTestAfterTest.OpenBrowser(BeforeTestAfterTest.java:17)
at TestNG.BeforeTestAfterTest.OpenBrowser(BeforeTestAfterTest.java:17)
at TestNG.BeforeTestAfterTest.OpenBrowser(BeforeTestAfterTest.java:17)
at TestNG.BeforeTestAfterTest.OpenBrowser(BeforeTestAfterTest.java:17)
at TestNG.BeforeTestAfterTest.OpenBrowser(BeforeTestAfterTest.java:17)
at TestNG.BeforeTestAfterTest.OpenBrowser(BeforeTestAfterTest.java:17)
at TestNG.BeforeTestAfterTest.OpenBrowser(BeforeTestAfterTest.java:17)
at TestNG.BeforeTestAfterTest.OpenBrowser(BeforeTestAfterTest.java:17)
at TestNG.BeforeTestAfterTest.OpenBrowser(BeforeTestAfterTest.java:17)
at TestNG.BeforeTestAfterTest.OpenBrowser(BeforeTestAfterTest.java:17)
at TestNG.BeforeTestAfterTest.OpenBrowser(BeforeTestAfterTest.java:17)
at TestNG.BeforeTestAfterTest.OpenBrowser(BeforeTestAfterTest.java:17)
at TestNG.BeforeTestAfterTest.OpenBrowser(BeforeTestAfterTest.java:17)
at TestNG.BeforeTestAfterTest.OpenBrowser(BeforeTestAfterTest.java:17)
at TestNG.BeforeTestAfterTest.OpenBrowser(BeforeTestAfterTest.java:17)
at TestNG.BeforeTestAfterTest.OpenBrowser(BeforeTestAfterTest.java:17)
at TestNG.BeforeTestAfterTest.OpenBrowser(BeforeTestAfterTest.java:17)
at TestNG.BeforeTestAfterTest.OpenBrowser(BeforeTestAfterTest.java:17)
at TestNG.BeforeTestAfterTest.OpenBrowser(BeforeTestAfterTest.java:17)
at TestNG.BeforeTestAfterTest.OpenBrowser(BeforeTestAfterTest.java:17)
at TestNG.BeforeTestAfterTest.OpenBrowser(BeforeTestAfterTest.java:17)
at TestNG.BeforeTestAfterTest.OpenBrowser(BeforeTestAfterTest.java:17)
at TestNG.BeforeTestAfterTest.OpenBrowser(BeforeTestAfterTest.java:17)
at TestNG.BeforeTestAfterTest.OpenBrowser(BeforeTestAfterTest.java:17)
at TestNG.BeforeTestAfterTest.OpenBrowser(BeforeTestAfterTest.java:17)
at TestNG.BeforeTestAfterTest.OpenBrowser(BeforeTestAfterTest.java:17)
at TestNG.BeforeTestAfterTest.OpenBrowser(BeforeTestAfterTest.java:17)
at TestNG.BeforeTestAfterTest.OpenBrowser(BeforeTestAfterTest.java:17)
at TestNG.BeforeTestAfterTest.OpenBrowser(BeforeTestAfterTest.java:17)
at TestNG.BeforeTestAfterTest.OpenBrowser(BeforeTestAfterTest.java:17)
at TestNG.BeforeTestAfterTest.OpenBrowser(BeforeTestAfterTest.java:17)
at TestNG.BeforeTestAfterTest.OpenBrowser(BeforeTestAfterTest.java:17)
at TestNG.BeforeTestAfterTest.OpenBrowser(BeforeTestAfterTest.java:17)
at TestNG.BeforeTestAfterTest.OpenBrowser(BeforeTestAfterTest.java:17)
at TestNG.BeforeTestAfterTest.OpenBrowser(BeforeTestAfterTest.java:17)
at TestNG.BeforeTestAfterTest.OpenBrowser(BeforeTestAfterTest.java:17)
at TestNG.BeforeTestAfterTest.OpenBrowser(BeforeTestAfterTest.java:17)
at TestNG.BeforeTestAfterTest.OpenBrowser(BeforeTestAfterTest.java:17)
at TestNG.BeforeTestAfterTest.OpenBrowser(BeforeTestAfterTest.java:17)
at TestNG.BeforeTestAfterTest.OpenBrowser(BeforeTestAfterTest.java:17)
at TestNG.BeforeTestAfterTest.OpenBrowser(BeforeTestAfterTest.java:17)
at TestNG.BeforeTestAfterTest.OpenBrowser(BeforeTestAfterTest.java:17)
at TestNG.BeforeTestAfterTest.OpenBrowser(BeforeTestAfterTest.java:17)
at TestNG.BeforeTestAfterTest.OpenBrowser(BeforeTestAfterTest.java:17)
at TestNG.BeforeTestAfterTest.OpenBrowser(BeforeTestAfterTest.java:17)
at TestNG.BeforeTestAfterTest.OpenBrowser(BeforeTestAfterTest.java:17)
at TestNG.BeforeTestAfterTest.OpenBrowser(BeforeTestAfterTest.java:17)
at TestNG.BeforeTestAfterTest.OpenBrowser(BeforeTestAfterTest.java:17)
at TestNG.BeforeTestAfterTest.OpenBrowser(BeforeTestAfterTest.java:17)
at TestNG.BeforeTestAfterTest.OpenBrowser(BeforeTestAfterTest.java:17)
at TestNG.BeforeTestAfterTest.OpenBrowser(BeforeTestAfterTest.java:17)
at TestNG.BeforeTestAfterTest.OpenBrowser(BeforeTestAfterTest.java:17)
at TestNG.BeforeTestAfterTest.OpenBrowser(BeforeTestAfterTest.java:17)
at TestNG.BeforeTestAfterTest.OpenBrowser(BeforeTestAfterTest.java:17)
at TestNG.BeforeTestAfterTest.OpenBrowser(BeforeTestAfterTest.java:17)
at TestNG.BeforeTestAfterTest.OpenBrowser(BeforeTestAfterTest.java:17)
at TestNG.BeforeTestAfterTest.OpenBrowser(BeforeTestAfterTest.java:17)
at TestNG.BeforeTestAfterTest.OpenBrowser(BeforeTestAfterTest.java:17)
at TestNG.BeforeTestAfterTest.OpenBrowser(BeforeTestAfterTest.java:17)
at TestNG.BeforeTestAfterTest.OpenBrowser(BeforeTestAfterTest.java:17)
at TestNG.BeforeTestAfterTest.OpenBrowser(BeforeTestAfterTest.java:17)
at TestNG.BeforeTestAfterTest.OpenBrowser(BeforeTestAfterTest.java:17)
at TestNG.BeforeTestAfterTest.OpenBrowser(BeforeTestAfterTest.java:17)
at TestNG.BeforeTestAfterTest.OpenBrowser(BeforeTestAfterTest.java:17)
at TestNG.BeforeTestAfterTest.OpenBrowser(BeforeTestAfterTest.java:17)
at TestNG.BeforeTestAfterTest.OpenBrowser(BeforeTestAfterTest.java:17)
at TestNG.BeforeTestAfterTest.OpenBrowser(BeforeTestAfterTest.java:17)
at TestNG.BeforeTestAfterTest.OpenBrowser(BeforeTestAfterTest.java:17)
at TestNG.BeforeTestAfterTest.OpenBrowser(BeforeTestAfterTest.java:17)
at TestNG.BeforeTestAfterTest.OpenBrowser(BeforeTestAfterTest.java:17)
at TestNG.BeforeTestAfterTest.OpenBrowser(BeforeTestAfterTest.java:17)
at TestNG.BeforeTestAfterTest.OpenBrowser(BeforeTestAfterTest.java:17)
at TestNG.BeforeTestAfterTest.OpenBrowser(BeforeTestAfterTest.java:17)
at TestNG.BeforeTestAfterTest.OpenBrowser(BeforeTestAfterTest.java:17)
at TestNG.BeforeTestAfterTest.OpenBrowser(BeforeTestAfterTest.java:17)
at TestNG.BeforeTestAfterTest.OpenBrowser(BeforeTestAfterTest.java:17)
at TestNG.BeforeTestAfterTest.OpenBrowser(BeforeTestAfterTest.java:17)
at TestNG.BeforeTestAfterTest.OpenBrowser(BeforeTestAfterTest.java:17)
at TestNG.BeforeTestAfterTest.OpenBrowser(BeforeTestAfterTest.java:17)
at TestNG.BeforeTestAfterTest.OpenBrowser(BeforeTestAfterTest.java:17)
at TestNG.BeforeTestAfterTest.OpenBrowser(BeforeTestAfterTest.java:17)
at TestNG.BeforeTestAfterTest.OpenBrowser(BeforeTestAfterTest.java:17)
at TestNG.BeforeTestAfterTest.OpenBrowser(BeforeTestAfterTest.java:17)
at TestNG.BeforeTestAfterTest.OpenBrowser(BeforeTestAfterTest.java:17)
at TestNG.BeforeTestAfterTest.OpenBrowser(BeforeTestAfterTest.java:17)
at TestNG.BeforeTestAfterTest.OpenBrowser(BeforeTestAfterTest.java:17)
at TestNG.BeforeTestAfterTest.OpenBrowser(BeforeTestAfterTest.java:17)
at TestNG.BeforeTestAfterTest.OpenBrowser(BeforeTestAfterTest.java:17)
at TestNG.BeforeTestAfterTest.OpenBrowser(BeforeTestAfterTest.java:17)
at TestNG.BeforeTestAfterTest.OpenBrowser(BeforeTestAfterTest.java:17)
at TestNG.BeforeTestAfterTest.OpenBrowser(BeforeTestAfterTest.java:17)
at TestNG.BeforeTestAfterTest.OpenBrowser(BeforeTestAfterTest.java:17)
at TestNG.BeforeTestAfterTest.OpenBrowser(BeforeTestAfterTest.java:17)
at TestNG.BeforeTestAfterTest.OpenBrowser(BeforeTestAfterTest.java:17)
at TestNG.BeforeTestAfterTest.OpenBrowser(BeforeTestAfterTest.java:17)
at TestNG.BeforeTestAfterTest.OpenBrowser(BeforeTestAfterTest.java:17)
at TestNG.BeforeTestAfterTest.OpenBrowser(BeforeTestAfterTest.java:17)
at TestNG.BeforeTestAfterTest.OpenBrowser(BeforeTestAfterTest.java:17)
at TestNG.BeforeTestAfterTest.OpenBrowser(BeforeTestAfterTest.java:17)
at TestNG.BeforeTestAfterTest.OpenBrowser(BeforeTestAfterTest.java:17)
at TestNG.BeforeTestAfterTest.OpenBrowser(BeforeTestAfterTest.java:17)
at TestNG.BeforeTestAfterTest.OpenBrowser(BeforeTestAfterTest.java:17)
at TestNG.BeforeTestAfterTest.OpenBrowser(BeforeTestAfterTest.java:17)
at TestNG.BeforeTestAfterTest.OpenBrowser(BeforeTestAfterTest.java:17)
at TestNG.BeforeTestAfterTest.OpenBrowser(BeforeTestAfterTest.java:17)
at TestNG.BeforeTestAfterTest.OpenBrowser(BeforeTestAfterTest.java:17)
at TestNG.BeforeTestAfterTest.OpenBrowser(BeforeTestAfterTest.java:17)
at TestNG.BeforeTestAfterTest.OpenBrowser(BeforeTestAfterTest.java:17)
at TestNG.BeforeTestAfterTest.OpenBrowser(BeforeTestAfterTest.java:17)
at TestNG.BeforeTestAfterTest.OpenBrowser(BeforeTestAfterTest.java:17)
at TestNG.BeforeTestAfterTest.OpenBrowser(BeforeTestAfterTest.java:17)
at TestNG.BeforeTestAfterTest.OpenBrowser(BeforeTestAfterTest.java:17)
at TestNG.BeforeTestAfterTest.OpenBrowser(BeforeTestAfterTest.java:17)
at TestNG.BeforeTestAfterTest.OpenBrowser(BeforeTestAfterTest.java:17)
at TestNG.BeforeTestAfterTest.OpenBrowser(BeforeTestAfterTest.java:17)
at TestNG.BeforeTestAfterTest.OpenBrowser(BeforeTestAfterTest.java:17)
at TestNG.BeforeTestAfterTest.OpenBrowser(BeforeTestAfterTest.java:17)
at TestNG.BeforeTestAfterTest.OpenBrowser(BeforeTestAfterTest.java:17)
at TestNG.BeforeTestAfterTest.OpenBrowser(BeforeTestAfterTest.java:17)
at TestNG.BeforeTestAfterTest.OpenBrowser(BeforeTestAfterTest.java:17)
at TestNG.BeforeTestAfterTest.OpenBrowser(BeforeTestAfterTest.java:17)
at TestNG.BeforeTestAfterTest.OpenBrowser(BeforeTestAfterTest.java:17)
at TestNG.BeforeTestAfterTest.OpenBrowser(BeforeTestAfterTest.java:17)
at TestNG.BeforeTestAfterTest.OpenBrowser(BeforeTestAfterTest.java:17)
at TestNG.BeforeTestAfterTest.OpenBrowser(BeforeTestAfterTest.java:17)
at TestNG.BeforeTestAfterTest.OpenBrowser(BeforeTestAfterTest.java:17)
at TestNG.BeforeTestAfterTest.OpenBrowser(BeforeTestAfterTest.java:17)
at TestNG.BeforeTestAfterTest.OpenBrowser(BeforeTestAfterTest.java:17)
at TestNG.BeforeTestAfterTest.OpenBrowser(BeforeTestAfterTest.java:17)
at TestNG.BeforeTestAfterTest.OpenBrowser(BeforeTestAfterTest.java:17)
at TestNG.BeforeTestAfterTest.OpenBrowser(BeforeTestAfterTest.java:17)
at TestNG.BeforeTestAfterTest.OpenBrowser(BeforeTestAfterTest.java:17)
at TestNG.BeforeTestAfterTest.OpenBrowser(BeforeTestAfterTest.java:17)
at TestNG.BeforeTestAfterTest.OpenBrowser(BeforeTestAfterTest.java:17)
at TestNG.BeforeTestAfterTest.OpenBrowser(BeforeTestAfterTest.java:17)
at TestNG.BeforeTestAfterTest.OpenBrowser(BeforeTestAfterTest.java:17)
at TestNG.BeforeTestAfterTest.OpenBrowser(BeforeTestAfterTest.java:17)
at TestNG.BeforeTestAfterTest.OpenBrowser(BeforeTestAfterTest.java:17)
at TestNG.BeforeTestAfterTest.OpenBrowser(BeforeTestAfterTest.java:17)
at TestNG.BeforeTestAfterTest.OpenBrowser(BeforeTestAfterTest.java:17)
at TestNG.BeforeTestAfterTest.OpenBrowser(BeforeTestAfterTest.java:17)
at TestNG.BeforeTestAfterTest.OpenBrowser(BeforeTestAfterTest.java:17)
at TestNG.BeforeTestAfterTest.OpenBrowser(BeforeTestAfterTest.java:17)
at TestNG.BeforeTestAfterTest.OpenBrowser(BeforeTestAfterTest.java:17)
at TestNG.BeforeTestAfterTest.OpenBrowser(BeforeTestAfterTest.java:17)
at TestNG.BeforeTestAfterTest.OpenBrowser(BeforeTestAfterTest.java:17)
at TestNG.BeforeTestAfterTest.OpenBrowser(BeforeTestAfterTest.java:17)
at TestNG.BeforeTestAfterTest.OpenBrowser(BeforeTestAfterTest.java:17)
at TestNG.BeforeTestAfterTest.OpenBrowser(BeforeTestAfterTest.java:17)
at TestNG.BeforeTestAfterTest.OpenBrowser(BeforeTestAfterTest.java:17)
at TestNG.BeforeTestAfterTest.OpenBrowser(BeforeTestAfterTest.java:17)
at TestNG.BeforeTestAfterTest.OpenBrowser(BeforeTestAfterTest.java:17)
at TestNG.BeforeTestAfterTest.OpenBrowser(BeforeTestAfterTest.java:17)
at TestNG.BeforeTestAfterTest.OpenBrowser(BeforeTestAfterTest.java:17)
at TestNG.BeforeTestAfterTest.OpenBrowser(BeforeTestAfterTest.java:17)
at TestNG.BeforeTestAfterTest.OpenBrowser(BeforeTestAfterTest.java:17)
at TestNG.BeforeTestAfterTest.OpenBrowser(BeforeTestAfterTest.java:17)
at TestNG.BeforeTestAfterTest.OpenBrowser(BeforeTestAfterTest.java:17)
at TestNG.BeforeTestAfterTest.OpenBrowser(BeforeTestAfterTest.java:17)
at TestNG.BeforeTestAfterTest.OpenBrowser(BeforeTestAfterTest.java:17)
at TestNG.BeforeTestAfterTest.OpenBrowser(BeforeTestAfterTest.java:17)
at TestNG.BeforeTestAfterTest.OpenBrowser(BeforeTestAfterTest.java:17)
at TestNG.BeforeTestAfterTest.OpenBrowser(BeforeTestAfterTest.java:17)
at TestNG.BeforeTestAfterTest.OpenBrowser(BeforeTestAfterTest.java:17)
at TestNG.BeforeTestAfterTest.OpenBrowser(BeforeTestAfterTest.java:17)
at TestNG.BeforeTestAfterTest.OpenBrowser(BeforeTestAfterTest.java:17)
at TestNG.BeforeTestAfterTest.OpenBrowser(BeforeTestAfterTest.java:17)
at TestNG.BeforeTestAfterTest.OpenBrowser(BeforeTestAfterTest.java:17)
at TestNG.BeforeTestAfterTest.OpenBrowser(BeforeTestAfterTest.java:17)
at TestNG.BeforeTestAfterTest.OpenBrowser(BeforeTestAfterTest.java:17)
at TestNG.BeforeTestAfterTest.OpenBrowser(BeforeTestAfterTest.java:17)
at TestNG.BeforeTestAfterTest.OpenBrowser(BeforeTestAfterTest.java:17)
at TestNG.BeforeTestAfterTest.OpenBrowser(BeforeTestAfterTest.java:17)
at TestNG.BeforeTestAfterTest.OpenBrowser(BeforeTestAfterTest.java:17)
at TestNG.BeforeTestAfterTest.OpenBrowser(BeforeTestAfterTest.java:17)
at TestNG.BeforeTestAfterTest.OpenBrowser(BeforeTestAfterTest.java:17)
at TestNG.BeforeTestAfterTest.OpenBrowser(BeforeTestAfterTest.java:17)
at TestNG.BeforeTestAfterTest.OpenBrowser(BeforeTestAfterTest.java:17)
at TestNG.BeforeTestAfterTest.OpenBrowser(BeforeTestAfterTest.java:17)
at TestNG.BeforeTestAfterTest.OpenBrowser(BeforeTestAfterTest.java:17)
at TestNG.BeforeTestAfterTest.OpenBrowser(BeforeTestAfterTest.java:17)
at TestNG.BeforeTestAfterTest.OpenBrowser(BeforeTestAfterTest.java:17)
at TestNG.BeforeTestAfterTest.OpenBrowser(BeforeTestAfterTest.java:17)
at TestNG.BeforeTestAfterTest.OpenBrowser(BeforeTestAfterTest.java:17)
at TestNG.BeforeTestAfterTest.OpenBrowser(BeforeTestAfterTest.java:17)
at TestNG.BeforeTestAfterTest.OpenBrowser(BeforeTestAfterTest.java:17)
at TestNG.BeforeTestAfterTest.OpenBrowser(BeforeTestAfterTest.java:17)
at TestNG.BeforeTestAfterTest.OpenBrowser(BeforeTestAfterTest.java:17)
at TestNG.BeforeTestAfterTest.OpenBrowser(BeforeTestAfterTest.java:17)
at TestNG.BeforeTestAfterTest.OpenBrowser(BeforeTestAfterTest.java:17)
at TestNG.BeforeTestAfterTest.OpenBrowser(BeforeTestAfterTest.java:17)
at TestNG.BeforeTestAfterTest.OpenBrowser(BeforeTestAfterTest.java:17)
at TestNG.BeforeTestAfterTest.OpenBrowser(BeforeTestAfterTest.java:17)
at TestNG.BeforeTestAfterTest.OpenBrowser(BeforeTestAfterTest.java:17)
at TestNG.BeforeTestAfterTest.OpenBrowser(BeforeTestAfterTest.java:17)
at TestNG.BeforeTestAfterTest.OpenBrowser(BeforeTestAfterTest.java:17)
at TestNG.BeforeTestAfterTest.OpenBrowser(BeforeTestAfterTest.java:17)
at TestNG.BeforeTestAfterTest.OpenBrowser(BeforeTestAfterTest.java:17)
at TestNG.BeforeTestAfterTest.OpenBrowser(BeforeTestAfterTest.java:17)
at TestNG.BeforeTestAfterTest.OpenBrowser(BeforeTestAfterTest.java:17)
at TestNG.BeforeTestAfterTest.OpenBrowser(BeforeTestAfterTest.java:17)
at TestNG.BeforeTestAfterTest.OpenBrowser(BeforeTestAfterTest.java:17)
at TestNG.BeforeTestAfterTest.OpenBrowser(BeforeTestAfterTest.java:17)
at TestNG.BeforeTestAfterTest.OpenBrowser(BeforeTestAfterTest.java:17)
at TestNG.BeforeTestAfterTest.OpenBrowser(BeforeTestAfterTest.java:17)
at TestNG.BeforeTestAfterTest.OpenBrowser(BeforeTestAfterTest.java:17)
at TestNG.BeforeTestAfterTest.OpenBrowser(BeforeTestAfterTest.java:17)
at TestNG.BeforeTestAfterTest.OpenBrowser(BeforeTestAfterTest.java:17)
at TestNG.BeforeTestAfterTest.OpenBrowser(BeforeTestAfterTest.java:17)
at TestNG.BeforeTestAfterTest.OpenBrowser(BeforeTestAfterTest.java:17)
at TestNG.BeforeTestAfterTest.OpenBrowser(BeforeTestAfterTest.java:17)
at TestNG.BeforeTestAfterTest.OpenBrowser(BeforeTestAfterTest.java:17)
at TestNG.BeforeTestAfterTest.OpenBrowser(BeforeTestAfterTest.java:17)
at TestNG.BeforeTestAfterTest.OpenBrowser(BeforeTestAfterTest.java:17)
at TestNG.BeforeTestAfterTest.OpenBrowser(BeforeTestAfterTest.java:17)
at TestNG.BeforeTestAfterTest.OpenBrowser(BeforeTestAfterTest.java:17)
at TestNG.BeforeTestAfterTest.OpenBrowser(BeforeTestAfterTest.java:17)
at TestNG.BeforeTestAfterTest.OpenBrowser(BeforeTestAfterTest.java:17)
at TestNG.BeforeTestAfterTest.OpenBrowser(BeforeTestAfterTest.java:17)
at TestNG.BeforeTestAfterTest.OpenBrowser(BeforeTestAfterTest.java:17)
at TestNG.BeforeTestAfterTest.OpenBrowser(BeforeTestAfterTest.java:17)
at TestNG.BeforeTestAfterTest.OpenBrowser(BeforeTestAfterTest.java:17)
at TestNG.BeforeTestAfterTest.OpenBrowser(BeforeTestAfterTest.java:17)
at TestNG.BeforeTestAfterTest.OpenBrowser(BeforeTestAfterTest.java:17)
at TestNG.BeforeTestAfterTest.OpenBrowser(BeforeTestAfterTest.java:17)
at TestNG.BeforeTestAfterTest.OpenBrowser(BeforeTestAfterTest.java:17)
at TestNG.BeforeTestAfterTest.OpenBrowser(BeforeTestAfterTest.java:17)
at TestNG.BeforeTestAfterTest.OpenBrowser(BeforeTestAfterTest.java:17)
at TestNG.BeforeTestAfterTest.OpenBrowser(BeforeTestAfterTest.java:17)
at TestNG.BeforeTestAfterTest.OpenBrowser(BeforeTestAfterTest.java:17)
at TestNG.BeforeTestAfterTest.OpenBrowser(BeforeTestAfterTest.java:17)
at TestNG.BeforeTestAfterTest.OpenBrowser(BeforeTestAfterTest.java:17)
at TestNG.BeforeTestAfterTest.OpenBrowser(BeforeTestAfterTest.java:17)
at TestNG.BeforeTestAfterTest.OpenBrowser(BeforeTestAfterTest.java:17)
at TestNG.BeforeTestAfterTest.OpenBrowser(BeforeTestAfterTest.java:17)
at TestNG.BeforeTestAfterTest.OpenBrowser(BeforeTestAfterTest.java:17)
at TestNG.BeforeTestAfterTest.OpenBrowser(BeforeTestAfterTest.java:17)
at TestNG.BeforeTestAfterTest.OpenBrowser(BeforeTestAfterTest.java:17)
at TestNG.BeforeTestAfterTest.OpenBrowser(BeforeTestAfterTest.java:17)
at TestNG.BeforeTestAfterTest.OpenBrowser(BeforeTestAfterTest.java:17)
at TestNG.BeforeTestAfterTest.OpenBrowser(BeforeTestAfterTest.java:17)
at TestNG.BeforeTestAfterTest.OpenBrowser(BeforeTestAfterTest.java:17)
at TestNG.BeforeTestAfterTest.OpenBrowser(BeforeTestAfterTest.java:17)
at TestNG.BeforeTestAfterTest.OpenBrowser(BeforeTestAfterTest.java:17)
at TestNG.BeforeTestAfterTest.OpenBrowser(BeforeTestAfterTest.java:17)
at TestNG.BeforeTestAfterTest.OpenBrowser(BeforeTestAfterTest.java:17)
at TestNG.BeforeTestAfterTest.OpenBrowser(BeforeTestAfterTest.java:17)
at TestNG.BeforeTestAfterTest.OpenBrowser(BeforeTestAfterTest.java:17)
at TestNG.BeforeTestAfterTest.OpenBrowser(BeforeTestAfterTest.java:17)
at TestNG.BeforeTestAfterTest.OpenBrowser(BeforeTestAfterTest.java:17)
at TestNG.BeforeTestAfterTest.OpenBrowser(BeforeTestAfterTest.java:17)
at TestNG.BeforeTestAfterTest.OpenBrowser(BeforeTestAfterTest.java:17)
at TestNG.BeforeTestAfterTest.OpenBrowser(BeforeTestAfterTest.java:17)
at TestNG.BeforeTestAfterTest.OpenBrowser(BeforeTestAfterTest.java:17)
at TestNG.BeforeTestAfterTest.OpenBrowser(BeforeTestAfterTest.java:17)
at TestNG.BeforeTestAfterTest.OpenBrowser(BeforeTestAfterTest.java:17)
at TestNG.BeforeTestAfterTest.OpenBrowser(BeforeTestAfterTest.java:17)
at TestNG.BeforeTestAfterTest.OpenBrowser(BeforeTestAfterTest.java:17)
at TestNG.BeforeTestAfterTest.OpenBrowser(BeforeTestAfterTest.java:17)
at TestNG.BeforeTestAfterTest.OpenBrowser(BeforeTestAfterTest.java:17)
at TestNG.BeforeTestAfterTest.OpenBrowser(BeforeTestAfterTest.java:17)
at TestNG.BeforeTestAfterTest.OpenBrowser(BeforeTestAfterTest.java:17)
at TestNG.BeforeTestAfterTest.OpenBrowser(BeforeTestAfterTest.java:17)
at TestNG.BeforeTestAfterTest.OpenBrowser(BeforeTestAfterTest.java:17)
at TestNG.BeforeTestAfterTest.OpenBrowser(BeforeTestAfterTest.java:17)
at TestNG.BeforeTestAfterTest.OpenBrowser(BeforeTestAfterTest.java:17)
at TestNG.BeforeTestAfterTest.OpenBrowser(BeforeTestAfterTest.java:17)
at TestNG.BeforeTestAfterTest.OpenBrowser(BeforeTestAfterTest.java:17)
at TestNG.BeforeTestAfterTest.OpenBrowser(BeforeTestAfterTest.java:17)
at TestNG.BeforeTestAfterTest.OpenBrowser(BeforeTestAfterTest.java:17)
at TestNG.BeforeTestAfterTest.OpenBrowser(BeforeTestAfterTest.java:17)
at TestNG.BeforeTestAfterTest.OpenBrowser(BeforeTestAfterTest.java:17)
at TestNG.BeforeTestAfterTest.OpenBrowser(BeforeTestAfterTest.java:17)
at TestNG.BeforeTestAfterTest.OpenBrowser(BeforeTestAfterTest.java:17)
at TestNG.BeforeTestAfterTest.OpenBrowser(BeforeTestAfterTest.java:17)
at TestNG.BeforeTestAfterTest.OpenBrowser(BeforeTestAfterTest.java:17)
at TestNG.BeforeTestAfterTest.OpenBrowser(BeforeTestAfterTest.java:17)
at TestNG.BeforeTestAfterTest.OpenBrowser(BeforeTestAfterTest.java:17)
at TestNG.BeforeTestAfterTest.OpenBrowser(BeforeTestAfterTest.java:17)
at TestNG.BeforeTestAfterTest.OpenBrowser(BeforeTestAfterTest.java:17)
at TestNG.BeforeTestAfterTest.OpenBrowser(BeforeTestAfterTest.java:17)
at TestNG.BeforeTestAfterTest.OpenBrowser(BeforeTestAfterTest.java:17)
at TestNG.BeforeTestAfterTest.OpenBrowser(BeforeTestAfterTest.java:17)
at TestNG.BeforeTestAfterTest.OpenBrowser(BeforeTestAfterTest.java:17)
at TestNG.BeforeTestAfterTest.OpenBrowser(BeforeTestAfterTest.java:17)
at TestNG.BeforeTestAfterTest.OpenBrowser(BeforeTestAfterTest.java:17)
at TestNG.BeforeTestAfterTest.OpenBrowser(BeforeTestAfterTest.java:17)
at TestNG.BeforeTestAfterTest.OpenBrowser(BeforeTestAfterTest.java:17)
at TestNG.BeforeTestAfterTest.OpenBrowser(BeforeTestAfterTest.java:17)
at TestNG.BeforeTestAfterTest.OpenBrowser(BeforeTestAfterTest.java:17)
at TestNG.BeforeTestAfterTest.OpenBrowser(BeforeTestAfterTest.java:17)
at TestNG.BeforeTestAfterTest.OpenBrowser(BeforeTestAfterTest.java:17)
at TestNG.BeforeTestAfterTest.OpenBrowser(BeforeTestAfterTest.java:17)
at TestNG.BeforeTestAfterTest.OpenBrowser(BeforeTestAfterTest.java:17)
at TestNG.BeforeTestAfterTest.OpenBrowser(BeforeTestAfterTest.java:17)
at TestNG.BeforeTestAfterTest.OpenBrowser(BeforeTestAfterTest.java:17)
at TestNG.BeforeTestAfterTest.OpenBrowser(BeforeTestAfterTest.java:17)
at TestNG.BeforeTestAfterTest.OpenBrowser(BeforeTestAfterTest.java:17)
at TestNG.BeforeTestAfterTest.OpenBrowser(BeforeTestAfterTest.java:17)
at TestNG.BeforeTestAfterTest.OpenBrowser(BeforeTestAfterTest.java:17)
at TestNG.BeforeTestAfterTest.OpenBrowser(BeforeTestAfterTest.java:17)
at TestNG.BeforeTestAfterTest.OpenBrowser(BeforeTestAfterTest.java:17)
at TestNG.BeforeTestAfterTest.OpenBrowser(BeforeTestAfterTest.java:17)
at TestNG.BeforeTestAfterTest.OpenBrowser(BeforeTestAfterTest.java:17)
at TestNG.BeforeTestAfterTest.OpenBrowser(BeforeTestAfterTest.java:17)
at TestNG.BeforeTestAfterTest.OpenBrowser(BeforeTestAfterTest.java:17)
at TestNG.BeforeTestAfterTest.OpenBrowser(BeforeTestAfterTest.java:17)
at TestNG.BeforeTestAfterTest.OpenBrowser(BeforeTestAfterTest.java:17)
at TestNG.BeforeTestAfterTest.OpenBrowser(BeforeTestAfterTest.java:17)
at TestNG.BeforeTestAfterTest.OpenBrowser(BeforeTestAfterTest.java:17)
at TestNG.BeforeTestAfterTest.OpenBrowser(BeforeTestAfterTest.java:17)
at TestNG.BeforeTestAfterTest.OpenBrowser(BeforeTestAfterTest.java:17)
at TestNG.BeforeTestAfterTest.OpenBrowser(BeforeTestAfterTest.java:17)
at TestNG.BeforeTestAfterTest.OpenBrowser(BeforeTestAfterTest.java:17)
at TestNG.BeforeTestAfterTest.OpenBrowser(BeforeTestAfterTest.java:17)
at TestNG.BeforeTestAfterTest.OpenBrowser(BeforeTestAfterTest.java:17)
at TestNG.BeforeTestAfterTest.OpenBrowser(BeforeTestAfterTest.java:17)
at TestNG.BeforeTestAfterTest.OpenBrowser(BeforeTestAfterTest.java:17)
at TestNG.BeforeTestAfterTest.OpenBrowser(BeforeTestAfterTest.java:17)
at TestNG.BeforeTestAfterTest.OpenBrowser(BeforeTestAfterTest.java:17)
at TestNG.BeforeTestAfterTest.OpenBrowser(BeforeTestAfterTest.java:17)
at TestNG.BeforeTestAfterTest.OpenBrowser(BeforeTestAfterTest.java:17)
at TestNG.BeforeTestAfterTest.OpenBrowser(BeforeTestAfterTest.java:17)
at TestNG.BeforeTestAfterTest.OpenBrowser(BeforeTestAfterTest.java:17)
at TestNG.BeforeTestAfterTest.OpenBrowser(BeforeTestAfterTest.java:17)
at TestNG.BeforeTestAfterTest.OpenBrowser(BeforeTestAfterTest.java:17)
at TestNG.BeforeTestAfterTest.OpenBrowser(BeforeTestAfterTest.java:17)
at TestNG.BeforeTestAfterTest.OpenBrowser(BeforeTestAfterTest.java:17)
at TestNG.BeforeTestAfterTest.OpenBrowser(BeforeTestAfterTest.java:17)
at TestNG.BeforeTestAfterTest.OpenBrowser(BeforeTestAfterTest.java:17)
at TestNG.BeforeTestAfterTest.OpenBrowser(BeforeTestAfterTest.java:17)
at TestNG.BeforeTestAfterTest.OpenBrowser(BeforeTestAfterTest.java:17)
at TestNG.BeforeTestAfterTest.OpenBrowser(BeforeTestAfterTest.java:17)
at TestNG.BeforeTestAfterTest.OpenBrowser(BeforeTestAfterTest.java:17)
at TestNG.BeforeTestAfterTest.OpenBrowser(BeforeTestAfterTest.java:17)
at TestNG.BeforeTestAfterTest.OpenBrowser(BeforeTestAfterTest.java:17)
at TestNG.BeforeTestAfterTest.OpenBrowser(BeforeTestAfterTest.java:17)
at TestNG.BeforeTestAfterTest.OpenBrowser(BeforeTestAfterTest.java:17)
at TestNG.BeforeTestAfterTest.OpenBrowser(BeforeTestAfterTest.java:17)
at TestNG.BeforeTestAfterTest.OpenBrowser(BeforeTestAfterTest.java:17)
at TestNG.BeforeTestAfterTest.OpenBrowser(BeforeTestAfterTest.java:17)
at TestNG.BeforeTestAfterTest.OpenBrowser(BeforeTestAfterTest.java:17)
at TestNG.BeforeTestAfterTest.OpenBrowser(BeforeTestAfterTest.java:17)
at TestNG.BeforeTestAfterTest.OpenBrowser(BeforeTestAfterTest.java:17)
at TestNG.BeforeTestAfterTest.OpenBrowser(BeforeTestAfterTest.java:17)
at TestNG.BeforeTestAfterTest.OpenBrowser(BeforeTestAfterTest.java:17)
at TestNG.BeforeTestAfterTest.OpenBrowser(BeforeTestAfterTest.java:17)
at TestNG.BeforeTestAfterTest.OpenBrowser(BeforeTestAfterTest.java:17)
at TestNG.BeforeTestAfterTest.OpenBrowser(BeforeTestAfterTest.java:17)
at TestNG.BeforeTestAfterTest.OpenBrowser(BeforeTestAfterTest.java:17)
at TestNG.BeforeTestAfterTest.OpenBrowser(BeforeTestAfterTest.java:17)
at TestNG.BeforeTestAfterTest.OpenBrowser(BeforeTestAfterTest.java:17)
at TestNG.BeforeTestAfterTest.OpenBrowser(BeforeTestAfterTest.java:17)
at TestNG.BeforeTestAfterTest.OpenBrowser(BeforeTestAfterTest.java:17)
at TestNG.BeforeTestAfterTest.OpenBrowser(BeforeTestAfterTest.java:17)
at TestNG.BeforeTestAfterTest.OpenBrowser(BeforeTestAfterTest.java:17)
at TestNG.BeforeTestAfterTest.OpenBrowser(BeforeTestAfterTest.java:17)
at TestNG.BeforeTestAfterTest.OpenBrowser(BeforeTestAfterTest.java:17)
at TestNG.BeforeTestAfterTest.OpenBrowser(BeforeTestAfterTest.java:17)
at TestNG.BeforeTestAfterTest.OpenBrowser(BeforeTestAfterTest.java:17)
at TestNG.BeforeTestAfterTest.OpenBrowser(BeforeTestAfterTest.java:17)
at TestNG.BeforeTestAfterTest.OpenBrowser(BeforeTestAfterTest.java:17)
at TestNG.BeforeTestAfterTest.OpenBrowser(BeforeTestAfterTest.java:17)
at TestNG.BeforeTestAfterTest.OpenBrowser(BeforeTestAfterTest.java:17)
at TestNG.BeforeTestAfterTest.OpenBrowser(BeforeTestAfterTest.java:17)
at TestNG.BeforeTestAfterTest.OpenBrowser(BeforeTestAfterTest.java:17)
at TestNG.BeforeTestAfterTest.OpenBrowser(BeforeTestAfterTest.java:17)
at TestNG.BeforeTestAfterTest.OpenBrowser(BeforeTestAfterTest.java:17)
at TestNG.BeforeTestAfterTest.OpenBrowser(BeforeTestAfterTest.java:17)
at TestNG.BeforeTestAfterTest.OpenBrowser(BeforeTestAfterTest.java:17)
at TestNG.BeforeTestAfterTest.OpenBrowser(BeforeTestAfterTest.java:17)
at TestNG.BeforeTestAfterTest.OpenBrowser(BeforeTestAfterTest.java:17)
at TestNG.BeforeTestAfterTest.OpenBrowser(BeforeTestAfterTest.java:17)
at TestNG.BeforeTestAfterTest.OpenBrowser(BeforeTestAfterTest.java:17)
at TestNG.BeforeTestAfterTest.OpenBrowser(BeforeTestAfterTest.java:17)
at TestNG.BeforeTestAfterTest.OpenBrowser(BeforeTestAfterTest.java:17)
at TestNG.BeforeTestAfterTest.OpenBrowser(BeforeTestAfterTest.java:17)
at TestNG.BeforeTestAfterTest.OpenBrowser(BeforeTestAfterTest.java:17)
at TestNG.BeforeTestAfterTest.OpenBrowser(BeforeTestAfterTest.java:17)
at TestNG.BeforeTestAfterTest.OpenBrowser(BeforeTestAfterTest.java:17)
at TestNG.BeforeTestAfterTest.OpenBrowser(BeforeTestAfterTest.java:17)
at TestNG.BeforeTestAfterTest.OpenBrowser(BeforeTestAfterTest.java:17)
at TestNG.BeforeTestAfterTest.OpenBrowser(BeforeTestAfterTest.java:17)
at TestNG.BeforeTestAfterTest.OpenBrowser(BeforeTestAfterTest.java:17)
at TestNG.BeforeTestAfterTest.OpenBrowser(BeforeTestAfterTest.java:17)
at TestNG.BeforeTestAfterTest.OpenBrowser(BeforeTestAfterTest.java:17)
at TestNG.BeforeTestAfterTest.OpenBrowser(BeforeTestAfterTest.java:17)
at TestNG.BeforeTestAfterTest.OpenBrowser(BeforeTestAfterTest.java:17)
at TestNG.BeforeTestAfterTest.OpenBrowser(BeforeTestAfterTest.java:17)
at TestNG.BeforeTestAfterTest.OpenBrowser(BeforeTestAfterTest.java:17)
at TestNG.BeforeTestAfterTest.OpenBrowser(BeforeTestAfterTest.java:17)
at TestNG.BeforeTestAfterTest.OpenBrowser(BeforeTestAfterTest.java:17)
at TestNG.BeforeTestAfterTest.OpenBrowser(BeforeTestAfterTest.java:17)
at TestNG.BeforeTestAfterTest.OpenBrowser(BeforeTestAfterTest.java:17)
at TestNG.BeforeTestAfterTest.OpenBrowser(BeforeTestAfterTest.java:17)
at TestNG.BeforeTestAfterTest.OpenBrowser(BeforeTestAfterTest.java:17)
at TestNG.BeforeTestAfterTest.OpenBrowser(BeforeTestAfterTest.java:17)
at TestNG.BeforeTestAfterTest.OpenBrowser(BeforeTestAfterTest.java:17)
at TestNG.BeforeTestAfterTest.OpenBrowser(BeforeTestAfterTest.java:17)
at TestNG.BeforeTestAfterTest.OpenBrowser(BeforeTestAfterTest.java:17)
at TestNG.BeforeTestAfterTest.OpenBrowser(BeforeTestAfterTest.java:17)
at TestNG.BeforeTestAfterTest.OpenBrowser(BeforeTestAfterTest.java:17)
at TestNG.BeforeTestAfterTest.OpenBrowser(BeforeTestAfterTest.java:17)
at TestNG.BeforeTestAfterTest.OpenBrowser(BeforeTestAfterTest.java:17)
at TestNG.BeforeTestAfterTest.OpenBrowser(BeforeTestAfterTest.java:17)
at TestNG.BeforeTestAfterTest.OpenBrowser(BeforeTestAfterTest.java:17)
at TestNG.BeforeTestAfterTest.OpenBrowser(BeforeTestAfterTest.java:17)
at TestNG.BeforeTestAfterTest.OpenBrowser(BeforeTestAfterTest.java:17)
at TestNG.BeforeTestAfterTest.OpenBrowser(BeforeTestAfterTest.java:17)
at TestNG.BeforeTestAfterTest.OpenBrowser(BeforeTestAfterTest.java:17)
at TestNG.BeforeTestAfterTest.OpenBrowser(BeforeTestAfterTest.java:17)
at TestNG.BeforeTestAfterTest.OpenBrowser(BeforeTestAfterTest.java:17)
at TestNG.BeforeTestAfterTest.OpenBrowser(BeforeTestAfterTest.java:17)
at TestNG.BeforeTestAfterTest.OpenBrowser(BeforeTestAfterTest.java:17)
at TestNG.BeforeTestAfterTest.OpenBrowser(BeforeTestAfterTest.java:17)
at TestNG.BeforeTestAfterTest.OpenBrowser(BeforeTestAfterTest.java:17)
at TestNG.BeforeTestAfterTest.OpenBrowser(BeforeTestAfterTest.java:17)
at TestNG.BeforeTestAfterTest.OpenBrowser(BeforeTestAfterTest.java:17)
at TestNG.BeforeTestAfterTest.OpenBrowser(BeforeTestAfterTest.java:17)
at TestNG.BeforeTestAfterTest.OpenBrowser(BeforeTestAfterTest.java:17)
at TestNG.BeforeTestAfterTest.OpenBrowser(BeforeTestAfterTest.java:17)
at TestNG.BeforeTestAfterTest.OpenBrowser(BeforeTestAfterTest.java:17)
at TestNG.BeforeTestAfterTest.OpenBrowser(BeforeTestAfterTest.java:17)
at TestNG.BeforeTestAfterTest.OpenBrowser(BeforeTestAfterTest.java:17)
at TestNG.BeforeTestAfterTest.OpenBrowser(BeforeTestAfterTest.java:17)
at TestNG.BeforeTestAfterTest.OpenBrowser(BeforeTestAfterTest.java:17)
at TestNG.BeforeTestAfterTest.OpenBrowser(BeforeTestAfterTest.java:17)
at TestNG.BeforeTestAfterTest.OpenBrowser(BeforeTestAfterTest.java:17)
at TestNG.BeforeTestAfterTest.OpenBrowser(BeforeTestAfterTest.java:17)
at TestNG.BeforeTestAfterTest.OpenBrowser(BeforeTestAfterTest.java:17)
at TestNG.BeforeTestAfterTest.OpenBrowser(BeforeTestAfterTest.java:17)
at TestNG.BeforeTestAfterTest.OpenBrowser(BeforeTestAfterTest.java:17)
at TestNG.BeforeTestAfterTest.OpenBrowser(BeforeTestAfterTest.java:17)
at TestNG.BeforeTestAfterTest.OpenBrowser(BeforeTestAfterTest.java:17)
at TestNG.BeforeTestAfterTest.OpenBrowser(BeforeTestAfterTest.java:17)
at TestNG.BeforeTestAfterTest.OpenBrowser(BeforeTestAfterTest.java:17)
at TestNG.BeforeTestAfterTest.OpenBrowser(BeforeTestAfterTest.java:17)
at TestNG.BeforeTestAfterTest.OpenBrowser(BeforeTestAfterTest.java:17)
at TestNG.BeforeTestAfterTest.OpenBrowser(BeforeTestAfterTest.java:17)
at TestNG.BeforeTestAfterTest.OpenBrowser(BeforeTestAfterTest.java:17)
at TestNG.BeforeTestAfterTest.OpenBrowser(BeforeTestAfterTest.java:17)
at TestNG.BeforeTestAfterTest.OpenBrowser(BeforeTestAfterTest.java:17)
at TestNG.BeforeTestAfterTest.OpenBrowser(BeforeTestAfterTest.java:17)
at TestNG.BeforeTestAfterTest.OpenBrowser(BeforeTestAfterTest.java:17)
at TestNG.BeforeTestAfterTest.OpenBrowser(BeforeTestAfterTest.java:17)
at TestNG.BeforeTestAfterTest.OpenBrowser(BeforeTestAfterTest.java:17)
at TestNG.BeforeTestAfterTest.OpenBrowser(BeforeTestAfterTest.java:17)
at TestNG.BeforeTestAfterTest.OpenBrowser(BeforeTestAfterTest.java:17)
at TestNG.BeforeTestAfterTest.OpenBrowser(BeforeTestAfterTest.java:17)
at TestNG.BeforeTestAfterTest.OpenBrowser(BeforeTestAfterTest.java:17)
at TestNG.BeforeTestAfterTest.OpenBrowser(BeforeTestAfterTest.java:17)
at TestNG.BeforeTestAfterTest.OpenBrowser(BeforeTestAfterTest.java:17)
at TestNG.BeforeTestAfterTest.OpenBrowser(BeforeTestAfterTest.java:17)
at TestNG.BeforeTestAfterTest.OpenBrowser(BeforeTestAfterTest.java:17)
at TestNG.BeforeTestAfterTest.OpenBrowser(BeforeTestAfterTest.java:17)
at TestNG.BeforeTestAfterTest.OpenBrowser(BeforeTestAfterTest.java:17)
at TestNG.BeforeTestAfterTest.OpenBrowser(BeforeTestAfterTest.java:17)
at TestNG.BeforeTestAfterTest.OpenBrowser(BeforeTestAfterTest.java:17)
at TestNG.BeforeTestAfterTest.OpenBrowser(BeforeTestAfterTest.java:17)
at TestNG.BeforeTestAfterTest.OpenBrowser(BeforeTestAfterTest.java:17)
at TestNG.BeforeTestAfterTest.OpenBrowser(BeforeTestAfterTest.java:17)
at TestNG.BeforeTestAfterTest.OpenBrowser(BeforeTestAfterTest.java:17)
at TestNG.BeforeTestAfterTest.OpenBrowser(BeforeTestAfterTest.java:17)
at TestNG.BeforeTestAfterTest.OpenBrowser(BeforeTestAfterTest.java:17)
at TestNG.BeforeTestAfterTest.OpenBrowser(BeforeTestAfterTest.java:17)
at TestNG.BeforeTestAfterTest.OpenBrowser(BeforeTestAfterTest.java:17)
at TestNG.BeforeTestAfterTest.OpenBrowser(BeforeTestAfterTest.java:17)
at TestNG.BeforeTestAfterTest.OpenBrowser(BeforeTestAfterTest.java:17)
at TestNG.BeforeTestAfterTest.OpenBrowser(BeforeTestAfterTest.java:17)
at TestNG.BeforeTestAfterTest.OpenBrowser(BeforeTestAfterTest.java:17)
at TestNG.BeforeTestAfterTest.OpenBrowser(BeforeTestAfterTest.java:17)
at TestNG.BeforeTestAfterTest.OpenBrowser(BeforeTestAfterTest.java:17)
at TestNG.BeforeTestAfterTest.OpenBrowser(BeforeTestAfterTest.java:17)
]]>
    </failure>
  </testcase> <!-- @BeforeTest OpenBrowser -->
  <testcase name="@AfterTest CloseBrowser" time="0.0" classname="TestNG.BeforeTestAfterTest">
    <skipped/>
  </testcase> <!-- @AfterTest CloseBrowser -->
  <testcase name="NvigateToURL" time="0.0" classname="TestNG.BeforeTestAfterTest">
    <skipped/>
  </testcase> <!-- NvigateToURL -->
  <testcase name="VerifyGenderRadioButtonDisplayingOrNot" time="0.0" classname="TestNG.BeforeTestAfterTest">
    <skipped/>
  </testcase> <!-- VerifyGenderRadioButtonDisplayingOrNot -->
</testsuite> <!-- Internet Test -->
